--------------- Build Started: 03/21/2016 09:28:48 Project: ADXL345_recepteur, Configuration: ARM GCC 4.9-2015-q1-update Debug ---------------
cydsfit.exe -.appdatapath "C:\Users\Dylan\AppData\Local\Cypress Semiconductor\PSoC Creator\3.3" -.fdsnotice -.fdswarpdepfile=warp_dependencies.txt -.fdselabdepfile=elab_dependencies.txt -.fdsbldfile=generated_files.txt -p "C:\Users\Dylan\Desktop\PSoC Bon\ADXL345\ADXL345_recepteur\ADXL345_recepteur.cydsn\ADXL345_recepteur.cyprj" -d CY8C4125AXI-483 -s "C:\Users\Dylan\Desktop\PSoC Bon\ADXL345\ADXL345_recepteur\ADXL345_recepteur.cydsn\Generated_Source\PSoC4" -- -yv2 -q10 -ygs -o2 -v3 -.fftcfgtype=LE
Elaborating Design...
HDL Generation ...
Synthesis ...
Place and Route ...
Tech mapping ...
Analog Placement ...
Analog Routing ...
Analog Code Generation ...
Digital Placement ...
Digital Routing ...
Bitstream Generation ...
Static timing analysis ...
API Generation ...
Dependency Generation ...
Clean Temporary Files ...
arm-none-eabi-gcc.exe -mcpu=cortex-m0 -mthumb -Wno-main -I. -IGenerated_Source\PSoC4 -Wa,-alh=.\CortexM0\ARM_GCC_493\Debug/main.lst -g -D DEBUG -Wall -ffunction-sections -Og -ffat-lto-objects -c .\main.c -o .\CortexM0\ARM_GCC_493\Debug\main.o
arm-none-eabi-gcc.exe -mcpu=cortex-m0 -mthumb -Wno-main -I. -IGenerated_Source\PSoC4 -Wa,-alh=.\CortexM0\ARM_GCC_493\Debug/fonction.lst -g -D DEBUG -Wall -ffunction-sections -Og -ffat-lto-objects -c .\fonction.c -o .\CortexM0\ARM_GCC_493\Debug\fonction.o
arm-none-eabi-ar.exe -rs .\CortexM0\ARM_GCC_493\Debug\ADXL345_recepteur.a .\CortexM0\ARM_GCC_493\Debug\cyfitter_cfg.o .\CortexM0\ARM_GCC_493\Debug\PC.o .\CortexM0\ARM_GCC_493\Debug\PC_SPI_UART.o .\CortexM0\ARM_GCC_493\Debug\PC_SPI_UART_INT.o .\CortexM0\ARM_GCC_493\Debug\PC_PM.o .\CortexM0\ARM_GCC_493\Debug\PC_UART.o .\CortexM0\ARM_GCC_493\Debug\PC_BOOT.o .\CortexM0\ARM_GCC_493\Debug\PC_UART_BOOT.o .\CortexM0\ARM_GCC_493\Debug\XBee.o .\CortexM0\ARM_GCC_493\Debug\XBee_SPI_UART.o .\CortexM0\ARM_GCC_493\Debug\XBee_SPI_UART_INT.o .\CortexM0\ARM_GCC_493\Debug\XBee_PM.o .\CortexM0\ARM_GCC_493\Debug\XBee_UART.o .\CortexM0\ARM_GCC_493\Debug\XBee_BOOT.o .\CortexM0\ARM_GCC_493\Debug\XBee_UART_BOOT.o .\CortexM0\ARM_GCC_493\Debug\PC_SCBCLK.o .\CortexM0\ARM_GCC_493\Debug\PC_tx.o .\CortexM0\ARM_GCC_493\Debug\PC_rx.o .\CortexM0\ARM_GCC_493\Debug\XBee_SCBCLK.o .\CortexM0\ARM_GCC_493\Debug\XBee_tx.o .\CortexM0\ARM_GCC_493\Debug\XBee_rx.o .\CortexM0\ARM_GCC_493\Debug\CyBootAsmGnu.o .\CortexM0\ARM_GCC_493\Debug\CyFlash.o .\CortexM0\ARM_GCC_493\Debug\CyLib.o .\CortexM0\ARM_GCC_493\Debug\cyPm.o .\CortexM0\ARM_GCC_493\Debug\cyutils.o .\CortexM0\ARM_GCC_493\Debug\CyLFClk.o
arm-none-eabi-ar.exe: creating .\CortexM0\ARM_GCC_493\Debug\ADXL345_recepteur.a
arm-none-eabi-gcc.exe -Wl,--start-group -o .\CortexM0\ARM_GCC_493\Debug\ADXL345_recepteur.elf .\CortexM0\ARM_GCC_493\Debug\main.o .\CortexM0\ARM_GCC_493\Debug\fonction.o .\CortexM0\ARM_GCC_493\Debug\cymetadata.o .\CortexM0\ARM_GCC_493\Debug\Cm0Start.o .\CortexM0\ARM_GCC_493\Debug\ADXL345_recepteur.a "C:\Program Files (x86)\Cypress\PSoC Creator\3.3\PSoC Creator\psoc\content\cycomponentlibrary\CyComponentLibrary.cylib\CortexM0\ARM_GCC_493\Debug\CyComponentLibrary.a" -mcpu=cortex-m0 -mthumb -g -ffunction-sections -Og -L Generated_Source\PSoC4 -Wl,-Map,.\CortexM0\ARM_GCC_493\Debug/ADXL345_recepteur.map -T Generated_Source\PSoC4\cm0gcc.ld -specs=nano.specs -Wl,--gc-sections -Wl,--end-group
cyelftool.exe -C "C:\Users\Dylan\Desktop\PSoC Bon\ADXL345\ADXL345_recepteur\ADXL345_recepteur.cydsn\CortexM0\ARM_GCC_493\Debug\ADXL345_recepteur.elf" --flash_row_size 128 --flash_size 32768
cyelftool.exe -S "C:\Users\Dylan\Desktop\PSoC Bon\ADXL345\ADXL345_recepteur\ADXL345_recepteur.cydsn\CortexM0\ARM_GCC_493\Debug\ADXL345_recepteur.elf"
Flash used: 5376 of 32768 bytes (16,4 %).
SRAM used: 2956 of 4096 bytes (72,2 %). Stack: 2048 bytes. Heap: 512 bytes.
--------------- Build Succeeded: 03/21/2016 09:28:58 ---------------
