ARM GAS  C:\Users\Dylan\AppData\Local\Temp\cc3i6W2g.s 			page 1


   1              		.cpu cortex-m0
   2              		.fpu softvfp
   3              		.eabi_attribute 20, 1
   4              		.eabi_attribute 21, 1
   5              		.eabi_attribute 23, 3
   6              		.eabi_attribute 24, 1
   7              		.eabi_attribute 25, 1
   8              		.eabi_attribute 26, 1
   9              		.eabi_attribute 30, 1
  10              		.eabi_attribute 34, 0
  11              		.eabi_attribute 18, 4
  12              		.code	16
  13              		.file	"cyfitter_cfg.c"
  14              		.text
  15              	.Ltext0:
  16              		.cfi_sections	.debug_frame
  17              		.section	.text.CYMEMZERO,"ax",%progbits
  18              		.align	2
  19              		.code	16
  20              		.thumb_func
  21              		.type	CYMEMZERO, %function
  22              	CYMEMZERO:
  23              	.LFB0:
  24              		.file 1 ".\\Generated_Source\\PSoC4\\cyfitter_cfg.c"
   1:.\Generated_Source\PSoC4/cyfitter_cfg.c **** /*******************************************************************************
   2:.\Generated_Source\PSoC4/cyfitter_cfg.c **** * File Name: cyfitter_cfg.c
   3:.\Generated_Source\PSoC4/cyfitter_cfg.c **** * 
   4:.\Generated_Source\PSoC4/cyfitter_cfg.c **** * PSoC Creator  3.3 SP1
   5:.\Generated_Source\PSoC4/cyfitter_cfg.c **** *
   6:.\Generated_Source\PSoC4/cyfitter_cfg.c **** * Description:
   7:.\Generated_Source\PSoC4/cyfitter_cfg.c **** * This file contains device initialization code.
   8:.\Generated_Source\PSoC4/cyfitter_cfg.c **** * Except for the user defined sections in CyClockStartupError(), this file should not be modified.
   9:.\Generated_Source\PSoC4/cyfitter_cfg.c **** * This file is automatically generated by PSoC Creator.
  10:.\Generated_Source\PSoC4/cyfitter_cfg.c **** *
  11:.\Generated_Source\PSoC4/cyfitter_cfg.c **** ********************************************************************************
  12:.\Generated_Source\PSoC4/cyfitter_cfg.c **** * Copyright (c) 2007-2015 Cypress Semiconductor.  All rights reserved.
  13:.\Generated_Source\PSoC4/cyfitter_cfg.c **** * You may use this file only in accordance with the license, terms, conditions, 
  14:.\Generated_Source\PSoC4/cyfitter_cfg.c **** * disclaimers, and limitations in the end user license agreement accompanying 
  15:.\Generated_Source\PSoC4/cyfitter_cfg.c **** * the software package with which this file was provided.
  16:.\Generated_Source\PSoC4/cyfitter_cfg.c **** ********************************************************************************/
  17:.\Generated_Source\PSoC4/cyfitter_cfg.c **** 
  18:.\Generated_Source\PSoC4/cyfitter_cfg.c **** #include <string.h>
  19:.\Generated_Source\PSoC4/cyfitter_cfg.c **** #include "cytypes.h"
  20:.\Generated_Source\PSoC4/cyfitter_cfg.c **** #include "cydevice_trm.h"
  21:.\Generated_Source\PSoC4/cyfitter_cfg.c **** #include "cyfitter.h"
  22:.\Generated_Source\PSoC4/cyfitter_cfg.c **** #include "CyLib.h"
  23:.\Generated_Source\PSoC4/cyfitter_cfg.c **** #include "CyLFClk.h"
  24:.\Generated_Source\PSoC4/cyfitter_cfg.c **** #include "cyfitter_cfg.h"
  25:.\Generated_Source\PSoC4/cyfitter_cfg.c **** 
  26:.\Generated_Source\PSoC4/cyfitter_cfg.c **** 
  27:.\Generated_Source\PSoC4/cyfitter_cfg.c **** #if defined(__GNUC__) || defined(__ARMCC_VERSION)
  28:.\Generated_Source\PSoC4/cyfitter_cfg.c ****     #define CYPACKED 
  29:.\Generated_Source\PSoC4/cyfitter_cfg.c ****     #define CYPACKED_ATTR __attribute__ ((packed))
  30:.\Generated_Source\PSoC4/cyfitter_cfg.c ****     #define CYALIGNED __attribute__ ((aligned))
  31:.\Generated_Source\PSoC4/cyfitter_cfg.c ****     #define CY_CFG_UNUSED __attribute__ ((unused))
  32:.\Generated_Source\PSoC4/cyfitter_cfg.c ****     #ifndef CY_CFG_SECTION
  33:.\Generated_Source\PSoC4/cyfitter_cfg.c ****         #define CY_CFG_SECTION __attribute__ ((section(".psocinit")))
ARM GAS  C:\Users\Dylan\AppData\Local\Temp\cc3i6W2g.s 			page 2


  34:.\Generated_Source\PSoC4/cyfitter_cfg.c ****     #endif
  35:.\Generated_Source\PSoC4/cyfitter_cfg.c ****     
  36:.\Generated_Source\PSoC4/cyfitter_cfg.c ****     #if defined(__ARMCC_VERSION)
  37:.\Generated_Source\PSoC4/cyfitter_cfg.c ****         #define CY_CFG_MEMORY_BARRIER() __memory_changed()
  38:.\Generated_Source\PSoC4/cyfitter_cfg.c ****     #else
  39:.\Generated_Source\PSoC4/cyfitter_cfg.c ****         #define CY_CFG_MEMORY_BARRIER() __sync_synchronize()
  40:.\Generated_Source\PSoC4/cyfitter_cfg.c ****     #endif
  41:.\Generated_Source\PSoC4/cyfitter_cfg.c ****     
  42:.\Generated_Source\PSoC4/cyfitter_cfg.c **** #elif defined(__ICCARM__)
  43:.\Generated_Source\PSoC4/cyfitter_cfg.c ****     #include <intrinsics.h>
  44:.\Generated_Source\PSoC4/cyfitter_cfg.c **** 
  45:.\Generated_Source\PSoC4/cyfitter_cfg.c ****     #define CYPACKED __packed
  46:.\Generated_Source\PSoC4/cyfitter_cfg.c ****     #define CYPACKED_ATTR 
  47:.\Generated_Source\PSoC4/cyfitter_cfg.c ****     #define CYALIGNED _Pragma("data_alignment=4")
  48:.\Generated_Source\PSoC4/cyfitter_cfg.c ****     #define CY_CFG_UNUSED _Pragma("diag_suppress=Pe177")
  49:.\Generated_Source\PSoC4/cyfitter_cfg.c ****     #define CY_CFG_SECTION _Pragma("location=\".psocinit\"")
  50:.\Generated_Source\PSoC4/cyfitter_cfg.c ****     
  51:.\Generated_Source\PSoC4/cyfitter_cfg.c ****     #define CY_CFG_MEMORY_BARRIER() __DMB()
  52:.\Generated_Source\PSoC4/cyfitter_cfg.c ****     
  53:.\Generated_Source\PSoC4/cyfitter_cfg.c **** #else
  54:.\Generated_Source\PSoC4/cyfitter_cfg.c ****     #error Unsupported toolchain
  55:.\Generated_Source\PSoC4/cyfitter_cfg.c **** #endif
  56:.\Generated_Source\PSoC4/cyfitter_cfg.c **** 
  57:.\Generated_Source\PSoC4/cyfitter_cfg.c **** 
  58:.\Generated_Source\PSoC4/cyfitter_cfg.c **** CY_CFG_UNUSED
  59:.\Generated_Source\PSoC4/cyfitter_cfg.c **** static void CYMEMZERO(void *s, size_t n);
  60:.\Generated_Source\PSoC4/cyfitter_cfg.c **** CY_CFG_UNUSED
  61:.\Generated_Source\PSoC4/cyfitter_cfg.c **** static void CYMEMZERO(void *s, size_t n)
  62:.\Generated_Source\PSoC4/cyfitter_cfg.c **** {
  25              		.loc 1 62 0
  26              		.cfi_startproc
  27              	.LVL0:
  28 0000 08B5     		push	{r3, lr}
  29              		.cfi_def_cfa_offset 8
  30              		.cfi_offset 3, -8
  31              		.cfi_offset 14, -4
  32 0002 0A1C     		mov	r2, r1
  63:.\Generated_Source\PSoC4/cyfitter_cfg.c **** 	(void)memset(s, 0, n);
  33              		.loc 1 63 0
  34 0004 0021     		mov	r1, #0
  35              	.LVL1:
  36 0006 FFF7FEFF 		bl	memset
  37              	.LVL2:
  64:.\Generated_Source\PSoC4/cyfitter_cfg.c **** }
  38              		.loc 1 64 0
  39              		@ sp needed
  40 000a 08BD     		pop	{r3, pc}
  41              		.cfi_endproc
  42              	.LFE0:
  43              		.size	CYMEMZERO, .-CYMEMZERO
  44              		.section	.psocinit,"ax",%progbits
  45              		.align	2
  46              		.code	16
  47              		.thumb_func
  48              		.type	ClockSetup, %function
  49              	ClockSetup:
  50              	.LFB3:
ARM GAS  C:\Users\Dylan\AppData\Local\Temp\cc3i6W2g.s 			page 3


  65:.\Generated_Source\PSoC4/cyfitter_cfg.c **** CY_CFG_UNUSED
  66:.\Generated_Source\PSoC4/cyfitter_cfg.c **** static void CYCONFIGCPY(void *dest, const void *src, size_t n);
  67:.\Generated_Source\PSoC4/cyfitter_cfg.c **** CY_CFG_UNUSED
  68:.\Generated_Source\PSoC4/cyfitter_cfg.c **** static void CYCONFIGCPY(void *dest, const void *src, size_t n)
  69:.\Generated_Source\PSoC4/cyfitter_cfg.c **** {
  70:.\Generated_Source\PSoC4/cyfitter_cfg.c **** 	(void)memcpy(dest, src, n);
  71:.\Generated_Source\PSoC4/cyfitter_cfg.c **** }
  72:.\Generated_Source\PSoC4/cyfitter_cfg.c **** CY_CFG_UNUSED
  73:.\Generated_Source\PSoC4/cyfitter_cfg.c **** static void CYCONFIGCPYCODE(void *dest, const void *src, size_t n);
  74:.\Generated_Source\PSoC4/cyfitter_cfg.c **** CY_CFG_UNUSED
  75:.\Generated_Source\PSoC4/cyfitter_cfg.c **** static void CYCONFIGCPYCODE(void *dest, const void *src, size_t n)
  76:.\Generated_Source\PSoC4/cyfitter_cfg.c **** {
  77:.\Generated_Source\PSoC4/cyfitter_cfg.c **** 	(void)memcpy(dest, src, n);
  78:.\Generated_Source\PSoC4/cyfitter_cfg.c **** }
  79:.\Generated_Source\PSoC4/cyfitter_cfg.c **** 
  80:.\Generated_Source\PSoC4/cyfitter_cfg.c **** 
  81:.\Generated_Source\PSoC4/cyfitter_cfg.c **** 
  82:.\Generated_Source\PSoC4/cyfitter_cfg.c **** /* Clock startup error codes                                                   */
  83:.\Generated_Source\PSoC4/cyfitter_cfg.c **** #define CYCLOCKSTART_NO_ERROR    0u
  84:.\Generated_Source\PSoC4/cyfitter_cfg.c **** #define CYCLOCKSTART_XTAL_ERROR  1u
  85:.\Generated_Source\PSoC4/cyfitter_cfg.c **** #define CYCLOCKSTART_32KHZ_ERROR 2u
  86:.\Generated_Source\PSoC4/cyfitter_cfg.c **** #define CYCLOCKSTART_PLL_ERROR   3u
  87:.\Generated_Source\PSoC4/cyfitter_cfg.c **** 
  88:.\Generated_Source\PSoC4/cyfitter_cfg.c **** #ifdef CY_NEED_CYCLOCKSTARTUPERROR
  89:.\Generated_Source\PSoC4/cyfitter_cfg.c **** /*******************************************************************************
  90:.\Generated_Source\PSoC4/cyfitter_cfg.c **** * Function Name: CyClockStartupError
  91:.\Generated_Source\PSoC4/cyfitter_cfg.c **** ********************************************************************************
  92:.\Generated_Source\PSoC4/cyfitter_cfg.c **** * Summary:
  93:.\Generated_Source\PSoC4/cyfitter_cfg.c **** *  If an error is encountered during clock configuration (crystal startup error,
  94:.\Generated_Source\PSoC4/cyfitter_cfg.c **** *  PLL lock error, etc.), the system will end up here.  Unless reimplemented by
  95:.\Generated_Source\PSoC4/cyfitter_cfg.c **** *  the customer, this function will stop in an infinite loop.
  96:.\Generated_Source\PSoC4/cyfitter_cfg.c **** *
  97:.\Generated_Source\PSoC4/cyfitter_cfg.c **** * Parameters:
  98:.\Generated_Source\PSoC4/cyfitter_cfg.c **** *   void
  99:.\Generated_Source\PSoC4/cyfitter_cfg.c **** *
 100:.\Generated_Source\PSoC4/cyfitter_cfg.c **** * Return:
 101:.\Generated_Source\PSoC4/cyfitter_cfg.c **** *   void
 102:.\Generated_Source\PSoC4/cyfitter_cfg.c **** *
 103:.\Generated_Source\PSoC4/cyfitter_cfg.c **** *******************************************************************************/
 104:.\Generated_Source\PSoC4/cyfitter_cfg.c **** CY_CFG_UNUSED
 105:.\Generated_Source\PSoC4/cyfitter_cfg.c **** static void CyClockStartupError(uint8 errorCode);
 106:.\Generated_Source\PSoC4/cyfitter_cfg.c **** CY_CFG_UNUSED
 107:.\Generated_Source\PSoC4/cyfitter_cfg.c **** static void CyClockStartupError(uint8 errorCode)
 108:.\Generated_Source\PSoC4/cyfitter_cfg.c **** {
 109:.\Generated_Source\PSoC4/cyfitter_cfg.c ****     /* To remove the compiler warning if errorCode not used.                */
 110:.\Generated_Source\PSoC4/cyfitter_cfg.c ****     errorCode = errorCode;
 111:.\Generated_Source\PSoC4/cyfitter_cfg.c **** 
 112:.\Generated_Source\PSoC4/cyfitter_cfg.c ****     /* `#START CyClockStartupError` */
 113:.\Generated_Source\PSoC4/cyfitter_cfg.c **** 
 114:.\Generated_Source\PSoC4/cyfitter_cfg.c ****     /* If we have a clock startup error (bad MHz crystal, PLL lock, etc.),  */
 115:.\Generated_Source\PSoC4/cyfitter_cfg.c ****     /* we will end up here to allow the customer to implement something to  */
 116:.\Generated_Source\PSoC4/cyfitter_cfg.c ****     /* deal with the clock condition.                                       */
 117:.\Generated_Source\PSoC4/cyfitter_cfg.c **** 
 118:.\Generated_Source\PSoC4/cyfitter_cfg.c ****     /* `#END` */
 119:.\Generated_Source\PSoC4/cyfitter_cfg.c **** 
 120:.\Generated_Source\PSoC4/cyfitter_cfg.c ****     /* If nothing else, stop here since the clocks have not started         */
 121:.\Generated_Source\PSoC4/cyfitter_cfg.c ****     /* correctly.                                                           */
ARM GAS  C:\Users\Dylan\AppData\Local\Temp\cc3i6W2g.s 			page 4


 122:.\Generated_Source\PSoC4/cyfitter_cfg.c ****     while(1) {}
 123:.\Generated_Source\PSoC4/cyfitter_cfg.c **** }
 124:.\Generated_Source\PSoC4/cyfitter_cfg.c **** #endif
 125:.\Generated_Source\PSoC4/cyfitter_cfg.c **** 
 126:.\Generated_Source\PSoC4/cyfitter_cfg.c **** 
 127:.\Generated_Source\PSoC4/cyfitter_cfg.c **** 
 128:.\Generated_Source\PSoC4/cyfitter_cfg.c **** /*******************************************************************************
 129:.\Generated_Source\PSoC4/cyfitter_cfg.c **** * Function Name: ClockSetup
 130:.\Generated_Source\PSoC4/cyfitter_cfg.c **** ********************************************************************************
 131:.\Generated_Source\PSoC4/cyfitter_cfg.c **** *
 132:.\Generated_Source\PSoC4/cyfitter_cfg.c **** * Summary:
 133:.\Generated_Source\PSoC4/cyfitter_cfg.c **** *   Performs the initialization of all of the clocks in the device based on the
 134:.\Generated_Source\PSoC4/cyfitter_cfg.c **** *   settings in the Clock tab of the DWR.  This includes enabling the requested
 135:.\Generated_Source\PSoC4/cyfitter_cfg.c **** *   clocks and setting the necessary dividers to produce the desired frequency. 
 136:.\Generated_Source\PSoC4/cyfitter_cfg.c **** *
 137:.\Generated_Source\PSoC4/cyfitter_cfg.c **** * Parameters:
 138:.\Generated_Source\PSoC4/cyfitter_cfg.c **** *   void
 139:.\Generated_Source\PSoC4/cyfitter_cfg.c **** *
 140:.\Generated_Source\PSoC4/cyfitter_cfg.c **** * Return:
 141:.\Generated_Source\PSoC4/cyfitter_cfg.c **** *   void
 142:.\Generated_Source\PSoC4/cyfitter_cfg.c **** *
 143:.\Generated_Source\PSoC4/cyfitter_cfg.c **** *******************************************************************************/
 144:.\Generated_Source\PSoC4/cyfitter_cfg.c **** static void ClockSetup(void);
 145:.\Generated_Source\PSoC4/cyfitter_cfg.c **** CY_CFG_SECTION
 146:.\Generated_Source\PSoC4/cyfitter_cfg.c **** static void ClockSetup(void)
 147:.\Generated_Source\PSoC4/cyfitter_cfg.c **** {
  51              		.loc 1 147 0
  52              		.cfi_startproc
  53 0000 38B5     		push	{r3, r4, r5, lr}
  54              		.cfi_def_cfa_offset 16
  55              		.cfi_offset 3, -16
  56              		.cfi_offset 4, -12
  57              		.cfi_offset 5, -8
  58              		.cfi_offset 14, -4
 148:.\Generated_Source\PSoC4/cyfitter_cfg.c **** 	/* Enable HALF_EN before trimming for the flash accelerator. */
 149:.\Generated_Source\PSoC4/cyfitter_cfg.c **** 	CY_SET_REG32((void CYXDATA *)(CYREG_CLK_SELECT), (CY_GET_REG32((void *)CYREG_CLK_SELECT) | 0x00040
  59              		.loc 1 149 0
  60 0002 164C     		ldr	r4, .L3
  61 0004 2368     		ldr	r3, [r4]
  62 0006 8022     		mov	r2, #128
  63 0008 D202     		lsl	r2, r2, #11
  64 000a 1343     		orr	r3, r2
  65 000c 2360     		str	r3, [r4]
 150:.\Generated_Source\PSoC4/cyfitter_cfg.c **** 
 151:.\Generated_Source\PSoC4/cyfitter_cfg.c **** 	/* Setup and trim IMO based on desired frequency. */
 152:.\Generated_Source\PSoC4/cyfitter_cfg.c **** 	CySysClkWriteImoFreq(24u);
  66              		.loc 1 152 0
  67 000e 1820     		mov	r0, #24
  68 0010 FFF7FEFF 		bl	CySysClkWriteImoFreq
  69              	.LVL3:
 153:.\Generated_Source\PSoC4/cyfitter_cfg.c **** 
 154:.\Generated_Source\PSoC4/cyfitter_cfg.c **** 	/* Disable HALF_EN since it is not required at this IMO frequency. */
 155:.\Generated_Source\PSoC4/cyfitter_cfg.c **** 	CY_SET_REG32((void CYXDATA *)(CYREG_CLK_SELECT), (CY_GET_REG32((void *)CYREG_CLK_SELECT) & 0xFFFBF
  70              		.loc 1 155 0
  71 0014 2268     		ldr	r2, [r4]
  72 0016 124B     		ldr	r3, .L3+4
  73 0018 1340     		and	r3, r2
ARM GAS  C:\Users\Dylan\AppData\Local\Temp\cc3i6W2g.s 			page 5


  74 001a 2360     		str	r3, [r4]
 156:.\Generated_Source\PSoC4/cyfitter_cfg.c **** 	/* CYDEV_CLK_ILO_CONFIG Starting address: CYDEV_CLK_ILO_CONFIG */
 157:.\Generated_Source\PSoC4/cyfitter_cfg.c **** 	CY_SET_XTND_REG32((void CYFAR *)(CYREG_CLK_ILO_CONFIG), 0x80000006u);
  75              		.loc 1 157 0
  76 001c 114A     		ldr	r2, .L3+8
  77 001e 124B     		ldr	r3, .L3+12
  78 0020 1A60     		str	r2, [r3]
 158:.\Generated_Source\PSoC4/cyfitter_cfg.c **** 
 159:.\Generated_Source\PSoC4/cyfitter_cfg.c **** 
 160:.\Generated_Source\PSoC4/cyfitter_cfg.c **** 	/* CYDEV_CLK_SELECT00 Starting address: CYDEV_CLK_SELECT00 */
 161:.\Generated_Source\PSoC4/cyfitter_cfg.c **** 	CY_SET_XTND_REG32((void CYFAR *)(CYREG_CLK_SELECT02), 0x00000010u);
  79              		.loc 1 161 0
  80 0022 1022     		mov	r2, #16
  81 0024 114B     		ldr	r3, .L3+16
  82 0026 1A60     		str	r2, [r3]
 162:.\Generated_Source\PSoC4/cyfitter_cfg.c **** 	CY_SET_XTND_REG32((void CYFAR *)(CYREG_CLK_SELECT03), 0x00000020u);
  83              		.loc 1 162 0
  84 0028 1032     		add	r2, r2, #16
  85 002a 114B     		ldr	r3, .L3+20
  86 002c 1A60     		str	r2, [r3]
 163:.\Generated_Source\PSoC4/cyfitter_cfg.c **** 
 164:.\Generated_Source\PSoC4/cyfitter_cfg.c **** 	/* CYDEV_CLK_IMO_CONFIG Starting address: CYDEV_CLK_IMO_CONFIG */
 165:.\Generated_Source\PSoC4/cyfitter_cfg.c **** 	CY_SET_XTND_REG32((void CYFAR *)(CYREG_CLK_IMO_CONFIG), 0x80000000u);
  87              		.loc 1 165 0
  88 002e 8022     		mov	r2, #128
  89 0030 1206     		lsl	r2, r2, #24
  90 0032 104B     		ldr	r3, .L3+24
  91 0034 1A60     		str	r2, [r3]
 166:.\Generated_Source\PSoC4/cyfitter_cfg.c **** 
 167:.\Generated_Source\PSoC4/cyfitter_cfg.c **** 	/* CYDEV_CLK_SELECT Starting address: CYDEV_CLK_SELECT */
 168:.\Generated_Source\PSoC4/cyfitter_cfg.c **** 	CY_SET_XTND_REG32((void CYFAR *)(CYREG_CLK_SELECT), 0x00000000u);
  92              		.loc 1 168 0
  93 0036 0025     		mov	r5, #0
  94 0038 2560     		str	r5, [r4]
 169:.\Generated_Source\PSoC4/cyfitter_cfg.c **** 
 170:.\Generated_Source\PSoC4/cyfitter_cfg.c **** 	/* CYDEV_CLK_DIVIDER_A00 Starting address: CYDEV_CLK_DIVIDER_A00 */
 171:.\Generated_Source\PSoC4/cyfitter_cfg.c **** 	CY_SET_XTND_REG32((void CYFAR *)(CYREG_CLK_DIVIDER_A00), 0x80000010u);
  95              		.loc 1 171 0
  96 003a 0F4A     		ldr	r2, .L3+28
  97 003c 0F4B     		ldr	r3, .L3+32
  98 003e 1A60     		str	r2, [r3]
 172:.\Generated_Source\PSoC4/cyfitter_cfg.c **** 
 173:.\Generated_Source\PSoC4/cyfitter_cfg.c **** 	/* CYDEV_CLK_DIVIDER_B00 Starting address: CYDEV_CLK_DIVIDER_B00 */
 174:.\Generated_Source\PSoC4/cyfitter_cfg.c **** 	CY_SET_XTND_REG32((void CYFAR *)(CYREG_CLK_DIVIDER_B00), 0x8000009Bu);
  99              		.loc 1 174 0
 100 0040 0F4A     		ldr	r2, .L3+36
 101 0042 104B     		ldr	r3, .L3+40
 102 0044 1A60     		str	r2, [r3]
 175:.\Generated_Source\PSoC4/cyfitter_cfg.c **** 
 176:.\Generated_Source\PSoC4/cyfitter_cfg.c **** 	(void)CyIntSetVector(9u, &CySysWdtIsr);
 103              		.loc 1 176 0
 104 0046 0920     		mov	r0, #9
 105 0048 0F49     		ldr	r1, .L3+44
 106 004a FFF7FEFF 		bl	CyIntSetVector
 107              	.LVL4:
 177:.\Generated_Source\PSoC4/cyfitter_cfg.c **** 	CyIntEnable(9u);
 108              		.loc 1 177 0
ARM GAS  C:\Users\Dylan\AppData\Local\Temp\cc3i6W2g.s 			page 6


 109 004e 0920     		mov	r0, #9
 110 0050 FFF7FEFF 		bl	CyIntEnable
 111              	.LVL5:
 178:.\Generated_Source\PSoC4/cyfitter_cfg.c **** 	CY_SET_XTND_REG32((void CYFAR *)(CYREG_WDT_CONFIG), 0x00000000u);
 112              		.loc 1 178 0
 113 0054 0D4B     		ldr	r3, .L3+48
 114 0056 1D60     		str	r5, [r3]
 179:.\Generated_Source\PSoC4/cyfitter_cfg.c **** }
 115              		.loc 1 179 0
 116              		@ sp needed
 117 0058 38BD     		pop	{r3, r4, r5, pc}
 118              	.L4:
 119 005a C046     		.align	2
 120              	.L3:
 121 005c 00010B40 		.word	1074462976
 122 0060 FFFFFBFF 		.word	-262145
 123 0064 06000080 		.word	-2147483642
 124 0068 04010B40 		.word	1074462980
 125 006c 08020240 		.word	1073873416
 126 0070 0C020240 		.word	1073873420
 127 0074 08010B40 		.word	1074462984
 128 0078 10000080 		.word	-2147483632
 129 007c 00000240 		.word	1073872896
 130 0080 9B000080 		.word	-2147483493
 131 0084 40000240 		.word	1073872960
 132 0088 00000000 		.word	CySysWdtIsr
 133 008c 0C020B40 		.word	1074463244
 134              		.cfi_endproc
 135              	.LFE3:
 136              		.size	ClockSetup, .-ClockSetup
 137              		.align	2
 138              		.global	cyfitter_cfg
 139              		.code	16
 140              		.thumb_func
 141              		.type	cyfitter_cfg, %function
 142              	cyfitter_cfg:
 143              	.LFB5:
 180:.\Generated_Source\PSoC4/cyfitter_cfg.c **** 
 181:.\Generated_Source\PSoC4/cyfitter_cfg.c **** 
 182:.\Generated_Source\PSoC4/cyfitter_cfg.c **** /* Analog API Functions */
 183:.\Generated_Source\PSoC4/cyfitter_cfg.c **** 
 184:.\Generated_Source\PSoC4/cyfitter_cfg.c **** 
 185:.\Generated_Source\PSoC4/cyfitter_cfg.c **** /*******************************************************************************
 186:.\Generated_Source\PSoC4/cyfitter_cfg.c **** * Function Name: AnalogSetDefault
 187:.\Generated_Source\PSoC4/cyfitter_cfg.c **** ********************************************************************************
 188:.\Generated_Source\PSoC4/cyfitter_cfg.c **** *
 189:.\Generated_Source\PSoC4/cyfitter_cfg.c **** * Summary:
 190:.\Generated_Source\PSoC4/cyfitter_cfg.c **** *  Sets up the analog portions of the chip to default values based on chip
 191:.\Generated_Source\PSoC4/cyfitter_cfg.c **** *  configuration options from the project.
 192:.\Generated_Source\PSoC4/cyfitter_cfg.c **** *
 193:.\Generated_Source\PSoC4/cyfitter_cfg.c **** * Parameters:
 194:.\Generated_Source\PSoC4/cyfitter_cfg.c **** *  void
 195:.\Generated_Source\PSoC4/cyfitter_cfg.c **** *
 196:.\Generated_Source\PSoC4/cyfitter_cfg.c **** * Return:
 197:.\Generated_Source\PSoC4/cyfitter_cfg.c **** *  void
 198:.\Generated_Source\PSoC4/cyfitter_cfg.c **** *
 199:.\Generated_Source\PSoC4/cyfitter_cfg.c **** *******************************************************************************/
ARM GAS  C:\Users\Dylan\AppData\Local\Temp\cc3i6W2g.s 			page 7


 200:.\Generated_Source\PSoC4/cyfitter_cfg.c **** static void AnalogSetDefault(void);
 201:.\Generated_Source\PSoC4/cyfitter_cfg.c **** static void AnalogSetDefault(void)
 202:.\Generated_Source\PSoC4/cyfitter_cfg.c **** {
 203:.\Generated_Source\PSoC4/cyfitter_cfg.c **** }
 204:.\Generated_Source\PSoC4/cyfitter_cfg.c **** 
 205:.\Generated_Source\PSoC4/cyfitter_cfg.c **** #define CY_AMUX_UNUSED CYREG_CM0_ROM_DWT
 206:.\Generated_Source\PSoC4/cyfitter_cfg.c **** 
 207:.\Generated_Source\PSoC4/cyfitter_cfg.c **** 
 208:.\Generated_Source\PSoC4/cyfitter_cfg.c **** /*******************************************************************************
 209:.\Generated_Source\PSoC4/cyfitter_cfg.c **** * Function Name: cyfitter_cfg
 210:.\Generated_Source\PSoC4/cyfitter_cfg.c **** ********************************************************************************
 211:.\Generated_Source\PSoC4/cyfitter_cfg.c **** * Summary:
 212:.\Generated_Source\PSoC4/cyfitter_cfg.c **** *  This function is called by the start-up code for the selected device. It
 213:.\Generated_Source\PSoC4/cyfitter_cfg.c **** *  performs all of the necessary device configuration based on the design
 214:.\Generated_Source\PSoC4/cyfitter_cfg.c **** *  settings.  This includes settings from the Design Wide Resources (DWR) such
 215:.\Generated_Source\PSoC4/cyfitter_cfg.c **** *  as Clocks and Pins as well as any component configuration that is necessary.
 216:.\Generated_Source\PSoC4/cyfitter_cfg.c **** *
 217:.\Generated_Source\PSoC4/cyfitter_cfg.c **** * Parameters:  
 218:.\Generated_Source\PSoC4/cyfitter_cfg.c **** *   void
 219:.\Generated_Source\PSoC4/cyfitter_cfg.c **** *
 220:.\Generated_Source\PSoC4/cyfitter_cfg.c **** * Return:
 221:.\Generated_Source\PSoC4/cyfitter_cfg.c **** *   void
 222:.\Generated_Source\PSoC4/cyfitter_cfg.c **** *
 223:.\Generated_Source\PSoC4/cyfitter_cfg.c **** *******************************************************************************/
 224:.\Generated_Source\PSoC4/cyfitter_cfg.c **** CY_CFG_SECTION
 225:.\Generated_Source\PSoC4/cyfitter_cfg.c **** void cyfitter_cfg(void)
 226:.\Generated_Source\PSoC4/cyfitter_cfg.c **** {
 144              		.loc 1 226 0
 145              		.cfi_startproc
 146 0090 10B5     		push	{r4, lr}
 147              		.cfi_def_cfa_offset 8
 148              		.cfi_offset 4, -8
 149              		.cfi_offset 14, -4
 227:.\Generated_Source\PSoC4/cyfitter_cfg.c **** 	/* Disable interrupts by default. Let user enable if/when they want. */
 228:.\Generated_Source\PSoC4/cyfitter_cfg.c **** 	CyGlobalIntDisable;
 150              		.loc 1 228 0
 151              	@ 228 ".\Generated_Source\PSoC4\cyfitter_cfg.c" 1
 152 0092 72B6     		CPSID   i
 153              	@ 0 "" 2
 154              	.LVL6:
 155              		.code	16
 156              	.LBB2:
 229:.\Generated_Source\PSoC4/cyfitter_cfg.c **** 
 230:.\Generated_Source\PSoC4/cyfitter_cfg.c **** 	{
 231:.\Generated_Source\PSoC4/cyfitter_cfg.c **** 
 232:.\Generated_Source\PSoC4/cyfitter_cfg.c **** 		CYPACKED typedef struct {
 233:.\Generated_Source\PSoC4/cyfitter_cfg.c **** 			void CYFAR *address;
 234:.\Generated_Source\PSoC4/cyfitter_cfg.c **** 			uint16 size;
 235:.\Generated_Source\PSoC4/cyfitter_cfg.c **** 		} CYPACKED_ATTR cfg_memset_t;
 236:.\Generated_Source\PSoC4/cyfitter_cfg.c **** 
 237:.\Generated_Source\PSoC4/cyfitter_cfg.c **** 		static const cfg_memset_t CYCODE cfg_memset_list [] = {
 238:.\Generated_Source\PSoC4/cyfitter_cfg.c **** 			/* address, size */
 239:.\Generated_Source\PSoC4/cyfitter_cfg.c **** 			{(void CYFAR *)(CYDEV_UDB_P0_U0_BASE), 1024u},
 240:.\Generated_Source\PSoC4/cyfitter_cfg.c **** 			{(void CYFAR *)(CYDEV_UDB_DSI0_BASE), 1024u},
 241:.\Generated_Source\PSoC4/cyfitter_cfg.c **** 		};
 242:.\Generated_Source\PSoC4/cyfitter_cfg.c **** 
 243:.\Generated_Source\PSoC4/cyfitter_cfg.c **** 		uint8 CYDATA i;
ARM GAS  C:\Users\Dylan\AppData\Local\Temp\cc3i6W2g.s 			page 8


 244:.\Generated_Source\PSoC4/cyfitter_cfg.c **** 
 245:.\Generated_Source\PSoC4/cyfitter_cfg.c **** 		/* Zero out critical memory blocks before beginning configuration */
 246:.\Generated_Source\PSoC4/cyfitter_cfg.c **** 		for (i = 0u; i < (sizeof(cfg_memset_list)/sizeof(cfg_memset_list[0])); i++)
 157              		.loc 1 246 0
 158 0094 0024     		mov	r4, #0
 159 0096 10E0     		b	.L6
 160              	.LVL7:
 161              	.L7:
 162              	.LBB3:
 247:.\Generated_Source\PSoC4/cyfitter_cfg.c **** 		{
 248:.\Generated_Source\PSoC4/cyfitter_cfg.c **** 			const cfg_memset_t CYCODE * CYDATA ms = &cfg_memset_list[i];
 249:.\Generated_Source\PSoC4/cyfitter_cfg.c **** 			CYMEMZERO(ms->address, (size_t)(uint32)(ms->size));
 163              		.loc 1 249 0 discriminator 3
 164 0098 2448     		ldr	r0, .L8
 165 009a 6300     		lsl	r3, r4, #1
 166 009c 1A19     		add	r2, r3, r4
 167 009e 5200     		lsl	r2, r2, #1
 168 00a0 8218     		add	r2, r0, r2
 169 00a2 9188     		ldrh	r1, [r2, #4]
 170 00a4 1B19     		add	r3, r3, r4
 171 00a6 5B00     		lsl	r3, r3, #1
 172 00a8 1A5A     		ldrh	r2, [r3, r0]
 173 00aa C318     		add	r3, r0, r3
 174 00ac 5888     		ldrh	r0, [r3, #2]
 175 00ae 0004     		lsl	r0, r0, #16
 176 00b0 1043     		orr	r0, r2
 177 00b2 FFF7FEFF 		bl	CYMEMZERO
 178              	.LVL8:
 179              	.LBE3:
 246:.\Generated_Source\PSoC4/cyfitter_cfg.c **** 		{
 180              		.loc 1 246 0 discriminator 3
 181 00b6 0134     		add	r4, r4, #1
 182              	.LVL9:
 183 00b8 E4B2     		uxtb	r4, r4
 184              	.LVL10:
 185              	.L6:
 246:.\Generated_Source\PSoC4/cyfitter_cfg.c **** 		{
 186              		.loc 1 246 0 is_stmt 0 discriminator 1
 187 00ba 012C     		cmp	r4, #1
 188 00bc ECD9     		bls	.L7
 250:.\Generated_Source\PSoC4/cyfitter_cfg.c **** 		}
 251:.\Generated_Source\PSoC4/cyfitter_cfg.c **** 
 252:.\Generated_Source\PSoC4/cyfitter_cfg.c **** 		/* HSIOM Starting address: CYDEV_HSIOM_BASE */
 253:.\Generated_Source\PSoC4/cyfitter_cfg.c **** 		CY_SET_XTND_REG32((void CYFAR *)(CYDEV_HSIOM_BASE), 0x00990000u);
 189              		.loc 1 253 0 is_stmt 1
 190 00be 9923     		mov	r3, #153
 191 00c0 1B04     		lsl	r3, r3, #16
 192 00c2 1B4A     		ldr	r2, .L8+4
 193 00c4 1360     		str	r3, [r2]
 254:.\Generated_Source\PSoC4/cyfitter_cfg.c **** 		CY_SET_XTND_REG32((void CYFAR *)(CYREG_HSIOM_PORT_SEL3), 0x0000EE00u);
 194              		.loc 1 254 0
 195 00c6 EE21     		mov	r1, #238
 196 00c8 0902     		lsl	r1, r1, #8
 197 00ca 1A4A     		ldr	r2, .L8+8
 198 00cc 1160     		str	r1, [r2]
 255:.\Generated_Source\PSoC4/cyfitter_cfg.c **** 		CY_SET_XTND_REG32((void CYFAR *)(CYREG_HSIOM_PORT_SEL4), 0x00000099u);
 199              		.loc 1 255 0
ARM GAS  C:\Users\Dylan\AppData\Local\Temp\cc3i6W2g.s 			page 9


 200 00ce 9921     		mov	r1, #153
 201 00d0 194A     		ldr	r2, .L8+12
 202 00d2 1160     		str	r1, [r2]
 256:.\Generated_Source\PSoC4/cyfitter_cfg.c **** 
 257:.\Generated_Source\PSoC4/cyfitter_cfg.c **** 		/* UDB_PA_0 Starting address: CYDEV_UDB_PA0_BASE */
 258:.\Generated_Source\PSoC4/cyfitter_cfg.c **** 		CY_SET_XTND_REG32((void CYFAR *)(CYDEV_UDB_PA0_BASE), 0x00990000u);
 203              		.loc 1 258 0
 204 00d4 194A     		ldr	r2, .L8+16
 205 00d6 1360     		str	r3, [r2]
 259:.\Generated_Source\PSoC4/cyfitter_cfg.c **** 
 260:.\Generated_Source\PSoC4/cyfitter_cfg.c **** 		/* UDB_PA_3 Starting address: CYDEV_UDB_PA3_BASE */
 261:.\Generated_Source\PSoC4/cyfitter_cfg.c **** 		CY_SET_XTND_REG32((void CYFAR *)(CYDEV_UDB_PA3_BASE), 0x00990000u);
 206              		.loc 1 261 0
 207 00d8 194A     		ldr	r2, .L8+20
 208 00da 1360     		str	r3, [r2]
 262:.\Generated_Source\PSoC4/cyfitter_cfg.c **** 
 263:.\Generated_Source\PSoC4/cyfitter_cfg.c **** 		/* Enable digital routing */
 264:.\Generated_Source\PSoC4/cyfitter_cfg.c **** 		CY_SET_XTND_REG8((void *)CYREG_UDB_UDBIF_BANK_CTL, CY_GET_XTND_REG8((void *)CYREG_UDB_UDBIF_BANK_
 209              		.loc 1 264 0
 210 00dc 194B     		ldr	r3, .L8+24
 211 00de 1978     		ldrb	r1, [r3]
 212 00e0 0220     		mov	r0, #2
 213 00e2 0222     		mov	r2, #2
 214 00e4 0A43     		orr	r2, r1
 215 00e6 1A70     		strb	r2, [r3]
 265:.\Generated_Source\PSoC4/cyfitter_cfg.c **** 
 266:.\Generated_Source\PSoC4/cyfitter_cfg.c **** 		/* Enable UDB array */
 267:.\Generated_Source\PSoC4/cyfitter_cfg.c **** 		CY_SET_XTND_REG8((void *)CYREG_UDB_UDBIF_WAIT_CFG, (uint8)((CY_GET_XTND_REG8((void *)CYREG_UDB_UD
 216              		.loc 1 267 0
 217 00e8 174C     		ldr	r4, .L8+28
 218              	.LVL11:
 219 00ea 2278     		ldrb	r2, [r4]
 220 00ec 3C21     		mov	r1, #60
 221 00ee 8A43     		bic	r2, r1
 222 00f0 2839     		sub	r1, r1, #40
 223 00f2 0A43     		orr	r2, r1
 224 00f4 2270     		strb	r2, [r4]
 268:.\Generated_Source\PSoC4/cyfitter_cfg.c **** 		CY_SET_XTND_REG8((void *)CYREG_UDB_UDBIF_BANK_CTL, (uint8)(CY_GET_XTND_REG8((void *)CYREG_UDB_UDB
 225              		.loc 1 268 0
 226 00f6 1978     		ldrb	r1, [r3]
 227 00f8 1622     		mov	r2, #22
 228 00fa 0A43     		orr	r2, r1
 229 00fc 1A70     		strb	r2, [r3]
 230              	.LBE2:
 269:.\Generated_Source\PSoC4/cyfitter_cfg.c **** 	}
 270:.\Generated_Source\PSoC4/cyfitter_cfg.c **** 
 271:.\Generated_Source\PSoC4/cyfitter_cfg.c **** 	/* Perform second pass device configuration. These items must be configured in specific order afte
 272:.\Generated_Source\PSoC4/cyfitter_cfg.c **** 	/* IOPINS0_0 Starting address: CYDEV_PRT0_BASE */
 273:.\Generated_Source\PSoC4/cyfitter_cfg.c **** 	CY_SET_XTND_REG32((void CYFAR *)(CYDEV_PRT0_BASE), 0x00000020u);
 231              		.loc 1 273 0
 232 00fe 2023     		mov	r3, #32
 233 0100 124A     		ldr	r2, .L8+32
 234 0102 1360     		str	r3, [r2]
 274:.\Generated_Source\PSoC4/cyfitter_cfg.c **** 	CY_SET_XTND_REG32((void CYFAR *)(CYREG_PRT0_PC), 0x00031000u);
 235              		.loc 1 274 0
 236 0104 C421     		mov	r1, #196
 237 0106 8902     		lsl	r1, r1, #10
ARM GAS  C:\Users\Dylan\AppData\Local\Temp\cc3i6W2g.s 			page 10


 238 0108 114A     		ldr	r2, .L8+36
 239 010a 1160     		str	r1, [r2]
 275:.\Generated_Source\PSoC4/cyfitter_cfg.c **** 	CY_SET_XTND_REG32((void CYFAR *)(CYREG_PRT0_PC2), 0x00000020u);
 240              		.loc 1 275 0
 241 010c 114A     		ldr	r2, .L8+40
 242 010e 1360     		str	r3, [r2]
 276:.\Generated_Source\PSoC4/cyfitter_cfg.c **** 
 277:.\Generated_Source\PSoC4/cyfitter_cfg.c **** 	/* IOPINS0_3 Starting address: CYDEV_PRT3_BASE */
 278:.\Generated_Source\PSoC4/cyfitter_cfg.c **** 	CY_SET_XTND_REG32((void CYFAR *)(CYREG_PRT3_PC), 0x00000D80u);
 243              		.loc 1 278 0
 244 0110 D822     		mov	r2, #216
 245 0112 1201     		lsl	r2, r2, #4
 246 0114 104B     		ldr	r3, .L8+44
 247 0116 1A60     		str	r2, [r3]
 279:.\Generated_Source\PSoC4/cyfitter_cfg.c **** 
 280:.\Generated_Source\PSoC4/cyfitter_cfg.c **** 	/* IOPINS0_4 Starting address: CYDEV_PRT4_BASE */
 281:.\Generated_Source\PSoC4/cyfitter_cfg.c **** 	CY_SET_XTND_REG32((void CYFAR *)(CYDEV_PRT4_BASE), 0x00000002u);
 248              		.loc 1 281 0
 249 0118 104B     		ldr	r3, .L8+48
 250 011a 1860     		str	r0, [r3]
 282:.\Generated_Source\PSoC4/cyfitter_cfg.c **** 	CY_SET_XTND_REG32((void CYFAR *)(CYREG_PRT4_PC), 0x00000031u);
 251              		.loc 1 282 0
 252 011c 3122     		mov	r2, #49
 253 011e 104B     		ldr	r3, .L8+52
 254 0120 1A60     		str	r2, [r3]
 283:.\Generated_Source\PSoC4/cyfitter_cfg.c **** 	CY_SET_XTND_REG32((void CYFAR *)(CYREG_PRT4_PC2), 0x00000002u);
 255              		.loc 1 283 0
 256 0122 104B     		ldr	r3, .L8+56
 257 0124 1860     		str	r0, [r3]
 284:.\Generated_Source\PSoC4/cyfitter_cfg.c **** 
 285:.\Generated_Source\PSoC4/cyfitter_cfg.c **** 
 286:.\Generated_Source\PSoC4/cyfitter_cfg.c **** 	/* Setup clocks based on selections from Clock DWR */
 287:.\Generated_Source\PSoC4/cyfitter_cfg.c **** 	ClockSetup();
 258              		.loc 1 287 0
 259 0126 FFF76BFF 		bl	ClockSetup
 260              	.LVL12:
 288:.\Generated_Source\PSoC4/cyfitter_cfg.c **** 
 289:.\Generated_Source\PSoC4/cyfitter_cfg.c **** 	/* Perform basic analog initialization to defaults */
 290:.\Generated_Source\PSoC4/cyfitter_cfg.c **** 	AnalogSetDefault();
 291:.\Generated_Source\PSoC4/cyfitter_cfg.c **** 
 292:.\Generated_Source\PSoC4/cyfitter_cfg.c **** }
 261              		.loc 1 292 0
 262              		@ sp needed
 263 012a 10BD     		pop	{r4, pc}
 264              	.L9:
 265              		.align	2
 266              	.L8:
 267 012c 00000000 		.word	.LANCHOR0
 268 0130 00000140 		.word	1073807360
 269 0134 0C000140 		.word	1073807372
 270 0138 10000140 		.word	1073807376
 271 013c 00500F40 		.word	1074745344
 272 0140 30500F40 		.word	1074745392
 273 0144 00700F40 		.word	1074753536
 274 0148 01700F40 		.word	1074753537
 275 014c 00000440 		.word	1074003968
 276 0150 08000440 		.word	1074003976
ARM GAS  C:\Users\Dylan\AppData\Local\Temp\cc3i6W2g.s 			page 11


 277 0154 18000440 		.word	1074003992
 278 0158 08030440 		.word	1074004744
 279 015c 00040440 		.word	1074004992
 280 0160 08040440 		.word	1074005000
 281 0164 18040440 		.word	1074005016
 282              		.cfi_endproc
 283              	.LFE5:
 284              		.size	cyfitter_cfg, .-cyfitter_cfg
 285              		.section	.rodata
 286              		.align	2
 287              		.set	.LANCHOR0,. + 0
 288              		.type	cfg_memset_list.4714, %object
 289              		.size	cfg_memset_list.4714, 12
 290              	cfg_memset_list.4714:
 291 0000 00300F40 		.word	1074737152
 292 0004 0004     		.short	1024
 293 0006 00400F40 		.4byte	1074741248
 294 000a 0004     		.short	1024
 295              		.text
 296              	.Letext0:
 297              		.file 2 "c:\\program files (x86)\\cypress\\psoc creator\\3.3\\psoc creator\\import\\gnu\\arm\\4.9.
 298              		.file 3 ".\\Generated_Source\\PSoC4\\cytypes.h"
 299              		.file 4 ".\\Generated_Source\\PSoC4\\CyLib.h"
 300              		.section	.debug_info,"",%progbits
 301              	.Ldebug_info0:
 302 0000 8C020000 		.4byte	0x28c
 303 0004 0400     		.2byte	0x4
 304 0006 00000000 		.4byte	.Ldebug_abbrev0
 305 000a 04       		.byte	0x4
 306 000b 01       		.uleb128 0x1
 307 000c BB010000 		.4byte	.LASF28
 308 0010 01       		.byte	0x1
 309 0011 77010000 		.4byte	.LASF29
 310 0015 4A000000 		.4byte	.LASF30
 311 0019 00000000 		.4byte	.Ldebug_ranges0+0
 312 001d 00000000 		.4byte	0
 313 0021 00000000 		.4byte	.Ldebug_line0
 314 0025 02       		.uleb128 0x2
 315 0026 04       		.byte	0x4
 316 0027 05       		.byte	0x5
 317 0028 696E7400 		.ascii	"int\000"
 318 002c 03       		.uleb128 0x3
 319 002d 06000000 		.4byte	.LASF11
 320 0031 02       		.byte	0x2
 321 0032 D4       		.byte	0xd4
 322 0033 37000000 		.4byte	0x37
 323 0037 04       		.uleb128 0x4
 324 0038 04       		.byte	0x4
 325 0039 07       		.byte	0x7
 326 003a 24010000 		.4byte	.LASF0
 327 003e 04       		.uleb128 0x4
 328 003f 01       		.byte	0x1
 329 0040 06       		.byte	0x6
 330 0041 71020000 		.4byte	.LASF1
 331 0045 04       		.uleb128 0x4
 332 0046 01       		.byte	0x1
 333 0047 08       		.byte	0x8
ARM GAS  C:\Users\Dylan\AppData\Local\Temp\cc3i6W2g.s 			page 12


 334 0048 EE000000 		.4byte	.LASF2
 335 004c 04       		.uleb128 0x4
 336 004d 02       		.byte	0x2
 337 004e 05       		.byte	0x5
 338 004f 49020000 		.4byte	.LASF3
 339 0053 04       		.uleb128 0x4
 340 0054 02       		.byte	0x2
 341 0055 07       		.byte	0x7
 342 0056 37000000 		.4byte	.LASF4
 343 005a 04       		.uleb128 0x4
 344 005b 04       		.byte	0x4
 345 005c 05       		.byte	0x5
 346 005d 68020000 		.4byte	.LASF5
 347 0061 04       		.uleb128 0x4
 348 0062 04       		.byte	0x4
 349 0063 07       		.byte	0x7
 350 0064 CC000000 		.4byte	.LASF6
 351 0068 04       		.uleb128 0x4
 352 0069 08       		.byte	0x8
 353 006a 05       		.byte	0x5
 354 006b A8010000 		.4byte	.LASF7
 355 006f 04       		.uleb128 0x4
 356 0070 08       		.byte	0x8
 357 0071 07       		.byte	0x7
 358 0072 46010000 		.4byte	.LASF8
 359 0076 04       		.uleb128 0x4
 360 0077 04       		.byte	0x4
 361 0078 07       		.byte	0x7
 362 0079 9F010000 		.4byte	.LASF9
 363 007d 05       		.uleb128 0x5
 364 007e 04       		.byte	0x4
 365 007f 06       		.uleb128 0x6
 366 0080 04       		.byte	0x4
 367 0081 85000000 		.4byte	0x85
 368 0085 07       		.uleb128 0x7
 369 0086 04       		.uleb128 0x4
 370 0087 01       		.byte	0x1
 371 0088 08       		.byte	0x8
 372 0089 B6010000 		.4byte	.LASF10
 373 008d 03       		.uleb128 0x3
 374 008e DE000000 		.4byte	.LASF12
 375 0092 03       		.byte	0x3
 376 0093 C2       		.byte	0xc2
 377 0094 45000000 		.4byte	0x45
 378 0098 03       		.uleb128 0x3
 379 0099 16010000 		.4byte	.LASF13
 380 009d 03       		.byte	0x3
 381 009e C3       		.byte	0xc3
 382 009f 53000000 		.4byte	0x53
 383 00a3 03       		.uleb128 0x3
 384 00a4 1D010000 		.4byte	.LASF14
 385 00a8 03       		.byte	0x3
 386 00a9 C4       		.byte	0xc4
 387 00aa 61000000 		.4byte	0x61
 388 00ae 04       		.uleb128 0x4
 389 00af 04       		.byte	0x4
 390 00b0 04       		.byte	0x4
ARM GAS  C:\Users\Dylan\AppData\Local\Temp\cc3i6W2g.s 			page 13


 391 00b1 BC000000 		.4byte	.LASF15
 392 00b5 04       		.uleb128 0x4
 393 00b6 08       		.byte	0x8
 394 00b7 04       		.byte	0x4
 395 00b8 03010000 		.4byte	.LASF16
 396 00bc 08       		.uleb128 0x8
 397 00bd C7000000 		.4byte	.LASF17
 398 00c1 03       		.byte	0x3
 399 00c2 6C01     		.2byte	0x16c
 400 00c4 C8000000 		.4byte	0xc8
 401 00c8 09       		.uleb128 0x9
 402 00c9 8D000000 		.4byte	0x8d
 403 00cd 08       		.uleb128 0x8
 404 00ce 00000000 		.4byte	.LASF18
 405 00d2 03       		.byte	0x3
 406 00d3 6E01     		.2byte	0x16e
 407 00d5 D9000000 		.4byte	0xd9
 408 00d9 09       		.uleb128 0x9
 409 00da A3000000 		.4byte	0xa3
 410 00de 08       		.uleb128 0x8
 411 00df 5D010000 		.4byte	.LASF19
 412 00e3 03       		.byte	0x3
 413 00e4 7E01     		.2byte	0x17e
 414 00e6 7F000000 		.4byte	0x7f
 415 00ea 0A       		.uleb128 0xa
 416 00eb E4000000 		.4byte	.LASF20
 417 00ef 01       		.byte	0x1
 418 00f0 3D       		.byte	0x3d
 419 00f1 00000000 		.4byte	.LFB0
 420 00f5 0C000000 		.4byte	.LFE0-.LFB0
 421 00f9 01       		.uleb128 0x1
 422 00fa 9C       		.byte	0x9c
 423 00fb 37010000 		.4byte	0x137
 424 00ff 0B       		.uleb128 0xb
 425 0100 7300     		.ascii	"s\000"
 426 0102 01       		.byte	0x1
 427 0103 3D       		.byte	0x3d
 428 0104 7D000000 		.4byte	0x7d
 429 0108 00000000 		.4byte	.LLST0
 430 010c 0B       		.uleb128 0xb
 431 010d 6E00     		.ascii	"n\000"
 432 010f 01       		.byte	0x1
 433 0110 3D       		.byte	0x3d
 434 0111 2C000000 		.4byte	0x2c
 435 0115 21000000 		.4byte	.LLST1
 436 0119 0C       		.uleb128 0xc
 437 011a 0A000000 		.4byte	.LVL2
 438 011e 3A020000 		.4byte	0x23a
 439 0122 0D       		.uleb128 0xd
 440 0123 01       		.uleb128 0x1
 441 0124 52       		.byte	0x52
 442 0125 03       		.uleb128 0x3
 443 0126 F3       		.byte	0xf3
 444 0127 01       		.uleb128 0x1
 445 0128 51       		.byte	0x51
 446 0129 0D       		.uleb128 0xd
 447 012a 01       		.uleb128 0x1
ARM GAS  C:\Users\Dylan\AppData\Local\Temp\cc3i6W2g.s 			page 14


 448 012b 51       		.byte	0x51
 449 012c 01       		.uleb128 0x1
 450 012d 30       		.byte	0x30
 451 012e 0D       		.uleb128 0xd
 452 012f 01       		.uleb128 0x1
 453 0130 50       		.byte	0x50
 454 0131 03       		.uleb128 0x3
 455 0132 F3       		.byte	0xf3
 456 0133 01       		.uleb128 0x1
 457 0134 50       		.byte	0x50
 458 0135 00       		.byte	0
 459 0136 00       		.byte	0
 460 0137 0A       		.uleb128 0xa
 461 0138 2C000000 		.4byte	.LASF21
 462 013c 01       		.byte	0x1
 463 013d 92       		.byte	0x92
 464 013e 00000000 		.4byte	.LFB3
 465 0142 90000000 		.4byte	.LFE3-.LFB3
 466 0146 01       		.uleb128 0x1
 467 0147 9C       		.byte	0x9c
 468 0148 82010000 		.4byte	0x182
 469 014c 0E       		.uleb128 0xe
 470 014d 14000000 		.4byte	.LVL3
 471 0151 57020000 		.4byte	0x257
 472 0155 5F010000 		.4byte	0x15f
 473 0159 0D       		.uleb128 0xd
 474 015a 01       		.uleb128 0x1
 475 015b 50       		.byte	0x50
 476 015c 01       		.uleb128 0x1
 477 015d 48       		.byte	0x48
 478 015e 00       		.byte	0
 479 015f 0E       		.uleb128 0xe
 480 0160 4E000000 		.4byte	.LVL4
 481 0164 68020000 		.4byte	0x268
 482 0168 72010000 		.4byte	0x172
 483 016c 0D       		.uleb128 0xd
 484 016d 01       		.uleb128 0x1
 485 016e 50       		.byte	0x50
 486 016f 01       		.uleb128 0x1
 487 0170 39       		.byte	0x39
 488 0171 00       		.byte	0
 489 0172 0C       		.uleb128 0xc
 490 0173 54000000 		.4byte	.LVL5
 491 0177 82020000 		.4byte	0x282
 492 017b 0D       		.uleb128 0xd
 493 017c 01       		.uleb128 0x1
 494 017d 50       		.byte	0x50
 495 017e 01       		.uleb128 0x1
 496 017f 39       		.byte	0x39
 497 0180 00       		.byte	0
 498 0181 00       		.byte	0
 499 0182 0F       		.uleb128 0xf
 500 0183 31010000 		.4byte	.LASF31
 501 0187 01       		.byte	0x1
 502 0188 E1       		.byte	0xe1
 503 0189 90000000 		.4byte	.LFB5
 504 018d D8000000 		.4byte	.LFE5-.LFB5
ARM GAS  C:\Users\Dylan\AppData\Local\Temp\cc3i6W2g.s 			page 15


 505 0191 01       		.uleb128 0x1
 506 0192 9C       		.byte	0x9c
 507 0193 3A020000 		.4byte	0x23a
 508 0197 10       		.uleb128 0x10
 509 0198 94000000 		.4byte	.LBB2
 510 019c 6A000000 		.4byte	.LBE2-.LBB2
 511 01a0 30020000 		.4byte	0x230
 512 01a4 11       		.uleb128 0x11
 513 01a5 06       		.byte	0x6
 514 01a6 01       		.byte	0x1
 515 01a7 E8       		.byte	0xe8
 516 01a8 C5010000 		.4byte	0x1c5
 517 01ac 12       		.uleb128 0x12
 518 01ad 3E010000 		.4byte	.LASF22
 519 01b1 01       		.byte	0x1
 520 01b2 E9       		.byte	0xe9
 521 01b3 7D000000 		.4byte	0x7d
 522 01b7 00       		.byte	0
 523 01b8 12       		.uleb128 0x12
 524 01b9 C2000000 		.4byte	.LASF23
 525 01bd 01       		.byte	0x1
 526 01be EA       		.byte	0xea
 527 01bf 98000000 		.4byte	0x98
 528 01c3 04       		.byte	0x4
 529 01c4 00       		.byte	0
 530 01c5 03       		.uleb128 0x3
 531 01c6 6A010000 		.4byte	.LASF24
 532 01ca 01       		.byte	0x1
 533 01cb EB       		.byte	0xeb
 534 01cc A4010000 		.4byte	0x1a4
 535 01d0 13       		.uleb128 0x13
 536 01d1 C5010000 		.4byte	0x1c5
 537 01d5 E0010000 		.4byte	0x1e0
 538 01d9 14       		.uleb128 0x14
 539 01da 76000000 		.4byte	0x76
 540 01de 01       		.byte	0x1
 541 01df 00       		.byte	0
 542 01e0 15       		.uleb128 0x15
 543 01e1 1C000000 		.4byte	.LASF25
 544 01e5 01       		.byte	0x1
 545 01e6 ED       		.byte	0xed
 546 01e7 F1010000 		.4byte	0x1f1
 547 01eb 05       		.uleb128 0x5
 548 01ec 03       		.byte	0x3
 549 01ed 00000000 		.4byte	cfg_memset_list.4714
 550 01f1 16       		.uleb128 0x16
 551 01f2 D0010000 		.4byte	0x1d0
 552 01f6 17       		.uleb128 0x17
 553 01f7 6900     		.ascii	"i\000"
 554 01f9 01       		.byte	0x1
 555 01fa F3       		.byte	0xf3
 556 01fb 8D000000 		.4byte	0x8d
 557 01ff 4D000000 		.4byte	.LLST2
 558 0203 18       		.uleb128 0x18
 559 0204 98000000 		.4byte	.LBB3
 560 0208 1E000000 		.4byte	.LBE3-.LBB3
 561 020c 17       		.uleb128 0x17
ARM GAS  C:\Users\Dylan\AppData\Local\Temp\cc3i6W2g.s 			page 16


 562 020d 6D7300   		.ascii	"ms\000"
 563 0210 01       		.byte	0x1
 564 0211 F8       		.byte	0xf8
 565 0212 1A020000 		.4byte	0x21a
 566 0216 77000000 		.4byte	.LLST3
 567 021a 06       		.uleb128 0x6
 568 021b 04       		.byte	0x4
 569 021c 20020000 		.4byte	0x220
 570 0220 16       		.uleb128 0x16
 571 0221 C5010000 		.4byte	0x1c5
 572 0225 19       		.uleb128 0x19
 573 0226 B6000000 		.4byte	.LVL8
 574 022a EA000000 		.4byte	0xea
 575 022e 00       		.byte	0
 576 022f 00       		.byte	0
 577 0230 19       		.uleb128 0x19
 578 0231 2A010000 		.4byte	.LVL12
 579 0235 37010000 		.4byte	0x137
 580 0239 00       		.byte	0
 581 023a 1A       		.uleb128 0x1a
 582 023b FC000000 		.4byte	.LASF26
 583 023f 7D000000 		.4byte	0x7d
 584 0243 57020000 		.4byte	0x257
 585 0247 1B       		.uleb128 0x1b
 586 0248 7D000000 		.4byte	0x7d
 587 024c 1B       		.uleb128 0x1b
 588 024d 25000000 		.4byte	0x25
 589 0251 1B       		.uleb128 0x1b
 590 0252 76000000 		.4byte	0x76
 591 0256 00       		.byte	0
 592 0257 1C       		.uleb128 0x1c
 593 0258 53020000 		.4byte	.LASF27
 594 025c 04       		.byte	0x4
 595 025d 31       		.byte	0x31
 596 025e 68020000 		.4byte	0x268
 597 0262 1B       		.uleb128 0x1b
 598 0263 A3000000 		.4byte	0xa3
 599 0267 00       		.byte	0
 600 0268 1D       		.uleb128 0x1d
 601 0269 0D000000 		.4byte	.LASF32
 602 026d 04       		.byte	0x4
 603 026e 46       		.byte	0x46
 604 026f DE000000 		.4byte	0xde
 605 0273 82020000 		.4byte	0x282
 606 0277 1B       		.uleb128 0x1b
 607 0278 8D000000 		.4byte	0x8d
 608 027c 1B       		.uleb128 0x1b
 609 027d DE000000 		.4byte	0xde
 610 0281 00       		.byte	0
 611 0282 1E       		.uleb128 0x1e
 612 0283 0A010000 		.4byte	.LASF33
 613 0287 04       		.byte	0x4
 614 0288 4C       		.byte	0x4c
 615 0289 1B       		.uleb128 0x1b
 616 028a 8D000000 		.4byte	0x8d
 617 028e 00       		.byte	0
 618 028f 00       		.byte	0
ARM GAS  C:\Users\Dylan\AppData\Local\Temp\cc3i6W2g.s 			page 17


 619              		.section	.debug_abbrev,"",%progbits
 620              	.Ldebug_abbrev0:
 621 0000 01       		.uleb128 0x1
 622 0001 11       		.uleb128 0x11
 623 0002 01       		.byte	0x1
 624 0003 25       		.uleb128 0x25
 625 0004 0E       		.uleb128 0xe
 626 0005 13       		.uleb128 0x13
 627 0006 0B       		.uleb128 0xb
 628 0007 03       		.uleb128 0x3
 629 0008 0E       		.uleb128 0xe
 630 0009 1B       		.uleb128 0x1b
 631 000a 0E       		.uleb128 0xe
 632 000b 55       		.uleb128 0x55
 633 000c 17       		.uleb128 0x17
 634 000d 11       		.uleb128 0x11
 635 000e 01       		.uleb128 0x1
 636 000f 10       		.uleb128 0x10
 637 0010 17       		.uleb128 0x17
 638 0011 00       		.byte	0
 639 0012 00       		.byte	0
 640 0013 02       		.uleb128 0x2
 641 0014 24       		.uleb128 0x24
 642 0015 00       		.byte	0
 643 0016 0B       		.uleb128 0xb
 644 0017 0B       		.uleb128 0xb
 645 0018 3E       		.uleb128 0x3e
 646 0019 0B       		.uleb128 0xb
 647 001a 03       		.uleb128 0x3
 648 001b 08       		.uleb128 0x8
 649 001c 00       		.byte	0
 650 001d 00       		.byte	0
 651 001e 03       		.uleb128 0x3
 652 001f 16       		.uleb128 0x16
 653 0020 00       		.byte	0
 654 0021 03       		.uleb128 0x3
 655 0022 0E       		.uleb128 0xe
 656 0023 3A       		.uleb128 0x3a
 657 0024 0B       		.uleb128 0xb
 658 0025 3B       		.uleb128 0x3b
 659 0026 0B       		.uleb128 0xb
 660 0027 49       		.uleb128 0x49
 661 0028 13       		.uleb128 0x13
 662 0029 00       		.byte	0
 663 002a 00       		.byte	0
 664 002b 04       		.uleb128 0x4
 665 002c 24       		.uleb128 0x24
 666 002d 00       		.byte	0
 667 002e 0B       		.uleb128 0xb
 668 002f 0B       		.uleb128 0xb
 669 0030 3E       		.uleb128 0x3e
 670 0031 0B       		.uleb128 0xb
 671 0032 03       		.uleb128 0x3
 672 0033 0E       		.uleb128 0xe
 673 0034 00       		.byte	0
 674 0035 00       		.byte	0
 675 0036 05       		.uleb128 0x5
ARM GAS  C:\Users\Dylan\AppData\Local\Temp\cc3i6W2g.s 			page 18


 676 0037 0F       		.uleb128 0xf
 677 0038 00       		.byte	0
 678 0039 0B       		.uleb128 0xb
 679 003a 0B       		.uleb128 0xb
 680 003b 00       		.byte	0
 681 003c 00       		.byte	0
 682 003d 06       		.uleb128 0x6
 683 003e 0F       		.uleb128 0xf
 684 003f 00       		.byte	0
 685 0040 0B       		.uleb128 0xb
 686 0041 0B       		.uleb128 0xb
 687 0042 49       		.uleb128 0x49
 688 0043 13       		.uleb128 0x13
 689 0044 00       		.byte	0
 690 0045 00       		.byte	0
 691 0046 07       		.uleb128 0x7
 692 0047 15       		.uleb128 0x15
 693 0048 00       		.byte	0
 694 0049 27       		.uleb128 0x27
 695 004a 19       		.uleb128 0x19
 696 004b 00       		.byte	0
 697 004c 00       		.byte	0
 698 004d 08       		.uleb128 0x8
 699 004e 16       		.uleb128 0x16
 700 004f 00       		.byte	0
 701 0050 03       		.uleb128 0x3
 702 0051 0E       		.uleb128 0xe
 703 0052 3A       		.uleb128 0x3a
 704 0053 0B       		.uleb128 0xb
 705 0054 3B       		.uleb128 0x3b
 706 0055 05       		.uleb128 0x5
 707 0056 49       		.uleb128 0x49
 708 0057 13       		.uleb128 0x13
 709 0058 00       		.byte	0
 710 0059 00       		.byte	0
 711 005a 09       		.uleb128 0x9
 712 005b 35       		.uleb128 0x35
 713 005c 00       		.byte	0
 714 005d 49       		.uleb128 0x49
 715 005e 13       		.uleb128 0x13
 716 005f 00       		.byte	0
 717 0060 00       		.byte	0
 718 0061 0A       		.uleb128 0xa
 719 0062 2E       		.uleb128 0x2e
 720 0063 01       		.byte	0x1
 721 0064 03       		.uleb128 0x3
 722 0065 0E       		.uleb128 0xe
 723 0066 3A       		.uleb128 0x3a
 724 0067 0B       		.uleb128 0xb
 725 0068 3B       		.uleb128 0x3b
 726 0069 0B       		.uleb128 0xb
 727 006a 27       		.uleb128 0x27
 728 006b 19       		.uleb128 0x19
 729 006c 11       		.uleb128 0x11
 730 006d 01       		.uleb128 0x1
 731 006e 12       		.uleb128 0x12
 732 006f 06       		.uleb128 0x6
ARM GAS  C:\Users\Dylan\AppData\Local\Temp\cc3i6W2g.s 			page 19


 733 0070 40       		.uleb128 0x40
 734 0071 18       		.uleb128 0x18
 735 0072 9742     		.uleb128 0x2117
 736 0074 19       		.uleb128 0x19
 737 0075 01       		.uleb128 0x1
 738 0076 13       		.uleb128 0x13
 739 0077 00       		.byte	0
 740 0078 00       		.byte	0
 741 0079 0B       		.uleb128 0xb
 742 007a 05       		.uleb128 0x5
 743 007b 00       		.byte	0
 744 007c 03       		.uleb128 0x3
 745 007d 08       		.uleb128 0x8
 746 007e 3A       		.uleb128 0x3a
 747 007f 0B       		.uleb128 0xb
 748 0080 3B       		.uleb128 0x3b
 749 0081 0B       		.uleb128 0xb
 750 0082 49       		.uleb128 0x49
 751 0083 13       		.uleb128 0x13
 752 0084 02       		.uleb128 0x2
 753 0085 17       		.uleb128 0x17
 754 0086 00       		.byte	0
 755 0087 00       		.byte	0
 756 0088 0C       		.uleb128 0xc
 757 0089 898201   		.uleb128 0x4109
 758 008c 01       		.byte	0x1
 759 008d 11       		.uleb128 0x11
 760 008e 01       		.uleb128 0x1
 761 008f 31       		.uleb128 0x31
 762 0090 13       		.uleb128 0x13
 763 0091 00       		.byte	0
 764 0092 00       		.byte	0
 765 0093 0D       		.uleb128 0xd
 766 0094 8A8201   		.uleb128 0x410a
 767 0097 00       		.byte	0
 768 0098 02       		.uleb128 0x2
 769 0099 18       		.uleb128 0x18
 770 009a 9142     		.uleb128 0x2111
 771 009c 18       		.uleb128 0x18
 772 009d 00       		.byte	0
 773 009e 00       		.byte	0
 774 009f 0E       		.uleb128 0xe
 775 00a0 898201   		.uleb128 0x4109
 776 00a3 01       		.byte	0x1
 777 00a4 11       		.uleb128 0x11
 778 00a5 01       		.uleb128 0x1
 779 00a6 31       		.uleb128 0x31
 780 00a7 13       		.uleb128 0x13
 781 00a8 01       		.uleb128 0x1
 782 00a9 13       		.uleb128 0x13
 783 00aa 00       		.byte	0
 784 00ab 00       		.byte	0
 785 00ac 0F       		.uleb128 0xf
 786 00ad 2E       		.uleb128 0x2e
 787 00ae 01       		.byte	0x1
 788 00af 3F       		.uleb128 0x3f
 789 00b0 19       		.uleb128 0x19
ARM GAS  C:\Users\Dylan\AppData\Local\Temp\cc3i6W2g.s 			page 20


 790 00b1 03       		.uleb128 0x3
 791 00b2 0E       		.uleb128 0xe
 792 00b3 3A       		.uleb128 0x3a
 793 00b4 0B       		.uleb128 0xb
 794 00b5 3B       		.uleb128 0x3b
 795 00b6 0B       		.uleb128 0xb
 796 00b7 27       		.uleb128 0x27
 797 00b8 19       		.uleb128 0x19
 798 00b9 11       		.uleb128 0x11
 799 00ba 01       		.uleb128 0x1
 800 00bb 12       		.uleb128 0x12
 801 00bc 06       		.uleb128 0x6
 802 00bd 40       		.uleb128 0x40
 803 00be 18       		.uleb128 0x18
 804 00bf 9742     		.uleb128 0x2117
 805 00c1 19       		.uleb128 0x19
 806 00c2 01       		.uleb128 0x1
 807 00c3 13       		.uleb128 0x13
 808 00c4 00       		.byte	0
 809 00c5 00       		.byte	0
 810 00c6 10       		.uleb128 0x10
 811 00c7 0B       		.uleb128 0xb
 812 00c8 01       		.byte	0x1
 813 00c9 11       		.uleb128 0x11
 814 00ca 01       		.uleb128 0x1
 815 00cb 12       		.uleb128 0x12
 816 00cc 06       		.uleb128 0x6
 817 00cd 01       		.uleb128 0x1
 818 00ce 13       		.uleb128 0x13
 819 00cf 00       		.byte	0
 820 00d0 00       		.byte	0
 821 00d1 11       		.uleb128 0x11
 822 00d2 13       		.uleb128 0x13
 823 00d3 01       		.byte	0x1
 824 00d4 0B       		.uleb128 0xb
 825 00d5 0B       		.uleb128 0xb
 826 00d6 3A       		.uleb128 0x3a
 827 00d7 0B       		.uleb128 0xb
 828 00d8 3B       		.uleb128 0x3b
 829 00d9 0B       		.uleb128 0xb
 830 00da 01       		.uleb128 0x1
 831 00db 13       		.uleb128 0x13
 832 00dc 00       		.byte	0
 833 00dd 00       		.byte	0
 834 00de 12       		.uleb128 0x12
 835 00df 0D       		.uleb128 0xd
 836 00e0 00       		.byte	0
 837 00e1 03       		.uleb128 0x3
 838 00e2 0E       		.uleb128 0xe
 839 00e3 3A       		.uleb128 0x3a
 840 00e4 0B       		.uleb128 0xb
 841 00e5 3B       		.uleb128 0x3b
 842 00e6 0B       		.uleb128 0xb
 843 00e7 49       		.uleb128 0x49
 844 00e8 13       		.uleb128 0x13
 845 00e9 38       		.uleb128 0x38
 846 00ea 0B       		.uleb128 0xb
ARM GAS  C:\Users\Dylan\AppData\Local\Temp\cc3i6W2g.s 			page 21


 847 00eb 00       		.byte	0
 848 00ec 00       		.byte	0
 849 00ed 13       		.uleb128 0x13
 850 00ee 01       		.uleb128 0x1
 851 00ef 01       		.byte	0x1
 852 00f0 49       		.uleb128 0x49
 853 00f1 13       		.uleb128 0x13
 854 00f2 01       		.uleb128 0x1
 855 00f3 13       		.uleb128 0x13
 856 00f4 00       		.byte	0
 857 00f5 00       		.byte	0
 858 00f6 14       		.uleb128 0x14
 859 00f7 21       		.uleb128 0x21
 860 00f8 00       		.byte	0
 861 00f9 49       		.uleb128 0x49
 862 00fa 13       		.uleb128 0x13
 863 00fb 2F       		.uleb128 0x2f
 864 00fc 0B       		.uleb128 0xb
 865 00fd 00       		.byte	0
 866 00fe 00       		.byte	0
 867 00ff 15       		.uleb128 0x15
 868 0100 34       		.uleb128 0x34
 869 0101 00       		.byte	0
 870 0102 03       		.uleb128 0x3
 871 0103 0E       		.uleb128 0xe
 872 0104 3A       		.uleb128 0x3a
 873 0105 0B       		.uleb128 0xb
 874 0106 3B       		.uleb128 0x3b
 875 0107 0B       		.uleb128 0xb
 876 0108 49       		.uleb128 0x49
 877 0109 13       		.uleb128 0x13
 878 010a 02       		.uleb128 0x2
 879 010b 18       		.uleb128 0x18
 880 010c 00       		.byte	0
 881 010d 00       		.byte	0
 882 010e 16       		.uleb128 0x16
 883 010f 26       		.uleb128 0x26
 884 0110 00       		.byte	0
 885 0111 49       		.uleb128 0x49
 886 0112 13       		.uleb128 0x13
 887 0113 00       		.byte	0
 888 0114 00       		.byte	0
 889 0115 17       		.uleb128 0x17
 890 0116 34       		.uleb128 0x34
 891 0117 00       		.byte	0
 892 0118 03       		.uleb128 0x3
 893 0119 08       		.uleb128 0x8
 894 011a 3A       		.uleb128 0x3a
 895 011b 0B       		.uleb128 0xb
 896 011c 3B       		.uleb128 0x3b
 897 011d 0B       		.uleb128 0xb
 898 011e 49       		.uleb128 0x49
 899 011f 13       		.uleb128 0x13
 900 0120 02       		.uleb128 0x2
 901 0121 17       		.uleb128 0x17
 902 0122 00       		.byte	0
 903 0123 00       		.byte	0
ARM GAS  C:\Users\Dylan\AppData\Local\Temp\cc3i6W2g.s 			page 22


 904 0124 18       		.uleb128 0x18
 905 0125 0B       		.uleb128 0xb
 906 0126 01       		.byte	0x1
 907 0127 11       		.uleb128 0x11
 908 0128 01       		.uleb128 0x1
 909 0129 12       		.uleb128 0x12
 910 012a 06       		.uleb128 0x6
 911 012b 00       		.byte	0
 912 012c 00       		.byte	0
 913 012d 19       		.uleb128 0x19
 914 012e 898201   		.uleb128 0x4109
 915 0131 00       		.byte	0
 916 0132 11       		.uleb128 0x11
 917 0133 01       		.uleb128 0x1
 918 0134 31       		.uleb128 0x31
 919 0135 13       		.uleb128 0x13
 920 0136 00       		.byte	0
 921 0137 00       		.byte	0
 922 0138 1A       		.uleb128 0x1a
 923 0139 2E       		.uleb128 0x2e
 924 013a 01       		.byte	0x1
 925 013b 3F       		.uleb128 0x3f
 926 013c 19       		.uleb128 0x19
 927 013d 03       		.uleb128 0x3
 928 013e 0E       		.uleb128 0xe
 929 013f 27       		.uleb128 0x27
 930 0140 19       		.uleb128 0x19
 931 0141 49       		.uleb128 0x49
 932 0142 13       		.uleb128 0x13
 933 0143 34       		.uleb128 0x34
 934 0144 19       		.uleb128 0x19
 935 0145 3C       		.uleb128 0x3c
 936 0146 19       		.uleb128 0x19
 937 0147 01       		.uleb128 0x1
 938 0148 13       		.uleb128 0x13
 939 0149 00       		.byte	0
 940 014a 00       		.byte	0
 941 014b 1B       		.uleb128 0x1b
 942 014c 05       		.uleb128 0x5
 943 014d 00       		.byte	0
 944 014e 49       		.uleb128 0x49
 945 014f 13       		.uleb128 0x13
 946 0150 00       		.byte	0
 947 0151 00       		.byte	0
 948 0152 1C       		.uleb128 0x1c
 949 0153 2E       		.uleb128 0x2e
 950 0154 01       		.byte	0x1
 951 0155 3F       		.uleb128 0x3f
 952 0156 19       		.uleb128 0x19
 953 0157 03       		.uleb128 0x3
 954 0158 0E       		.uleb128 0xe
 955 0159 3A       		.uleb128 0x3a
 956 015a 0B       		.uleb128 0xb
 957 015b 3B       		.uleb128 0x3b
 958 015c 0B       		.uleb128 0xb
 959 015d 27       		.uleb128 0x27
 960 015e 19       		.uleb128 0x19
ARM GAS  C:\Users\Dylan\AppData\Local\Temp\cc3i6W2g.s 			page 23


 961 015f 3C       		.uleb128 0x3c
 962 0160 19       		.uleb128 0x19
 963 0161 01       		.uleb128 0x1
 964 0162 13       		.uleb128 0x13
 965 0163 00       		.byte	0
 966 0164 00       		.byte	0
 967 0165 1D       		.uleb128 0x1d
 968 0166 2E       		.uleb128 0x2e
 969 0167 01       		.byte	0x1
 970 0168 3F       		.uleb128 0x3f
 971 0169 19       		.uleb128 0x19
 972 016a 03       		.uleb128 0x3
 973 016b 0E       		.uleb128 0xe
 974 016c 3A       		.uleb128 0x3a
 975 016d 0B       		.uleb128 0xb
 976 016e 3B       		.uleb128 0x3b
 977 016f 0B       		.uleb128 0xb
 978 0170 27       		.uleb128 0x27
 979 0171 19       		.uleb128 0x19
 980 0172 49       		.uleb128 0x49
 981 0173 13       		.uleb128 0x13
 982 0174 3C       		.uleb128 0x3c
 983 0175 19       		.uleb128 0x19
 984 0176 01       		.uleb128 0x1
 985 0177 13       		.uleb128 0x13
 986 0178 00       		.byte	0
 987 0179 00       		.byte	0
 988 017a 1E       		.uleb128 0x1e
 989 017b 2E       		.uleb128 0x2e
 990 017c 01       		.byte	0x1
 991 017d 3F       		.uleb128 0x3f
 992 017e 19       		.uleb128 0x19
 993 017f 03       		.uleb128 0x3
 994 0180 0E       		.uleb128 0xe
 995 0181 3A       		.uleb128 0x3a
 996 0182 0B       		.uleb128 0xb
 997 0183 3B       		.uleb128 0x3b
 998 0184 0B       		.uleb128 0xb
 999 0185 27       		.uleb128 0x27
 1000 0186 19       		.uleb128 0x19
 1001 0187 3C       		.uleb128 0x3c
 1002 0188 19       		.uleb128 0x19
 1003 0189 00       		.byte	0
 1004 018a 00       		.byte	0
 1005 018b 00       		.byte	0
 1006              		.section	.debug_loc,"",%progbits
 1007              	.Ldebug_loc0:
 1008              	.LLST0:
 1009 0000 00000000 		.4byte	.LVL0
 1010 0004 09000000 		.4byte	.LVL2-1
 1011 0008 0100     		.2byte	0x1
 1012 000a 50       		.byte	0x50
 1013 000b 09000000 		.4byte	.LVL2-1
 1014 000f 0C000000 		.4byte	.LFE0
 1015 0013 0400     		.2byte	0x4
 1016 0015 F3       		.byte	0xf3
 1017 0016 01       		.uleb128 0x1
ARM GAS  C:\Users\Dylan\AppData\Local\Temp\cc3i6W2g.s 			page 24


 1018 0017 50       		.byte	0x50
 1019 0018 9F       		.byte	0x9f
 1020 0019 00000000 		.4byte	0
 1021 001d 00000000 		.4byte	0
 1022              	.LLST1:
 1023 0021 00000000 		.4byte	.LVL0
 1024 0025 06000000 		.4byte	.LVL1
 1025 0029 0100     		.2byte	0x1
 1026 002b 51       		.byte	0x51
 1027 002c 06000000 		.4byte	.LVL1
 1028 0030 09000000 		.4byte	.LVL2-1
 1029 0034 0100     		.2byte	0x1
 1030 0036 52       		.byte	0x52
 1031 0037 09000000 		.4byte	.LVL2-1
 1032 003b 0C000000 		.4byte	.LFE0
 1033 003f 0400     		.2byte	0x4
 1034 0041 F3       		.byte	0xf3
 1035 0042 01       		.uleb128 0x1
 1036 0043 51       		.byte	0x51
 1037 0044 9F       		.byte	0x9f
 1038 0045 00000000 		.4byte	0
 1039 0049 00000000 		.4byte	0
 1040              	.LLST2:
 1041 004d 94000000 		.4byte	.LVL6
 1042 0051 98000000 		.4byte	.LVL7
 1043 0055 0200     		.2byte	0x2
 1044 0057 30       		.byte	0x30
 1045 0058 9F       		.byte	0x9f
 1046 0059 98000000 		.4byte	.LVL7
 1047 005d B8000000 		.4byte	.LVL9
 1048 0061 0100     		.2byte	0x1
 1049 0063 54       		.byte	0x54
 1050 0064 BA000000 		.4byte	.LVL10
 1051 0068 EA000000 		.4byte	.LVL11
 1052 006c 0100     		.2byte	0x1
 1053 006e 54       		.byte	0x54
 1054 006f 00000000 		.4byte	0
 1055 0073 00000000 		.4byte	0
 1056              	.LLST3:
 1057 0077 98000000 		.4byte	.LVL7
 1058 007b B8000000 		.4byte	.LVL9
 1059 007f 0B00     		.2byte	0xb
 1060 0081 74       		.byte	0x74
 1061 0082 00       		.sleb128 0
 1062 0083 36       		.byte	0x36
 1063 0084 1E       		.byte	0x1e
 1064 0085 03       		.byte	0x3
 1065 0086 00000000 		.4byte	cfg_memset_list.4714
 1066 008a 22       		.byte	0x22
 1067 008b 9F       		.byte	0x9f
 1068 008c B8000000 		.4byte	.LVL9
 1069 0090 BA000000 		.4byte	.LVL10
 1070 0094 0B00     		.2byte	0xb
 1071 0096 74       		.byte	0x74
 1072 0097 7F       		.sleb128 -1
 1073 0098 36       		.byte	0x36
 1074 0099 1E       		.byte	0x1e
ARM GAS  C:\Users\Dylan\AppData\Local\Temp\cc3i6W2g.s 			page 25


 1075 009a 03       		.byte	0x3
 1076 009b 00000000 		.4byte	cfg_memset_list.4714
 1077 009f 22       		.byte	0x22
 1078 00a0 9F       		.byte	0x9f
 1079 00a1 00000000 		.4byte	0
 1080 00a5 00000000 		.4byte	0
 1081              		.section	.debug_aranges,"",%progbits
 1082 0000 2C000000 		.4byte	0x2c
 1083 0004 0200     		.2byte	0x2
 1084 0006 00000000 		.4byte	.Ldebug_info0
 1085 000a 04       		.byte	0x4
 1086 000b 00       		.byte	0
 1087 000c 0000     		.2byte	0
 1088 000e 0000     		.2byte	0
 1089 0010 00000000 		.4byte	.LFB0
 1090 0014 0C000000 		.4byte	.LFE0-.LFB0
 1091 0018 00000000 		.4byte	.LFB3
 1092 001c 90000000 		.4byte	.LFE3-.LFB3
 1093 0020 90000000 		.4byte	.LFB5
 1094 0024 D8000000 		.4byte	.LFE5-.LFB5
 1095 0028 00000000 		.4byte	0
 1096 002c 00000000 		.4byte	0
 1097              		.section	.debug_ranges,"",%progbits
 1098              	.Ldebug_ranges0:
 1099 0000 00000000 		.4byte	.LFB0
 1100 0004 0C000000 		.4byte	.LFE0
 1101 0008 00000000 		.4byte	.LFB3
 1102 000c 90000000 		.4byte	.LFE3
 1103 0010 90000000 		.4byte	.LFB5
 1104 0014 68010000 		.4byte	.LFE5
 1105 0018 00000000 		.4byte	0
 1106 001c 00000000 		.4byte	0
 1107              		.section	.debug_line,"",%progbits
 1108              	.Ldebug_line0:
 1109 0000 37010000 		.section	.debug_str,"MS",%progbits,1
 1109      0200D800 
 1109      00000201 
 1109      FB0E0D00 
 1109      01010101 
 1110              	.LASF18:
 1111 0000 72656733 		.ascii	"reg32\000"
 1111      3200
 1112              	.LASF11:
 1113 0006 73697A65 		.ascii	"size_t\000"
 1113      5F7400
 1114              	.LASF32:
 1115 000d 4379496E 		.ascii	"CyIntSetVector\000"
 1115      74536574 
 1115      56656374 
 1115      6F7200
 1116              	.LASF25:
 1117 001c 6366675F 		.ascii	"cfg_memset_list\000"
 1117      6D656D73 
 1117      65745F6C 
 1117      69737400 
 1118              	.LASF21:
 1119 002c 436C6F63 		.ascii	"ClockSetup\000"
ARM GAS  C:\Users\Dylan\AppData\Local\Temp\cc3i6W2g.s 			page 26


 1119      6B536574 
 1119      757000
 1120              	.LASF4:
 1121 0037 73686F72 		.ascii	"short unsigned int\000"
 1121      7420756E 
 1121      7369676E 
 1121      65642069 
 1121      6E7400
 1122              	.LASF30:
 1123 004a 433A5C55 		.ascii	"C:\\Users\\Dylan\\Documents\\Psoc en cours\\ADXL345"
 1123      73657273 
 1123      5C44796C 
 1123      616E5C44 
 1123      6F63756D 
 1124 0078 5C414458 		.ascii	"\\ADXL345_recepteur_13bits\\ADXL345_recepteur\\ADXL"
 1124      4C333435 
 1124      5F726563 
 1124      65707465 
 1124      75725F31 
 1125 00a8 3334355F 		.ascii	"345_recepteur.cydsn\000"
 1125      72656365 
 1125      70746575 
 1125      722E6379 
 1125      64736E00 
 1126              	.LASF15:
 1127 00bc 666C6F61 		.ascii	"float\000"
 1127      7400
 1128              	.LASF23:
 1129 00c2 73697A65 		.ascii	"size\000"
 1129      00
 1130              	.LASF17:
 1131 00c7 72656738 		.ascii	"reg8\000"
 1131      00
 1132              	.LASF6:
 1133 00cc 6C6F6E67 		.ascii	"long unsigned int\000"
 1133      20756E73 
 1133      69676E65 
 1133      6420696E 
 1133      7400
 1134              	.LASF12:
 1135 00de 75696E74 		.ascii	"uint8\000"
 1135      3800
 1136              	.LASF20:
 1137 00e4 43594D45 		.ascii	"CYMEMZERO\000"
 1137      4D5A4552 
 1137      4F00
 1138              	.LASF2:
 1139 00ee 756E7369 		.ascii	"unsigned char\000"
 1139      676E6564 
 1139      20636861 
 1139      7200
 1140              	.LASF26:
 1141 00fc 6D656D73 		.ascii	"memset\000"
 1141      657400
 1142              	.LASF16:
 1143 0103 646F7562 		.ascii	"double\000"
 1143      6C6500
ARM GAS  C:\Users\Dylan\AppData\Local\Temp\cc3i6W2g.s 			page 27


 1144              	.LASF33:
 1145 010a 4379496E 		.ascii	"CyIntEnable\000"
 1145      74456E61 
 1145      626C6500 
 1146              	.LASF13:
 1147 0116 75696E74 		.ascii	"uint16\000"
 1147      313600
 1148              	.LASF14:
 1149 011d 75696E74 		.ascii	"uint32\000"
 1149      333200
 1150              	.LASF0:
 1151 0124 756E7369 		.ascii	"unsigned int\000"
 1151      676E6564 
 1151      20696E74 
 1151      00
 1152              	.LASF31:
 1153 0131 63796669 		.ascii	"cyfitter_cfg\000"
 1153      74746572 
 1153      5F636667 
 1153      00
 1154              	.LASF22:
 1155 013e 61646472 		.ascii	"address\000"
 1155      65737300 
 1156              	.LASF8:
 1157 0146 6C6F6E67 		.ascii	"long long unsigned int\000"
 1157      206C6F6E 
 1157      6720756E 
 1157      7369676E 
 1157      65642069 
 1158              	.LASF19:
 1159 015d 63796973 		.ascii	"cyisraddress\000"
 1159      72616464 
 1159      72657373 
 1159      00
 1160              	.LASF24:
 1161 016a 6366675F 		.ascii	"cfg_memset_t\000"
 1161      6D656D73 
 1161      65745F74 
 1161      00
 1162              	.LASF29:
 1163 0177 2E5C4765 		.ascii	".\\Generated_Source\\PSoC4\\cyfitter_cfg.c\000"
 1163      6E657261 
 1163      7465645F 
 1163      536F7572 
 1163      63655C50 
 1164              	.LASF9:
 1165 019f 73697A65 		.ascii	"sizetype\000"
 1165      74797065 
 1165      00
 1166              	.LASF7:
 1167 01a8 6C6F6E67 		.ascii	"long long int\000"
 1167      206C6F6E 
 1167      6720696E 
 1167      7400
 1168              	.LASF10:
 1169 01b6 63686172 		.ascii	"char\000"
 1169      00
ARM GAS  C:\Users\Dylan\AppData\Local\Temp\cc3i6W2g.s 			page 28


 1170              	.LASF28:
 1171 01bb 474E5520 		.ascii	"GNU C 4.9.3 20150303 (release) [ARM/embedded-4_9-br"
 1171      4320342E 
 1171      392E3320 
 1171      32303135 
 1171      30333033 
 1172 01ee 616E6368 		.ascii	"anch revision 221220] -mcpu=cortex-m0 -mthumb -g -O"
 1172      20726576 
 1172      6973696F 
 1172      6E203232 
 1172      31323230 
 1173 0221 67202D66 		.ascii	"g -ffunction-sections -ffat-lto-objects\000"
 1173      66756E63 
 1173      74696F6E 
 1173      2D736563 
 1173      74696F6E 
 1174              	.LASF3:
 1175 0249 73686F72 		.ascii	"short int\000"
 1175      7420696E 
 1175      7400
 1176              	.LASF27:
 1177 0253 43795379 		.ascii	"CySysClkWriteImoFreq\000"
 1177      73436C6B 
 1177      57726974 
 1177      65496D6F 
 1177      46726571 
 1178              	.LASF5:
 1179 0268 6C6F6E67 		.ascii	"long int\000"
 1179      20696E74 
 1179      00
 1180              	.LASF1:
 1181 0271 7369676E 		.ascii	"signed char\000"
 1181      65642063 
 1181      68617200 
 1182              		.ident	"GCC: (GNU Tools for ARM Embedded Processors) 4.9.3 20150303 (release) [ARM/embedded-4_9-br
