ARM GAS  C:\Users\Dylan\AppData\Local\Temp\ccVzxTKX.s 			page 1


   1              		.cpu cortex-m0
   2              		.fpu softvfp
   3              		.eabi_attribute 20, 1
   4              		.eabi_attribute 21, 1
   5              		.eabi_attribute 23, 3
   6              		.eabi_attribute 24, 1
   7              		.eabi_attribute 25, 1
   8              		.eabi_attribute 26, 1
   9              		.eabi_attribute 30, 1
  10              		.eabi_attribute 34, 0
  11              		.eabi_attribute 18, 4
  12              		.code	16
  13              		.file	"fonction.c"
  14              		.text
  15              	.Ltext0:
  16              		.cfi_sections	.debug_frame
  17              		.section	.text.reception,"ax",%progbits
  18              		.align	2
  19              		.global	reception
  20              		.code	16
  21              		.thumb_func
  22              		.type	reception, %function
  23              	reception:
  24              	.LFB33:
  25              		.file 1 ".\\fonction.c"
   1:.\fonction.c  **** /* ========================================
   2:.\fonction.c  ****  *
   3:.\fonction.c  ****  * Copyright YOUR COMPANY, THE YEAR
   4:.\fonction.c  ****  * All Rights Reserved
   5:.\fonction.c  ****  * UNPUBLISHED, LICENSED SOFTWARE.
   6:.\fonction.c  ****  *
   7:.\fonction.c  ****  * CONFIDENTIAL AND PROPRIETARY INFORMATION
   8:.\fonction.c  ****  * WHICH IS THE PROPERTY OF your company.
   9:.\fonction.c  ****  *
  10:.\fonction.c  ****  * ========================================
  11:.\fonction.c  **** */
  12:.\fonction.c  **** #include <fonction.h>
  13:.\fonction.c  **** #include <project.h>
  14:.\fonction.c  **** 
  15:.\fonction.c  **** #include <string.h>
  16:.\fonction.c  **** #include <stdio.h>
  17:.\fonction.c  **** 
  18:.\fonction.c  **** 
  19:.\fonction.c  **** uint16 reception(int8 *voie){
  26              		.loc 1 19 0
  27              		.cfi_startproc
  28              	.LVL0:
  29 0000 38B5     		push	{r3, r4, r5, lr}
  30              		.cfi_def_cfa_offset 16
  31              		.cfi_offset 3, -16
  32              		.cfi_offset 4, -12
  33              		.cfi_offset 5, -8
  34              		.cfi_offset 14, -4
  35 0002 051C     		mov	r5, r0
  36              	.LVL1:
  37              	.L2:
  20:.\fonction.c  ****     
ARM GAS  C:\Users\Dylan\AppData\Local\Temp\ccVzxTKX.s 			page 2


  21:.\fonction.c  ****     	    char remote_char_low = 0;
  22:.\fonction.c  ****             char remote_char_high = 0;
  23:.\fonction.c  ****     
  24:.\fonction.c  ****             // on attend un octet avec le flag 1 (pour le high)
  25:.\fonction.c  ****             do{
  26:.\fonction.c  ****                     while(XBee_SpiUartGetRxBufferSize() == 0);
  38              		.loc 1 26 0 discriminator 1
  39 0004 FFF7FEFF 		bl	XBee_SpiUartGetRxBufferSize
  40              	.LVL2:
  41 0008 0028     		cmp	r0, #0
  42 000a FBD0     		beq	.L2
  27:.\fonction.c  ****                     remote_char_high = XBee_UartGetChar();
  43              		.loc 1 27 0
  44 000c FFF7FEFF 		bl	XBee_UartGetChar
  45              	.LVL3:
  28:.\fonction.c  ****                 }
  29:.\fonction.c  ****             while((remote_char_high & 0x80) != 0x80);
  46              		.loc 1 29 0
  47 0010 C4B2     		uxtb	r4, r0
  48 0012 0306     		lsl	r3, r0, #24
  49 0014 F6D5     		bpl	.L2
  30:.\fonction.c  ****             
  31:.\fonction.c  ****             
  32:.\fonction.c  ****             switch (remote_char_high & 0xC0)
  50              		.loc 1 32 0
  51 0016 C023     		mov	r3, #192
  52 0018 1840     		and	r0, r3
  53              	.LVL4:
  54 001a 8028     		cmp	r0, #128
  55 001c 06D0     		beq	.L5
  56 001e C028     		cmp	r0, #192
  57 0020 0AD1     		bne	.L10
  33:.\fonction.c  ****             {
  34:.\fonction.c  ****                 case 0xC0 ://si on recoit a_x, on le sait (c'est le seul a avoir le flag 11
  35:.\fonction.c  ****                 {
  36:.\fonction.c  ****                     remote_char_high -= 0xC0;
  58              		.loc 1 36 0
  59 0022 4034     		add	r4, r4, #64
  60              	.LVL5:
  61 0024 E4B2     		uxtb	r4, r4
  62              	.LVL6:
  37:.\fonction.c  ****                     *voie = 1 ;
  63              		.loc 1 37 0
  64 0026 BF3B     		sub	r3, r3, #191
  65 0028 2B70     		strb	r3, [r5]
  38:.\fonction.c  ****                     break;    
  66              		.loc 1 38 0
  67 002a 07E0     		b	.L8
  68              	.L5:
  39:.\fonction.c  ****                 }
  40:.\fonction.c  ****                 
  41:.\fonction.c  ****                 case 0x80 :// si on a le flag 10 c'est qu'on a bien eu la valeur suivante
  42:.\fonction.c  ****                 {
  43:.\fonction.c  ****                     remote_char_high -= 0x80;
  69              		.loc 1 43 0
  70 002c 803C     		sub	r4, r4, #128
  71              	.LVL7:
ARM GAS  C:\Users\Dylan\AppData\Local\Temp\ccVzxTKX.s 			page 3


  72 002e E4B2     		uxtb	r4, r4
  73              	.LVL8:
  44:.\fonction.c  ****                     *voie = *voie + 1 ;
  74              		.loc 1 44 0
  75 0030 2B78     		ldrb	r3, [r5]
  76 0032 0133     		add	r3, r3, #1
  77 0034 2B70     		strb	r3, [r5]
  45:.\fonction.c  ****                     break;
  78              		.loc 1 45 0
  79 0036 01E0     		b	.L8
  80              	.L10:
  46:.\fonction.c  ****                 }
  47:.\fonction.c  ****                 default :
  48:.\fonction.c  ****                 {
  49:.\fonction.c  ****                  *voie = 0 ;   
  81              		.loc 1 49 0
  82 0038 0023     		mov	r3, #0
  83 003a 2B70     		strb	r3, [r5]
  84              	.LVL9:
  85              	.L8:
  50:.\fonction.c  ****                 }   
  51:.\fonction.c  ****             }
  52:.\fonction.c  ****             
  53:.\fonction.c  ****             //le prochain c'est le low :
  54:.\fonction.c  ****             while (XBee_SpiUartGetRxBufferSize()==0); // on attends.  
  86              		.loc 1 54 0 discriminator 1
  87 003c FFF7FEFF 		bl	XBee_SpiUartGetRxBufferSize
  88              	.LVL10:
  89 0040 0028     		cmp	r0, #0
  90 0042 FBD0     		beq	.L8
  55:.\fonction.c  ****             remote_char_low = XBee_UartGetChar();
  91              		.loc 1 55 0
  92 0044 FFF7FEFF 		bl	XBee_UartGetChar
  93              	.LVL11:
  56:.\fonction.c  ****             
  57:.\fonction.c  ****             // si ce n'est pas normal (on n'a pas le flag )
  58:.\fonction.c  ****             if ( !((remote_char_low & 0x80) == 0x00)){
  94              		.loc 1 58 0
  95 0048 C3B2     		uxtb	r3, r0
  96 004a 0206     		lsl	r2, r0, #24
  97 004c 01D5     		bpl	.L9
  59:.\fonction.c  ****                 *voie = 0 ;
  98              		.loc 1 59 0
  99 004e 0022     		mov	r2, #0
 100 0050 2A70     		strb	r2, [r5]
 101              	.L9:
  60:.\fonction.c  ****             }
  61:.\fonction.c  ****                 
  62:.\fonction.c  ****             // On reforme l'uint16.
  63:.\fonction.c  ****             uint16 numeric_acc = (remote_char_high & 0x3F) ;
 102              		.loc 1 63 0
 103 0052 3F22     		mov	r2, #63
 104 0054 1440     		and	r4, r2
 105              	.LVL12:
  64:.\fonction.c  ****             numeric_acc <<=7; //decallage de 7 bits vers la gauche et affecte à numeric_acc
 106              		.loc 1 64 0
 107 0056 E401     		lsl	r4, r4, #7
ARM GAS  C:\Users\Dylan\AppData\Local\Temp\ccVzxTKX.s 			page 4


 108              	.LVL13:
  65:.\fonction.c  ****             numeric_acc += remote_char_low & 0x7F;
 109              		.loc 1 65 0
 110 0058 4032     		add	r2, r2, #64
 111 005a 1340     		and	r3, r2
 112 005c E418     		add	r4, r4, r3
 113              	.LVL14:
  66:.\fonction.c  ****             CyDelay(10);
 114              		.loc 1 66 0
 115 005e 0A20     		mov	r0, #10
 116              	.LVL15:
 117 0060 FFF7FEFF 		bl	CyDelay
 118              	.LVL16:
  67:.\fonction.c  ****             
  68:.\fonction.c  ****             return numeric_acc;
  69:.\fonction.c  ****                
  70:.\fonction.c  **** }
 119              		.loc 1 70 0
 120 0064 201C     		mov	r0, r4
 121              		@ sp needed
 122              	.LVL17:
 123              	.LVL18:
 124 0066 38BD     		pop	{r3, r4, r5, pc}
 125              		.cfi_endproc
 126              	.LFE33:
 127              		.size	reception, .-reception
 128              		.text
 129              	.Letext0:
 130              		.file 2 "Generated_Source\\PSoC4/cytypes.h"
 131              		.file 3 "Generated_Source\\PSoC4/XBee_SPI_UART.h"
 132              		.file 4 "Generated_Source\\PSoC4/CyLib.h"
 133              		.section	.debug_info,"",%progbits
 134              	.Ldebug_info0:
 135 0000 59010000 		.4byte	0x159
 136 0004 0400     		.2byte	0x4
 137 0006 00000000 		.4byte	.Ldebug_abbrev0
 138 000a 04       		.byte	0x4
 139 000b 01       		.uleb128 0x1
 140 000c 57010000 		.4byte	.LASF21
 141 0010 01       		.byte	0x1
 142 0011 2B010000 		.4byte	.LASF22
 143 0015 C8000000 		.4byte	.LASF23
 144 0019 00000000 		.4byte	.Ldebug_ranges0+0
 145 001d 00000000 		.4byte	0
 146 0021 00000000 		.4byte	.Ldebug_line0
 147 0025 02       		.uleb128 0x2
 148 0026 01       		.byte	0x1
 149 0027 06       		.byte	0x6
 150 0028 4B010000 		.4byte	.LASF0
 151 002c 02       		.uleb128 0x2
 152 002d 01       		.byte	0x1
 153 002e 08       		.byte	0x8
 154 002f 7D000000 		.4byte	.LASF1
 155 0033 02       		.uleb128 0x2
 156 0034 02       		.byte	0x2
 157 0035 05       		.byte	0x5
 158 0036 E5010000 		.4byte	.LASF2
ARM GAS  C:\Users\Dylan\AppData\Local\Temp\ccVzxTKX.s 			page 5


 159 003a 02       		.uleb128 0x2
 160 003b 02       		.byte	0x2
 161 003c 07       		.byte	0x7
 162 003d 38010000 		.4byte	.LASF3
 163 0041 02       		.uleb128 0x2
 164 0042 04       		.byte	0x4
 165 0043 05       		.byte	0x5
 166 0044 AC000000 		.4byte	.LASF4
 167 0048 02       		.uleb128 0x2
 168 0049 04       		.byte	0x4
 169 004a 07       		.byte	0x7
 170 004b 49000000 		.4byte	.LASF5
 171 004f 02       		.uleb128 0x2
 172 0050 08       		.byte	0x8
 173 0051 05       		.byte	0x5
 174 0052 00000000 		.4byte	.LASF6
 175 0056 02       		.uleb128 0x2
 176 0057 08       		.byte	0x8
 177 0058 07       		.byte	0x7
 178 0059 5B000000 		.4byte	.LASF7
 179 005d 03       		.uleb128 0x3
 180 005e 04       		.byte	0x4
 181 005f 05       		.byte	0x5
 182 0060 696E7400 		.ascii	"int\000"
 183 0064 02       		.uleb128 0x2
 184 0065 04       		.byte	0x4
 185 0066 07       		.byte	0x7
 186 0067 15000000 		.4byte	.LASF8
 187 006b 04       		.uleb128 0x4
 188 006c EF010000 		.4byte	.LASF9
 189 0070 02       		.byte	0x2
 190 0071 C3       		.byte	0xc3
 191 0072 3A000000 		.4byte	0x3a
 192 0076 04       		.uleb128 0x4
 193 0077 0E000000 		.4byte	.LASF10
 194 007b 02       		.byte	0x2
 195 007c C4       		.byte	0xc4
 196 007d 48000000 		.4byte	0x48
 197 0081 04       		.uleb128 0x4
 198 0082 3C000000 		.4byte	.LASF11
 199 0086 02       		.byte	0x2
 200 0087 C5       		.byte	0xc5
 201 0088 25000000 		.4byte	0x25
 202 008c 02       		.uleb128 0x2
 203 008d 04       		.byte	0x4
 204 008e 04       		.byte	0x4
 205 008f 72000000 		.4byte	.LASF12
 206 0093 02       		.uleb128 0x2
 207 0094 08       		.byte	0x8
 208 0095 04       		.byte	0x4
 209 0096 C1000000 		.4byte	.LASF13
 210 009a 02       		.uleb128 0x2
 211 009b 01       		.byte	0x1
 212 009c 08       		.byte	0x8
 213 009d 8B000000 		.4byte	.LASF14
 214 00a1 02       		.uleb128 0x2
 215 00a2 04       		.byte	0x4
ARM GAS  C:\Users\Dylan\AppData\Local\Temp\ccVzxTKX.s 			page 6


 216 00a3 07       		.byte	0x7
 217 00a4 07020000 		.4byte	.LASF15
 218 00a8 05       		.uleb128 0x5
 219 00a9 32000000 		.4byte	.LASF24
 220 00ad 01       		.byte	0x1
 221 00ae 13       		.byte	0x13
 222 00af 6B000000 		.4byte	0x6b
 223 00b3 00000000 		.4byte	.LFB33
 224 00b7 68000000 		.4byte	.LFE33-.LFB33
 225 00bb 01       		.uleb128 0x1
 226 00bc 9C       		.byte	0x9c
 227 00bd 31010000 		.4byte	0x131
 228 00c1 06       		.uleb128 0x6
 229 00c2 78000000 		.4byte	.LASF25
 230 00c6 01       		.byte	0x1
 231 00c7 13       		.byte	0x13
 232 00c8 31010000 		.4byte	0x131
 233 00cc 00000000 		.4byte	.LLST0
 234 00d0 07       		.uleb128 0x7
 235 00d1 22000000 		.4byte	.LASF16
 236 00d5 01       		.byte	0x1
 237 00d6 15       		.byte	0x15
 238 00d7 9A000000 		.4byte	0x9a
 239 00db 2C000000 		.4byte	.LLST1
 240 00df 07       		.uleb128 0x7
 241 00e0 1A010000 		.4byte	.LASF17
 242 00e4 01       		.byte	0x1
 243 00e5 16       		.byte	0x16
 244 00e6 9A000000 		.4byte	0x9a
 245 00ea 4B000000 		.4byte	.LLST2
 246 00ee 07       		.uleb128 0x7
 247 00ef B5000000 		.4byte	.LASF18
 248 00f3 01       		.byte	0x1
 249 00f4 3F       		.byte	0x3f
 250 00f5 6B000000 		.4byte	0x6b
 251 00f9 9A000000 		.4byte	.LLST3
 252 00fd 08       		.uleb128 0x8
 253 00fe 08000000 		.4byte	.LVL2
 254 0102 37010000 		.4byte	0x137
 255 0106 08       		.uleb128 0x8
 256 0107 10000000 		.4byte	.LVL3
 257 010b 43010000 		.4byte	0x143
 258 010f 08       		.uleb128 0x8
 259 0110 40000000 		.4byte	.LVL10
 260 0114 37010000 		.4byte	0x137
 261 0118 08       		.uleb128 0x8
 262 0119 48000000 		.4byte	.LVL11
 263 011d 43010000 		.4byte	0x143
 264 0121 09       		.uleb128 0x9
 265 0122 64000000 		.4byte	.LVL16
 266 0126 4F010000 		.4byte	0x14f
 267 012a 0A       		.uleb128 0xa
 268 012b 01       		.uleb128 0x1
 269 012c 50       		.byte	0x50
 270 012d 01       		.uleb128 0x1
 271 012e 3A       		.byte	0x3a
 272 012f 00       		.byte	0
ARM GAS  C:\Users\Dylan\AppData\Local\Temp\ccVzxTKX.s 			page 7


 273 0130 00       		.byte	0
 274 0131 0B       		.uleb128 0xb
 275 0132 04       		.byte	0x4
 276 0133 81000000 		.4byte	0x81
 277 0137 0C       		.uleb128 0xc
 278 0138 90000000 		.4byte	.LASF19
 279 013c 03       		.byte	0x3
 280 013d 8601     		.2byte	0x186
 281 013f 76000000 		.4byte	0x76
 282 0143 0C       		.uleb128 0xc
 283 0144 F6010000 		.4byte	.LASF20
 284 0148 03       		.byte	0x3
 285 0149 6A01     		.2byte	0x16a
 286 014b 76000000 		.4byte	0x76
 287 014f 0D       		.uleb128 0xd
 288 0150 41000000 		.4byte	.LASF26
 289 0154 04       		.byte	0x4
 290 0155 57       		.byte	0x57
 291 0156 0E       		.uleb128 0xe
 292 0157 76000000 		.4byte	0x76
 293 015b 00       		.byte	0
 294 015c 00       		.byte	0
 295              		.section	.debug_abbrev,"",%progbits
 296              	.Ldebug_abbrev0:
 297 0000 01       		.uleb128 0x1
 298 0001 11       		.uleb128 0x11
 299 0002 01       		.byte	0x1
 300 0003 25       		.uleb128 0x25
 301 0004 0E       		.uleb128 0xe
 302 0005 13       		.uleb128 0x13
 303 0006 0B       		.uleb128 0xb
 304 0007 03       		.uleb128 0x3
 305 0008 0E       		.uleb128 0xe
 306 0009 1B       		.uleb128 0x1b
 307 000a 0E       		.uleb128 0xe
 308 000b 55       		.uleb128 0x55
 309 000c 17       		.uleb128 0x17
 310 000d 11       		.uleb128 0x11
 311 000e 01       		.uleb128 0x1
 312 000f 10       		.uleb128 0x10
 313 0010 17       		.uleb128 0x17
 314 0011 00       		.byte	0
 315 0012 00       		.byte	0
 316 0013 02       		.uleb128 0x2
 317 0014 24       		.uleb128 0x24
 318 0015 00       		.byte	0
 319 0016 0B       		.uleb128 0xb
 320 0017 0B       		.uleb128 0xb
 321 0018 3E       		.uleb128 0x3e
 322 0019 0B       		.uleb128 0xb
 323 001a 03       		.uleb128 0x3
 324 001b 0E       		.uleb128 0xe
 325 001c 00       		.byte	0
 326 001d 00       		.byte	0
 327 001e 03       		.uleb128 0x3
 328 001f 24       		.uleb128 0x24
 329 0020 00       		.byte	0
ARM GAS  C:\Users\Dylan\AppData\Local\Temp\ccVzxTKX.s 			page 8


 330 0021 0B       		.uleb128 0xb
 331 0022 0B       		.uleb128 0xb
 332 0023 3E       		.uleb128 0x3e
 333 0024 0B       		.uleb128 0xb
 334 0025 03       		.uleb128 0x3
 335 0026 08       		.uleb128 0x8
 336 0027 00       		.byte	0
 337 0028 00       		.byte	0
 338 0029 04       		.uleb128 0x4
 339 002a 16       		.uleb128 0x16
 340 002b 00       		.byte	0
 341 002c 03       		.uleb128 0x3
 342 002d 0E       		.uleb128 0xe
 343 002e 3A       		.uleb128 0x3a
 344 002f 0B       		.uleb128 0xb
 345 0030 3B       		.uleb128 0x3b
 346 0031 0B       		.uleb128 0xb
 347 0032 49       		.uleb128 0x49
 348 0033 13       		.uleb128 0x13
 349 0034 00       		.byte	0
 350 0035 00       		.byte	0
 351 0036 05       		.uleb128 0x5
 352 0037 2E       		.uleb128 0x2e
 353 0038 01       		.byte	0x1
 354 0039 3F       		.uleb128 0x3f
 355 003a 19       		.uleb128 0x19
 356 003b 03       		.uleb128 0x3
 357 003c 0E       		.uleb128 0xe
 358 003d 3A       		.uleb128 0x3a
 359 003e 0B       		.uleb128 0xb
 360 003f 3B       		.uleb128 0x3b
 361 0040 0B       		.uleb128 0xb
 362 0041 27       		.uleb128 0x27
 363 0042 19       		.uleb128 0x19
 364 0043 49       		.uleb128 0x49
 365 0044 13       		.uleb128 0x13
 366 0045 11       		.uleb128 0x11
 367 0046 01       		.uleb128 0x1
 368 0047 12       		.uleb128 0x12
 369 0048 06       		.uleb128 0x6
 370 0049 40       		.uleb128 0x40
 371 004a 18       		.uleb128 0x18
 372 004b 9742     		.uleb128 0x2117
 373 004d 19       		.uleb128 0x19
 374 004e 01       		.uleb128 0x1
 375 004f 13       		.uleb128 0x13
 376 0050 00       		.byte	0
 377 0051 00       		.byte	0
 378 0052 06       		.uleb128 0x6
 379 0053 05       		.uleb128 0x5
 380 0054 00       		.byte	0
 381 0055 03       		.uleb128 0x3
 382 0056 0E       		.uleb128 0xe
 383 0057 3A       		.uleb128 0x3a
 384 0058 0B       		.uleb128 0xb
 385 0059 3B       		.uleb128 0x3b
 386 005a 0B       		.uleb128 0xb
ARM GAS  C:\Users\Dylan\AppData\Local\Temp\ccVzxTKX.s 			page 9


 387 005b 49       		.uleb128 0x49
 388 005c 13       		.uleb128 0x13
 389 005d 02       		.uleb128 0x2
 390 005e 17       		.uleb128 0x17
 391 005f 00       		.byte	0
 392 0060 00       		.byte	0
 393 0061 07       		.uleb128 0x7
 394 0062 34       		.uleb128 0x34
 395 0063 00       		.byte	0
 396 0064 03       		.uleb128 0x3
 397 0065 0E       		.uleb128 0xe
 398 0066 3A       		.uleb128 0x3a
 399 0067 0B       		.uleb128 0xb
 400 0068 3B       		.uleb128 0x3b
 401 0069 0B       		.uleb128 0xb
 402 006a 49       		.uleb128 0x49
 403 006b 13       		.uleb128 0x13
 404 006c 02       		.uleb128 0x2
 405 006d 17       		.uleb128 0x17
 406 006e 00       		.byte	0
 407 006f 00       		.byte	0
 408 0070 08       		.uleb128 0x8
 409 0071 898201   		.uleb128 0x4109
 410 0074 00       		.byte	0
 411 0075 11       		.uleb128 0x11
 412 0076 01       		.uleb128 0x1
 413 0077 31       		.uleb128 0x31
 414 0078 13       		.uleb128 0x13
 415 0079 00       		.byte	0
 416 007a 00       		.byte	0
 417 007b 09       		.uleb128 0x9
 418 007c 898201   		.uleb128 0x4109
 419 007f 01       		.byte	0x1
 420 0080 11       		.uleb128 0x11
 421 0081 01       		.uleb128 0x1
 422 0082 31       		.uleb128 0x31
 423 0083 13       		.uleb128 0x13
 424 0084 00       		.byte	0
 425 0085 00       		.byte	0
 426 0086 0A       		.uleb128 0xa
 427 0087 8A8201   		.uleb128 0x410a
 428 008a 00       		.byte	0
 429 008b 02       		.uleb128 0x2
 430 008c 18       		.uleb128 0x18
 431 008d 9142     		.uleb128 0x2111
 432 008f 18       		.uleb128 0x18
 433 0090 00       		.byte	0
 434 0091 00       		.byte	0
 435 0092 0B       		.uleb128 0xb
 436 0093 0F       		.uleb128 0xf
 437 0094 00       		.byte	0
 438 0095 0B       		.uleb128 0xb
 439 0096 0B       		.uleb128 0xb
 440 0097 49       		.uleb128 0x49
 441 0098 13       		.uleb128 0x13
 442 0099 00       		.byte	0
 443 009a 00       		.byte	0
ARM GAS  C:\Users\Dylan\AppData\Local\Temp\ccVzxTKX.s 			page 10


 444 009b 0C       		.uleb128 0xc
 445 009c 2E       		.uleb128 0x2e
 446 009d 00       		.byte	0
 447 009e 3F       		.uleb128 0x3f
 448 009f 19       		.uleb128 0x19
 449 00a0 03       		.uleb128 0x3
 450 00a1 0E       		.uleb128 0xe
 451 00a2 3A       		.uleb128 0x3a
 452 00a3 0B       		.uleb128 0xb
 453 00a4 3B       		.uleb128 0x3b
 454 00a5 05       		.uleb128 0x5
 455 00a6 27       		.uleb128 0x27
 456 00a7 19       		.uleb128 0x19
 457 00a8 49       		.uleb128 0x49
 458 00a9 13       		.uleb128 0x13
 459 00aa 3C       		.uleb128 0x3c
 460 00ab 19       		.uleb128 0x19
 461 00ac 00       		.byte	0
 462 00ad 00       		.byte	0
 463 00ae 0D       		.uleb128 0xd
 464 00af 2E       		.uleb128 0x2e
 465 00b0 01       		.byte	0x1
 466 00b1 3F       		.uleb128 0x3f
 467 00b2 19       		.uleb128 0x19
 468 00b3 03       		.uleb128 0x3
 469 00b4 0E       		.uleb128 0xe
 470 00b5 3A       		.uleb128 0x3a
 471 00b6 0B       		.uleb128 0xb
 472 00b7 3B       		.uleb128 0x3b
 473 00b8 0B       		.uleb128 0xb
 474 00b9 27       		.uleb128 0x27
 475 00ba 19       		.uleb128 0x19
 476 00bb 3C       		.uleb128 0x3c
 477 00bc 19       		.uleb128 0x19
 478 00bd 00       		.byte	0
 479 00be 00       		.byte	0
 480 00bf 0E       		.uleb128 0xe
 481 00c0 05       		.uleb128 0x5
 482 00c1 00       		.byte	0
 483 00c2 49       		.uleb128 0x49
 484 00c3 13       		.uleb128 0x13
 485 00c4 00       		.byte	0
 486 00c5 00       		.byte	0
 487 00c6 00       		.byte	0
 488              		.section	.debug_loc,"",%progbits
 489              	.Ldebug_loc0:
 490              	.LLST0:
 491 0000 00000000 		.4byte	.LVL0
 492 0004 04000000 		.4byte	.LVL1
 493 0008 0100     		.2byte	0x1
 494 000a 50       		.byte	0x50
 495 000b 04000000 		.4byte	.LVL1
 496 000f 66000000 		.4byte	.LVL18
 497 0013 0100     		.2byte	0x1
 498 0015 55       		.byte	0x55
 499 0016 66000000 		.4byte	.LVL18
 500 001a 68000000 		.4byte	.LFE33
ARM GAS  C:\Users\Dylan\AppData\Local\Temp\ccVzxTKX.s 			page 11


 501 001e 0400     		.2byte	0x4
 502 0020 F3       		.byte	0xf3
 503 0021 01       		.uleb128 0x1
 504 0022 50       		.byte	0x50
 505 0023 9F       		.byte	0x9f
 506 0024 00000000 		.4byte	0
 507 0028 00000000 		.4byte	0
 508              	.LLST1:
 509 002c 04000000 		.4byte	.LVL1
 510 0030 48000000 		.4byte	.LVL11
 511 0034 0200     		.2byte	0x2
 512 0036 30       		.byte	0x30
 513 0037 9F       		.byte	0x9f
 514 0038 48000000 		.4byte	.LVL11
 515 003c 60000000 		.4byte	.LVL15
 516 0040 0100     		.2byte	0x1
 517 0042 50       		.byte	0x50
 518 0043 00000000 		.4byte	0
 519 0047 00000000 		.4byte	0
 520              	.LLST2:
 521 004b 10000000 		.4byte	.LVL3
 522 004f 1A000000 		.4byte	.LVL4
 523 0053 0100     		.2byte	0x1
 524 0055 50       		.byte	0x50
 525 0056 1A000000 		.4byte	.LVL4
 526 005a 24000000 		.4byte	.LVL5
 527 005e 0100     		.2byte	0x1
 528 0060 54       		.byte	0x54
 529 0061 24000000 		.4byte	.LVL5
 530 0065 26000000 		.4byte	.LVL6
 531 0069 0300     		.2byte	0x3
 532 006b 74       		.byte	0x74
 533 006c 40       		.sleb128 -64
 534 006d 9F       		.byte	0x9f
 535 006e 26000000 		.4byte	.LVL6
 536 0072 2E000000 		.4byte	.LVL7
 537 0076 0100     		.2byte	0x1
 538 0078 54       		.byte	0x54
 539 0079 2E000000 		.4byte	.LVL7
 540 007d 30000000 		.4byte	.LVL8
 541 0081 0400     		.2byte	0x4
 542 0083 74       		.byte	0x74
 543 0084 8001     		.sleb128 128
 544 0086 9F       		.byte	0x9f
 545 0087 30000000 		.4byte	.LVL8
 546 008b 56000000 		.4byte	.LVL12
 547 008f 0100     		.2byte	0x1
 548 0091 54       		.byte	0x54
 549 0092 00000000 		.4byte	0
 550 0096 00000000 		.4byte	0
 551              	.LLST3:
 552 009a 56000000 		.4byte	.LVL12
 553 009e 66000000 		.4byte	.LVL17
 554 00a2 0100     		.2byte	0x1
 555 00a4 54       		.byte	0x54
 556 00a5 66000000 		.4byte	.LVL17
 557 00a9 68000000 		.4byte	.LFE33
ARM GAS  C:\Users\Dylan\AppData\Local\Temp\ccVzxTKX.s 			page 12


 558 00ad 0100     		.2byte	0x1
 559 00af 50       		.byte	0x50
 560 00b0 00000000 		.4byte	0
 561 00b4 00000000 		.4byte	0
 562              		.section	.debug_aranges,"",%progbits
 563 0000 1C000000 		.4byte	0x1c
 564 0004 0200     		.2byte	0x2
 565 0006 00000000 		.4byte	.Ldebug_info0
 566 000a 04       		.byte	0x4
 567 000b 00       		.byte	0
 568 000c 0000     		.2byte	0
 569 000e 0000     		.2byte	0
 570 0010 00000000 		.4byte	.LFB33
 571 0014 68000000 		.4byte	.LFE33-.LFB33
 572 0018 00000000 		.4byte	0
 573 001c 00000000 		.4byte	0
 574              		.section	.debug_ranges,"",%progbits
 575              	.Ldebug_ranges0:
 576 0000 00000000 		.4byte	.LFB33
 577 0004 68000000 		.4byte	.LFE33
 578 0008 00000000 		.4byte	0
 579 000c 00000000 		.4byte	0
 580              		.section	.debug_line,"",%progbits
 581              	.Ldebug_line0:
 582 0000 96000000 		.section	.debug_str,"MS",%progbits,1
 582      02006500 
 582      00000201 
 582      FB0E0D00 
 582      01010101 
 583              	.LASF6:
 584 0000 6C6F6E67 		.ascii	"long long int\000"
 584      206C6F6E 
 584      6720696E 
 584      7400
 585              	.LASF10:
 586 000e 75696E74 		.ascii	"uint32\000"
 586      333200
 587              	.LASF8:
 588 0015 756E7369 		.ascii	"unsigned int\000"
 588      676E6564 
 588      20696E74 
 588      00
 589              	.LASF16:
 590 0022 72656D6F 		.ascii	"remote_char_low\000"
 590      74655F63 
 590      6861725F 
 590      6C6F7700 
 591              	.LASF24:
 592 0032 72656365 		.ascii	"reception\000"
 592      7074696F 
 592      6E00
 593              	.LASF11:
 594 003c 696E7438 		.ascii	"int8\000"
 594      00
 595              	.LASF26:
 596 0041 43794465 		.ascii	"CyDelay\000"
 596      6C617900 
ARM GAS  C:\Users\Dylan\AppData\Local\Temp\ccVzxTKX.s 			page 13


 597              	.LASF5:
 598 0049 6C6F6E67 		.ascii	"long unsigned int\000"
 598      20756E73 
 598      69676E65 
 598      6420696E 
 598      7400
 599              	.LASF7:
 600 005b 6C6F6E67 		.ascii	"long long unsigned int\000"
 600      206C6F6E 
 600      6720756E 
 600      7369676E 
 600      65642069 
 601              	.LASF12:
 602 0072 666C6F61 		.ascii	"float\000"
 602      7400
 603              	.LASF25:
 604 0078 766F6965 		.ascii	"voie\000"
 604      00
 605              	.LASF1:
 606 007d 756E7369 		.ascii	"unsigned char\000"
 606      676E6564 
 606      20636861 
 606      7200
 607              	.LASF14:
 608 008b 63686172 		.ascii	"char\000"
 608      00
 609              	.LASF19:
 610 0090 58426565 		.ascii	"XBee_SpiUartGetRxBufferSize\000"
 610      5F537069 
 610      55617274 
 610      47657452 
 610      78427566 
 611              	.LASF4:
 612 00ac 6C6F6E67 		.ascii	"long int\000"
 612      20696E74 
 612      00
 613              	.LASF18:
 614 00b5 6E756D65 		.ascii	"numeric_acc\000"
 614      7269635F 
 614      61636300 
 615              	.LASF13:
 616 00c1 646F7562 		.ascii	"double\000"
 616      6C6500
 617              	.LASF23:
 618 00c8 433A5C55 		.ascii	"C:\\Users\\Dylan\\Desktop\\PSoC Bon\\ADXL345\\ADXL3"
 618      73657273 
 618      5C44796C 
 618      616E5C44 
 618      65736B74 
 619 00f5 34355F72 		.ascii	"45_recepteur\\ADXL345_recepteur.cydsn\000"
 619      65636570 
 619      74657572 
 619      5C414458 
 619      4C333435 
 620              	.LASF17:
 621 011a 72656D6F 		.ascii	"remote_char_high\000"
 621      74655F63 
ARM GAS  C:\Users\Dylan\AppData\Local\Temp\ccVzxTKX.s 			page 14


 621      6861725F 
 621      68696768 
 621      00
 622              	.LASF22:
 623 012b 2E5C666F 		.ascii	".\\fonction.c\000"
 623      6E637469 
 623      6F6E2E63 
 623      00
 624              	.LASF3:
 625 0138 73686F72 		.ascii	"short unsigned int\000"
 625      7420756E 
 625      7369676E 
 625      65642069 
 625      6E7400
 626              	.LASF0:
 627 014b 7369676E 		.ascii	"signed char\000"
 627      65642063 
 627      68617200 
 628              	.LASF21:
 629 0157 474E5520 		.ascii	"GNU C 4.9.3 20150303 (release) [ARM/embedded-4_9-br"
 629      4320342E 
 629      392E3320 
 629      32303135 
 629      30333033 
 630 018a 616E6368 		.ascii	"anch revision 221220] -mcpu=cortex-m0 -mthumb -g -O"
 630      20726576 
 630      6973696F 
 630      6E203232 
 630      31323230 
 631 01bd 67202D66 		.ascii	"g -ffunction-sections -ffat-lto-objects\000"
 631      66756E63 
 631      74696F6E 
 631      2D736563 
 631      74696F6E 
 632              	.LASF2:
 633 01e5 73686F72 		.ascii	"short int\000"
 633      7420696E 
 633      7400
 634              	.LASF9:
 635 01ef 75696E74 		.ascii	"uint16\000"
 635      313600
 636              	.LASF20:
 637 01f6 58426565 		.ascii	"XBee_UartGetChar\000"
 637      5F556172 
 637      74476574 
 637      43686172 
 637      00
 638              	.LASF15:
 639 0207 73697A65 		.ascii	"sizetype\000"
 639      74797065 
 639      00
 640              		.ident	"GCC: (GNU Tools for ARM Embedded Processors) 4.9.3 20150303 (release) [ARM/embedded-4_9-br
