ARM GAS  C:\Users\Dylan\AppData\Local\Temp\ccPkX1nA.s 			page 1


   1              		.cpu cortex-m0
   2              		.fpu softvfp
   3              		.eabi_attribute 20, 1
   4              		.eabi_attribute 21, 1
   5              		.eabi_attribute 23, 3
   6              		.eabi_attribute 24, 1
   7              		.eabi_attribute 25, 1
   8              		.eabi_attribute 26, 1
   9              		.eabi_attribute 30, 1
  10              		.eabi_attribute 34, 0
  11              		.eabi_attribute 18, 4
  12              		.code	16
  13              		.file	"main.c"
  14              		.text
  15              	.Ltext0:
  16              		.cfi_sections	.debug_frame
  17              		.section	.text.main,"ax",%progbits
  18              		.align	2
  19              		.global	main
  20              		.code	16
  21              		.thumb_func
  22              		.type	main, %function
  23              	main:
  24              	.LFB33:
  25              		.file 1 ".\\main.c"
   1:.\main.c      **** /* ========================================
   2:.\main.c      ****  *
   3:.\main.c      ****  * Copyright YOUR COMPANY, THE YEAR
   4:.\main.c      ****  * All Rights Reserved
   5:.\main.c      ****  * UNPUBLISHED, LICENSED SOFTWARE.
   6:.\main.c      ****  *
   7:.\main.c      ****  * CONFIDENTIAL AND PROPRIETARY INFORMATION
   8:.\main.c      ****  * WHICH IS THE PROPERTY OF your company.
   9:.\main.c      ****  *
  10:.\main.c      ****  * ========================================
  11:.\main.c      **** */
  12:.\main.c      **** 
  13:.\main.c      **** /*
  14:.\main.c      **** Lors des envois, de temps en temps, certains se passe mal et le système se désynchronise.
  15:.\main.c      **** Pour resynchroniser, on utilise derniere_voie_recu
  16:.\main.c      **** On sait que l'on envoit a_x, a_y puis a_z
  17:.\main.c      **** ces grandeurs sont codées sur 13 bits. On envoie donc deux octets.
  18:.\main.c      **** On envoie d'abord a_x_MSB qui a pour valeur 11 puis 6 bits de données
  19:.\main.c      **** puis a_x_LSB qui a pour valeur 0 puis 7 bits de données
  20:.\main.c      **** 
  21:.\main.c      **** Ensuite vient a_y puis a_z avec la même logique sauf que le flag du MSB n'est plus 11 mais 10
  22:.\main.c      **** 
  23:.\main.c      **** derniere_voie_recu devient 1 si on vient de lire a_x
  24:.\main.c      **** il s'incrémente de 1 si on lit une valeur ayant le flag 10
  25:.\main.c      **** 
  26:.\main.c      **** S'il y a une erreur, derniere_voie_recu vaut 0
  27:.\main.c      **** 
  28:.\main.c      **** */
  29:.\main.c      **** #include <project.h>
  30:.\main.c      **** #include <string.h>
  31:.\main.c      **** #include <stdio.h>
  32:.\main.c      **** #include <fonction.h>
ARM GAS  C:\Users\Dylan\AppData\Local\Temp\ccPkX1nA.s 			page 2


  33:.\main.c      **** 
  34:.\main.c      **** 
  35:.\main.c      **** const char startup_header[] = "\n\rPsoc en mode reception\r\n";
  36:.\main.c      **** const char command_prompt[] = "reception : ";
  37:.\main.c      **** 
  38:.\main.c      **** int main()
  39:.\main.c      **** {
  26              		.loc 1 39 0
  27              		.cfi_startproc
  28 0000 30B5     		push	{r4, r5, lr}
  29              		.cfi_def_cfa_offset 12
  30              		.cfi_offset 4, -12
  31              		.cfi_offset 5, -8
  32              		.cfi_offset 14, -4
  33 0002 87B0     		sub	sp, sp, #28
  34              		.cfi_def_cfa_offset 40
  35              	.LVL0:
  40:.\main.c      ****     uint16 nb_erreur = 0 ;
  41:.\main.c      ****     int8 derniere_voie_recu = 0 ;
  36              		.loc 1 41 0
  37 0004 0023     		mov	r3, #0
  38 0006 1722     		mov	r2, #23
  39 0008 6A44     		add	r2, r2, sp
  40 000a 1370     		strb	r3, [r2]
  42:.\main.c      ****     
  43:.\main.c      ****     char str[20] = {'\0'};
  41              		.loc 1 43 0
  42 000c 0093     		str	r3, [sp]
  43 000e 0193     		str	r3, [sp, #4]
  44 0010 0293     		str	r3, [sp, #8]
  45 0012 0393     		str	r3, [sp, #12]
  46 0014 0493     		str	r3, [sp, #16]
  44:.\main.c      ****     
  45:.\main.c      ****     XBee_Start(); //Enable com between micro and XBee
  47              		.loc 1 45 0
  48 0016 FFF7FEFF 		bl	XBee_Start
  49              	.LVL1:
  46:.\main.c      **** 	PC_Start(); //Enable com between micro and PC
  50              		.loc 1 46 0
  51 001a FFF7FEFF 		bl	PC_Start
  52              	.LVL2:
  47:.\main.c      ****     
  48:.\main.c      ****     PC_UartPutString(startup_header);
  53              		.loc 1 48 0
  54 001e 1F4C     		ldr	r4, .L9
  55 0020 201C     		mov	r0, r4
  56 0022 FFF7FEFF 		bl	PC_UartPutString
  57              	.LVL3:
  49:.\main.c      **** 	PC_UartPutString("\n\r");
  58              		.loc 1 49 0
  59 0026 1E48     		ldr	r0, .L9+4
  60 0028 FFF7FEFF 		bl	PC_UartPutString
  61              	.LVL4:
  50:.\main.c      **** 	PC_UartPutString(command_prompt);
  62              		.loc 1 50 0
  63 002c 201C     		mov	r0, r4
  64 002e 1C30     		add	r0, r0, #28
ARM GAS  C:\Users\Dylan\AppData\Local\Temp\ccPkX1nA.s 			page 3


  65 0030 FFF7FEFF 		bl	PC_UartPutString
  66              	.LVL5:
  40:.\main.c      ****     int8 derniere_voie_recu = 0 ;
  67              		.loc 1 40 0
  68 0034 0025     		mov	r5, #0
  69              	.LVL6:
  70              	.L2:
  71              	.LBB2:
  51:.\main.c      ****     
  52:.\main.c      ****     for(;;)
  53:.\main.c      ****     {
  54:.\main.c      **** 
  55:.\main.c      ****         uint16 acc_received = reception(&derniere_voie_recu);
  72              		.loc 1 55 0
  73 0036 1724     		mov	r4, #23
  74 0038 6C44     		add	r4, r4, sp
  75 003a 201C     		mov	r0, r4
  76 003c FFF7FEFF 		bl	reception
  77              	.LVL7:
  78 0040 021C     		mov	r2, r0
  79              	.LVL8:
  56:.\main.c      **** 
  57:.\main.c      ****         switch(derniere_voie_recu)
  80              		.loc 1 57 0
  81 0042 2378     		ldrb	r3, [r4]
  82 0044 022B     		cmp	r3, #2
  83 0046 0BD0     		beq	.L4
  84 0048 032B     		cmp	r3, #3
  85 004a 11D0     		beq	.L5
  86 004c 012B     		cmp	r3, #1
  87 004e 1AD1     		bne	.L8
  58:.\main.c      ****         {
  59:.\main.c      ****             case 1:
  60:.\main.c      ****             {    
  61:.\main.c      ****                 sprintf(str, "a_x :%d\n\r",acc_received);
  88              		.loc 1 61 0
  89 0050 6846     		mov	r0, sp
  90 0052 1449     		ldr	r1, .L9+8
  91 0054 FFF7FEFF 		bl	sprintf
  92              	.LVL9:
  62:.\main.c      ****                 PC_UartPutString(str); // Print received characters in local terminal
  93              		.loc 1 62 0
  94 0058 6846     		mov	r0, sp
  95 005a FFF7FEFF 		bl	PC_UartPutString
  96              	.LVL10:
  63:.\main.c      ****                 break;
  97              		.loc 1 63 0
  98 005e EAE7     		b	.L2
  99              	.LVL11:
 100              	.L4:
  64:.\main.c      ****             }
  65:.\main.c      ****         
  66:.\main.c      ****         
  67:.\main.c      ****             case 2: 
  68:.\main.c      ****             {
  69:.\main.c      ****                 sprintf(str, "a_y :%d\n\r",acc_received);
 101              		.loc 1 69 0
ARM GAS  C:\Users\Dylan\AppData\Local\Temp\ccPkX1nA.s 			page 4


 102 0060 6846     		mov	r0, sp
 103 0062 1149     		ldr	r1, .L9+12
 104 0064 FFF7FEFF 		bl	sprintf
 105              	.LVL12:
  70:.\main.c      ****                 PC_UartPutString(str); // Print received characters in local terminal
 106              		.loc 1 70 0
 107 0068 6846     		mov	r0, sp
 108 006a FFF7FEFF 		bl	PC_UartPutString
 109              	.LVL13:
  71:.\main.c      ****                 break;
 110              		.loc 1 71 0
 111 006e E2E7     		b	.L2
 112              	.LVL14:
 113              	.L5:
  72:.\main.c      ****             }
  73:.\main.c      ****             case 3 :
  74:.\main.c      ****             {
  75:.\main.c      ****                 sprintf(str, "a_z :%d\n\r",acc_received);
 114              		.loc 1 75 0
 115 0070 6846     		mov	r0, sp
 116 0072 0E49     		ldr	r1, .L9+16
 117 0074 FFF7FEFF 		bl	sprintf
 118              	.LVL15:
  76:.\main.c      ****                 PC_UartPutString(str); // Print received characters in local terminal
 119              		.loc 1 76 0
 120 0078 6846     		mov	r0, sp
 121 007a FFF7FEFF 		bl	PC_UartPutString
 122              	.LVL16:
  77:.\main.c      ****                 PC_UartPutString("\n\r");
 123              		.loc 1 77 0
 124 007e 0848     		ldr	r0, .L9+4
 125 0080 FFF7FEFF 		bl	PC_UartPutString
 126              	.LVL17:
  78:.\main.c      ****                 break;
 127              		.loc 1 78 0
 128 0084 D7E7     		b	.L2
 129              	.LVL18:
 130              	.L8:
  79:.\main.c      ****             }
  80:.\main.c      ****             default :
  81:.\main.c      ****             {
  82:.\main.c      ****                 nb_erreur++;
 131              		.loc 1 82 0
 132 0086 0135     		add	r5, r5, #1
 133              	.LVL19:
 134 0088 ADB2     		uxth	r5, r5
 135              	.LVL20:
  83:.\main.c      ****                 sprintf(str, "erreur numero : %d\n\r",nb_erreur);
 136              		.loc 1 83 0
 137 008a 6846     		mov	r0, sp
 138 008c 0849     		ldr	r1, .L9+20
 139 008e 2A1C     		mov	r2, r5
 140              	.LVL21:
 141 0090 FFF7FEFF 		bl	sprintf
 142              	.LVL22:
  84:.\main.c      ****                 PC_UartPutString(str); 
 143              		.loc 1 84 0
ARM GAS  C:\Users\Dylan\AppData\Local\Temp\ccPkX1nA.s 			page 5


 144 0094 6846     		mov	r0, sp
 145 0096 FFF7FEFF 		bl	PC_UartPutString
 146              	.LVL23:
 147 009a CCE7     		b	.L2
 148              	.L10:
 149              		.align	2
 150              	.L9:
 151 009c 00000000 		.word	.LANCHOR0
 152 00a0 00000000 		.word	.LC1
 153 00a4 04000000 		.word	.LC3
 154 00a8 10000000 		.word	.LC5
 155 00ac 1C000000 		.word	.LC7
 156 00b0 28000000 		.word	.LC9
 157              	.LBE2:
 158              		.cfi_endproc
 159              	.LFE33:
 160              		.size	main, .-main
 161              		.global	command_prompt
 162              		.global	startup_header
 163              		.section	.rodata
 164              		.align	2
 165              		.set	.LANCHOR0,. + 0
 166              		.type	startup_header, %object
 167              		.size	startup_header, 27
 168              	startup_header:
 169 0000 0A0D5073 		.ascii	"\012\015Psoc en mode reception\015\012\000"
 169      6F632065 
 169      6E206D6F 
 169      64652072 
 169      65636570 
 170 001b 00       		.space	1
 171              		.type	command_prompt, %object
 172              		.size	command_prompt, 13
 173              	command_prompt:
 174 001c 72656365 		.ascii	"reception : \000"
 174      7074696F 
 174      6E203A20 
 174      00
 175 0029 000000   		.section	.rodata.str1.4,"aMS",%progbits,1
 176              		.align	2
 177              	.LC1:
 178 0000 0A0D00   		.ascii	"\012\015\000"
 179 0003 00       		.space	1
 180              	.LC3:
 181 0004 615F7820 		.ascii	"a_x :%d\012\015\000"
 181      3A25640A 
 181      0D00
 182 000e 0000     		.space	2
 183              	.LC5:
 184 0010 615F7920 		.ascii	"a_y :%d\012\015\000"
 184      3A25640A 
 184      0D00
 185 001a 0000     		.space	2
 186              	.LC7:
 187 001c 615F7A20 		.ascii	"a_z :%d\012\015\000"
 187      3A25640A 
 187      0D00
ARM GAS  C:\Users\Dylan\AppData\Local\Temp\ccPkX1nA.s 			page 6


 188 0026 0000     		.space	2
 189              	.LC9:
 190 0028 65727265 		.ascii	"erreur numero : %d\012\015\000"
 190      7572206E 
 190      756D6572 
 190      6F203A20 
 190      25640A0D 
 191 003d 000000   		.text
 192              	.Letext0:
 193              		.file 2 "Generated_Source\\PSoC4/cytypes.h"
 194              		.file 3 "./fonction.h"
 195              		.file 4 "c:\\program files (x86)\\cypress\\psoc creator\\3.3\\psoc creator\\import\\gnu\\arm\\4.9.
 196              		.file 5 "Generated_Source\\PSoC4/XBee.h"
 197              		.file 6 "Generated_Source\\PSoC4/PC.h"
 198              		.file 7 "Generated_Source\\PSoC4/PC_SPI_UART.h"
 199              		.section	.debug_info,"",%progbits
 200              	.Ldebug_info0:
 201 0000 13030000 		.4byte	0x313
 202 0004 0400     		.2byte	0x4
 203 0006 00000000 		.4byte	.Ldebug_abbrev0
 204 000a 04       		.byte	0x4
 205 000b 01       		.uleb128 0x1
 206 000c F1000000 		.4byte	.LASF25
 207 0010 01       		.byte	0x1
 208 0011 79000000 		.4byte	.LASF26
 209 0015 A8010000 		.4byte	.LASF27
 210 0019 00000000 		.4byte	.Ldebug_ranges0+0
 211 001d 00000000 		.4byte	0
 212 0021 00000000 		.4byte	.Ldebug_line0
 213 0025 02       		.uleb128 0x2
 214 0026 01       		.byte	0x1
 215 0027 06       		.byte	0x6
 216 0028 9C010000 		.4byte	.LASF0
 217 002c 02       		.uleb128 0x2
 218 002d 01       		.byte	0x1
 219 002e 08       		.byte	0x8
 220 002f 2F000000 		.4byte	.LASF1
 221 0033 02       		.uleb128 0x2
 222 0034 02       		.byte	0x2
 223 0035 05       		.byte	0x5
 224 0036 89010000 		.4byte	.LASF2
 225 003a 02       		.uleb128 0x2
 226 003b 02       		.byte	0x2
 227 003c 07       		.byte	0x7
 228 003d 5F000000 		.4byte	.LASF3
 229 0041 02       		.uleb128 0x2
 230 0042 04       		.byte	0x4
 231 0043 05       		.byte	0x5
 232 0044 93010000 		.4byte	.LASF4
 233 0048 02       		.uleb128 0x2
 234 0049 04       		.byte	0x4
 235 004a 07       		.byte	0x7
 236 004b 4D000000 		.4byte	.LASF5
 237 004f 02       		.uleb128 0x2
 238 0050 08       		.byte	0x8
 239 0051 05       		.byte	0x5
 240 0052 DE000000 		.4byte	.LASF6
ARM GAS  C:\Users\Dylan\AppData\Local\Temp\ccPkX1nA.s 			page 7


 241 0056 02       		.uleb128 0x2
 242 0057 08       		.byte	0x8
 243 0058 07       		.byte	0x7
 244 0059 B1000000 		.4byte	.LASF7
 245 005d 03       		.uleb128 0x3
 246 005e 04       		.byte	0x4
 247 005f 05       		.byte	0x5
 248 0060 696E7400 		.ascii	"int\000"
 249 0064 02       		.uleb128 0x2
 250 0065 04       		.byte	0x4
 251 0066 07       		.byte	0x7
 252 0067 A4000000 		.4byte	.LASF8
 253 006b 04       		.uleb128 0x4
 254 006c 93000000 		.4byte	.LASF9
 255 0070 02       		.byte	0x2
 256 0071 C3       		.byte	0xc3
 257 0072 3A000000 		.4byte	0x3a
 258 0076 04       		.uleb128 0x4
 259 0077 9A000000 		.4byte	.LASF10
 260 007b 02       		.byte	0x2
 261 007c C5       		.byte	0xc5
 262 007d 25000000 		.4byte	0x25
 263 0081 02       		.uleb128 0x2
 264 0082 04       		.byte	0x4
 265 0083 04       		.byte	0x4
 266 0084 29000000 		.4byte	.LASF11
 267 0088 02       		.uleb128 0x2
 268 0089 08       		.byte	0x8
 269 008a 04       		.byte	0x4
 270 008b 72000000 		.4byte	.LASF12
 271 008f 04       		.uleb128 0x4
 272 0090 47000000 		.4byte	.LASF13
 273 0094 02       		.byte	0x2
 274 0095 D3       		.byte	0xd3
 275 0096 9A000000 		.4byte	0x9a
 276 009a 02       		.uleb128 0x2
 277 009b 01       		.byte	0x1
 278 009c 08       		.byte	0x8
 279 009d EC000000 		.4byte	.LASF14
 280 00a1 02       		.uleb128 0x2
 281 00a2 04       		.byte	0x4
 282 00a3 07       		.byte	0x7
 283 00a4 D5000000 		.4byte	.LASF15
 284 00a8 05       		.uleb128 0x5
 285 00a9 04       		.byte	0x4
 286 00aa 9A000000 		.4byte	0x9a
 287 00ae 05       		.uleb128 0x5
 288 00af 04       		.byte	0x4
 289 00b0 B4000000 		.4byte	0xb4
 290 00b4 06       		.uleb128 0x6
 291 00b5 9A000000 		.4byte	0x9a
 292 00b9 07       		.uleb128 0x7
 293 00ba 9F000000 		.4byte	.LASF28
 294 00be 01       		.byte	0x1
 295 00bf 26       		.byte	0x26
 296 00c0 5D000000 		.4byte	0x5d
 297 00c4 00000000 		.4byte	.LFB33
ARM GAS  C:\Users\Dylan\AppData\Local\Temp\ccPkX1nA.s 			page 8


 298 00c8 B4000000 		.4byte	.LFE33-.LFB33
 299 00cc 01       		.uleb128 0x1
 300 00cd 9C       		.byte	0x9c
 301 00ce 59020000 		.4byte	0x259
 302 00d2 08       		.uleb128 0x8
 303 00d3 7F010000 		.4byte	.LASF16
 304 00d7 01       		.byte	0x1
 305 00d8 28       		.byte	0x28
 306 00d9 6B000000 		.4byte	0x6b
 307 00dd 00000000 		.4byte	.LLST0
 308 00e1 09       		.uleb128 0x9
 309 00e2 0B020000 		.4byte	.LASF17
 310 00e6 01       		.byte	0x1
 311 00e7 29       		.byte	0x29
 312 00e8 76000000 		.4byte	0x76
 313 00ec 02       		.uleb128 0x2
 314 00ed 91       		.byte	0x91
 315 00ee 6F       		.sleb128 -17
 316 00ef 0A       		.uleb128 0xa
 317 00f0 73747200 		.ascii	"str\000"
 318 00f4 01       		.byte	0x1
 319 00f5 2B       		.byte	0x2b
 320 00f6 59020000 		.4byte	0x259
 321 00fa 02       		.uleb128 0x2
 322 00fb 91       		.byte	0x91
 323 00fc 58       		.sleb128 -40
 324 00fd 0B       		.uleb128 0xb
 325 00fe 36000000 		.4byte	.LBB2
 326 0102 7E000000 		.4byte	.LBE2-.LBB2
 327 0106 0B020000 		.4byte	0x20b
 328 010a 08       		.uleb128 0x8
 329 010b C8000000 		.4byte	.LASF18
 330 010f 01       		.byte	0x1
 331 0110 37       		.byte	0x37
 332 0111 6B000000 		.4byte	0x6b
 333 0115 2A000000 		.4byte	.LLST1
 334 0119 0C       		.uleb128 0xc
 335 011a 40000000 		.4byte	.LVL7
 336 011e B5020000 		.4byte	0x2b5
 337 0122 2D010000 		.4byte	0x12d
 338 0126 0D       		.uleb128 0xd
 339 0127 01       		.uleb128 0x1
 340 0128 50       		.byte	0x50
 341 0129 02       		.uleb128 0x2
 342 012a 74       		.byte	0x74
 343 012b 00       		.sleb128 0
 344 012c 00       		.byte	0
 345 012d 0C       		.uleb128 0xc
 346 012e 58000000 		.4byte	.LVL9
 347 0132 D0020000 		.4byte	0x2d0
 348 0136 4A010000 		.4byte	0x14a
 349 013a 0D       		.uleb128 0xd
 350 013b 01       		.uleb128 0x1
 351 013c 51       		.byte	0x51
 352 013d 05       		.uleb128 0x5
 353 013e 03       		.byte	0x3
 354 013f 04000000 		.4byte	.LC3
ARM GAS  C:\Users\Dylan\AppData\Local\Temp\ccPkX1nA.s 			page 9


 355 0143 0D       		.uleb128 0xd
 356 0144 01       		.uleb128 0x1
 357 0145 50       		.byte	0x50
 358 0146 02       		.uleb128 0x2
 359 0147 7D       		.byte	0x7d
 360 0148 00       		.sleb128 0
 361 0149 00       		.byte	0
 362 014a 0C       		.uleb128 0xc
 363 014b 5E000000 		.4byte	.LVL10
 364 014f EB020000 		.4byte	0x2eb
 365 0153 5E010000 		.4byte	0x15e
 366 0157 0D       		.uleb128 0xd
 367 0158 01       		.uleb128 0x1
 368 0159 50       		.byte	0x50
 369 015a 02       		.uleb128 0x2
 370 015b 7D       		.byte	0x7d
 371 015c 00       		.sleb128 0
 372 015d 00       		.byte	0
 373 015e 0C       		.uleb128 0xc
 374 015f 68000000 		.4byte	.LVL12
 375 0163 D0020000 		.4byte	0x2d0
 376 0167 7B010000 		.4byte	0x17b
 377 016b 0D       		.uleb128 0xd
 378 016c 01       		.uleb128 0x1
 379 016d 51       		.byte	0x51
 380 016e 05       		.uleb128 0x5
 381 016f 03       		.byte	0x3
 382 0170 10000000 		.4byte	.LC5
 383 0174 0D       		.uleb128 0xd
 384 0175 01       		.uleb128 0x1
 385 0176 50       		.byte	0x50
 386 0177 02       		.uleb128 0x2
 387 0178 7D       		.byte	0x7d
 388 0179 00       		.sleb128 0
 389 017a 00       		.byte	0
 390 017b 0C       		.uleb128 0xc
 391 017c 6E000000 		.4byte	.LVL13
 392 0180 EB020000 		.4byte	0x2eb
 393 0184 8F010000 		.4byte	0x18f
 394 0188 0D       		.uleb128 0xd
 395 0189 01       		.uleb128 0x1
 396 018a 50       		.byte	0x50
 397 018b 02       		.uleb128 0x2
 398 018c 7D       		.byte	0x7d
 399 018d 00       		.sleb128 0
 400 018e 00       		.byte	0
 401 018f 0C       		.uleb128 0xc
 402 0190 78000000 		.4byte	.LVL15
 403 0194 D0020000 		.4byte	0x2d0
 404 0198 AC010000 		.4byte	0x1ac
 405 019c 0D       		.uleb128 0xd
 406 019d 01       		.uleb128 0x1
 407 019e 51       		.byte	0x51
 408 019f 05       		.uleb128 0x5
 409 01a0 03       		.byte	0x3
 410 01a1 1C000000 		.4byte	.LC7
 411 01a5 0D       		.uleb128 0xd
ARM GAS  C:\Users\Dylan\AppData\Local\Temp\ccPkX1nA.s 			page 10


 412 01a6 01       		.uleb128 0x1
 413 01a7 50       		.byte	0x50
 414 01a8 02       		.uleb128 0x2
 415 01a9 7D       		.byte	0x7d
 416 01aa 00       		.sleb128 0
 417 01ab 00       		.byte	0
 418 01ac 0C       		.uleb128 0xc
 419 01ad 7E000000 		.4byte	.LVL16
 420 01b1 EB020000 		.4byte	0x2eb
 421 01b5 C0010000 		.4byte	0x1c0
 422 01b9 0D       		.uleb128 0xd
 423 01ba 01       		.uleb128 0x1
 424 01bb 50       		.byte	0x50
 425 01bc 02       		.uleb128 0x2
 426 01bd 7D       		.byte	0x7d
 427 01be 00       		.sleb128 0
 428 01bf 00       		.byte	0
 429 01c0 0C       		.uleb128 0xc
 430 01c1 84000000 		.4byte	.LVL17
 431 01c5 EB020000 		.4byte	0x2eb
 432 01c9 D7010000 		.4byte	0x1d7
 433 01cd 0D       		.uleb128 0xd
 434 01ce 01       		.uleb128 0x1
 435 01cf 50       		.byte	0x50
 436 01d0 05       		.uleb128 0x5
 437 01d1 03       		.byte	0x3
 438 01d2 00000000 		.4byte	.LC1
 439 01d6 00       		.byte	0
 440 01d7 0C       		.uleb128 0xc
 441 01d8 94000000 		.4byte	.LVL22
 442 01dc D0020000 		.4byte	0x2d0
 443 01e0 FA010000 		.4byte	0x1fa
 444 01e4 0D       		.uleb128 0xd
 445 01e5 01       		.uleb128 0x1
 446 01e6 52       		.byte	0x52
 447 01e7 02       		.uleb128 0x2
 448 01e8 75       		.byte	0x75
 449 01e9 00       		.sleb128 0
 450 01ea 0D       		.uleb128 0xd
 451 01eb 01       		.uleb128 0x1
 452 01ec 51       		.byte	0x51
 453 01ed 05       		.uleb128 0x5
 454 01ee 03       		.byte	0x3
 455 01ef 28000000 		.4byte	.LC9
 456 01f3 0D       		.uleb128 0xd
 457 01f4 01       		.uleb128 0x1
 458 01f5 50       		.byte	0x50
 459 01f6 02       		.uleb128 0x2
 460 01f7 7D       		.byte	0x7d
 461 01f8 00       		.sleb128 0
 462 01f9 00       		.byte	0
 463 01fa 0E       		.uleb128 0xe
 464 01fb 9A000000 		.4byte	.LVL23
 465 01ff EB020000 		.4byte	0x2eb
 466 0203 0D       		.uleb128 0xd
 467 0204 01       		.uleb128 0x1
 468 0205 50       		.byte	0x50
ARM GAS  C:\Users\Dylan\AppData\Local\Temp\ccPkX1nA.s 			page 11


 469 0206 02       		.uleb128 0x2
 470 0207 7D       		.byte	0x7d
 471 0208 00       		.sleb128 0
 472 0209 00       		.byte	0
 473 020a 00       		.byte	0
 474 020b 0F       		.uleb128 0xf
 475 020c 1A000000 		.4byte	.LVL1
 476 0210 08030000 		.4byte	0x308
 477 0214 0F       		.uleb128 0xf
 478 0215 1E000000 		.4byte	.LVL2
 479 0219 0F030000 		.4byte	0x30f
 480 021d 0C       		.uleb128 0xc
 481 021e 26000000 		.4byte	.LVL3
 482 0222 EB020000 		.4byte	0x2eb
 483 0226 31020000 		.4byte	0x231
 484 022a 0D       		.uleb128 0xd
 485 022b 01       		.uleb128 0x1
 486 022c 50       		.byte	0x50
 487 022d 02       		.uleb128 0x2
 488 022e 74       		.byte	0x74
 489 022f 00       		.sleb128 0
 490 0230 00       		.byte	0
 491 0231 0C       		.uleb128 0xc
 492 0232 2C000000 		.4byte	.LVL4
 493 0236 EB020000 		.4byte	0x2eb
 494 023a 48020000 		.4byte	0x248
 495 023e 0D       		.uleb128 0xd
 496 023f 01       		.uleb128 0x1
 497 0240 50       		.byte	0x50
 498 0241 05       		.uleb128 0x5
 499 0242 03       		.byte	0x3
 500 0243 00000000 		.4byte	.LC1
 501 0247 00       		.byte	0
 502 0248 0E       		.uleb128 0xe
 503 0249 34000000 		.4byte	.LVL5
 504 024d EB020000 		.4byte	0x2eb
 505 0251 0D       		.uleb128 0xd
 506 0252 01       		.uleb128 0x1
 507 0253 50       		.byte	0x50
 508 0254 02       		.uleb128 0x2
 509 0255 74       		.byte	0x74
 510 0256 1C       		.sleb128 28
 511 0257 00       		.byte	0
 512 0258 00       		.byte	0
 513 0259 10       		.uleb128 0x10
 514 025a 9A000000 		.4byte	0x9a
 515 025e 69020000 		.4byte	0x269
 516 0262 11       		.uleb128 0x11
 517 0263 A1000000 		.4byte	0xa1
 518 0267 13       		.byte	0x13
 519 0268 00       		.byte	0
 520 0269 10       		.uleb128 0x10
 521 026a 9A000000 		.4byte	0x9a
 522 026e 79020000 		.4byte	0x279
 523 0272 11       		.uleb128 0x11
 524 0273 A1000000 		.4byte	0xa1
 525 0277 1A       		.byte	0x1a
ARM GAS  C:\Users\Dylan\AppData\Local\Temp\ccPkX1nA.s 			page 12


 526 0278 00       		.byte	0
 527 0279 12       		.uleb128 0x12
 528 027a 0F000000 		.4byte	.LASF19
 529 027e 01       		.byte	0x1
 530 027f 23       		.byte	0x23
 531 0280 8A020000 		.4byte	0x28a
 532 0284 05       		.uleb128 0x5
 533 0285 03       		.byte	0x3
 534 0286 00000000 		.4byte	startup_header
 535 028a 06       		.uleb128 0x6
 536 028b 69020000 		.4byte	0x269
 537 028f 10       		.uleb128 0x10
 538 0290 9A000000 		.4byte	0x9a
 539 0294 9F020000 		.4byte	0x29f
 540 0298 11       		.uleb128 0x11
 541 0299 A1000000 		.4byte	0xa1
 542 029d 0C       		.byte	0xc
 543 029e 00       		.byte	0
 544 029f 12       		.uleb128 0x12
 545 02a0 00000000 		.4byte	.LASF20
 546 02a4 01       		.byte	0x1
 547 02a5 24       		.byte	0x24
 548 02a6 B0020000 		.4byte	0x2b0
 549 02aa 05       		.uleb128 0x5
 550 02ab 03       		.byte	0x3
 551 02ac 00000000 		.4byte	command_prompt
 552 02b0 06       		.uleb128 0x6
 553 02b1 8F020000 		.4byte	0x28f
 554 02b5 13       		.uleb128 0x13
 555 02b6 3D000000 		.4byte	.LASF21
 556 02ba 03       		.byte	0x3
 557 02bb 10       		.byte	0x10
 558 02bc 6B000000 		.4byte	0x6b
 559 02c0 CA020000 		.4byte	0x2ca
 560 02c4 14       		.uleb128 0x14
 561 02c5 CA020000 		.4byte	0x2ca
 562 02c9 00       		.byte	0
 563 02ca 05       		.uleb128 0x5
 564 02cb 04       		.byte	0x4
 565 02cc 76000000 		.4byte	0x76
 566 02d0 13       		.uleb128 0x13
 567 02d1 03020000 		.4byte	.LASF22
 568 02d5 04       		.byte	0x4
 569 02d6 DE       		.byte	0xde
 570 02d7 5D000000 		.4byte	0x5d
 571 02db EB020000 		.4byte	0x2eb
 572 02df 14       		.uleb128 0x14
 573 02e0 A8000000 		.4byte	0xa8
 574 02e4 14       		.uleb128 0x14
 575 02e5 AE000000 		.4byte	0xae
 576 02e9 15       		.uleb128 0x15
 577 02ea 00       		.byte	0
 578 02eb 16       		.uleb128 0x16
 579 02ec 82000000 		.4byte	.LASF29
 580 02f0 07       		.byte	0x7
 581 02f1 7701     		.2byte	0x177
 582 02f3 FD020000 		.4byte	0x2fd
ARM GAS  C:\Users\Dylan\AppData\Local\Temp\ccPkX1nA.s 			page 13


 583 02f7 14       		.uleb128 0x14
 584 02f8 FD020000 		.4byte	0x2fd
 585 02fc 00       		.byte	0
 586 02fd 05       		.uleb128 0x5
 587 02fe 04       		.byte	0x4
 588 02ff 03030000 		.4byte	0x303
 589 0303 06       		.uleb128 0x6
 590 0304 8F000000 		.4byte	0x8f
 591 0308 17       		.uleb128 0x17
 592 0309 1E000000 		.4byte	.LASF23
 593 030d 05       		.byte	0x5
 594 030e 68       		.byte	0x68
 595 030f 17       		.uleb128 0x17
 596 0310 FA010000 		.4byte	.LASF24
 597 0314 06       		.byte	0x6
 598 0315 68       		.byte	0x68
 599 0316 00       		.byte	0
 600              		.section	.debug_abbrev,"",%progbits
 601              	.Ldebug_abbrev0:
 602 0000 01       		.uleb128 0x1
 603 0001 11       		.uleb128 0x11
 604 0002 01       		.byte	0x1
 605 0003 25       		.uleb128 0x25
 606 0004 0E       		.uleb128 0xe
 607 0005 13       		.uleb128 0x13
 608 0006 0B       		.uleb128 0xb
 609 0007 03       		.uleb128 0x3
 610 0008 0E       		.uleb128 0xe
 611 0009 1B       		.uleb128 0x1b
 612 000a 0E       		.uleb128 0xe
 613 000b 55       		.uleb128 0x55
 614 000c 17       		.uleb128 0x17
 615 000d 11       		.uleb128 0x11
 616 000e 01       		.uleb128 0x1
 617 000f 10       		.uleb128 0x10
 618 0010 17       		.uleb128 0x17
 619 0011 00       		.byte	0
 620 0012 00       		.byte	0
 621 0013 02       		.uleb128 0x2
 622 0014 24       		.uleb128 0x24
 623 0015 00       		.byte	0
 624 0016 0B       		.uleb128 0xb
 625 0017 0B       		.uleb128 0xb
 626 0018 3E       		.uleb128 0x3e
 627 0019 0B       		.uleb128 0xb
 628 001a 03       		.uleb128 0x3
 629 001b 0E       		.uleb128 0xe
 630 001c 00       		.byte	0
 631 001d 00       		.byte	0
 632 001e 03       		.uleb128 0x3
 633 001f 24       		.uleb128 0x24
 634 0020 00       		.byte	0
 635 0021 0B       		.uleb128 0xb
 636 0022 0B       		.uleb128 0xb
 637 0023 3E       		.uleb128 0x3e
 638 0024 0B       		.uleb128 0xb
 639 0025 03       		.uleb128 0x3
ARM GAS  C:\Users\Dylan\AppData\Local\Temp\ccPkX1nA.s 			page 14


 640 0026 08       		.uleb128 0x8
 641 0027 00       		.byte	0
 642 0028 00       		.byte	0
 643 0029 04       		.uleb128 0x4
 644 002a 16       		.uleb128 0x16
 645 002b 00       		.byte	0
 646 002c 03       		.uleb128 0x3
 647 002d 0E       		.uleb128 0xe
 648 002e 3A       		.uleb128 0x3a
 649 002f 0B       		.uleb128 0xb
 650 0030 3B       		.uleb128 0x3b
 651 0031 0B       		.uleb128 0xb
 652 0032 49       		.uleb128 0x49
 653 0033 13       		.uleb128 0x13
 654 0034 00       		.byte	0
 655 0035 00       		.byte	0
 656 0036 05       		.uleb128 0x5
 657 0037 0F       		.uleb128 0xf
 658 0038 00       		.byte	0
 659 0039 0B       		.uleb128 0xb
 660 003a 0B       		.uleb128 0xb
 661 003b 49       		.uleb128 0x49
 662 003c 13       		.uleb128 0x13
 663 003d 00       		.byte	0
 664 003e 00       		.byte	0
 665 003f 06       		.uleb128 0x6
 666 0040 26       		.uleb128 0x26
 667 0041 00       		.byte	0
 668 0042 49       		.uleb128 0x49
 669 0043 13       		.uleb128 0x13
 670 0044 00       		.byte	0
 671 0045 00       		.byte	0
 672 0046 07       		.uleb128 0x7
 673 0047 2E       		.uleb128 0x2e
 674 0048 01       		.byte	0x1
 675 0049 3F       		.uleb128 0x3f
 676 004a 19       		.uleb128 0x19
 677 004b 03       		.uleb128 0x3
 678 004c 0E       		.uleb128 0xe
 679 004d 3A       		.uleb128 0x3a
 680 004e 0B       		.uleb128 0xb
 681 004f 3B       		.uleb128 0x3b
 682 0050 0B       		.uleb128 0xb
 683 0051 49       		.uleb128 0x49
 684 0052 13       		.uleb128 0x13
 685 0053 11       		.uleb128 0x11
 686 0054 01       		.uleb128 0x1
 687 0055 12       		.uleb128 0x12
 688 0056 06       		.uleb128 0x6
 689 0057 40       		.uleb128 0x40
 690 0058 18       		.uleb128 0x18
 691 0059 9742     		.uleb128 0x2117
 692 005b 19       		.uleb128 0x19
 693 005c 01       		.uleb128 0x1
 694 005d 13       		.uleb128 0x13
 695 005e 00       		.byte	0
 696 005f 00       		.byte	0
ARM GAS  C:\Users\Dylan\AppData\Local\Temp\ccPkX1nA.s 			page 15


 697 0060 08       		.uleb128 0x8
 698 0061 34       		.uleb128 0x34
 699 0062 00       		.byte	0
 700 0063 03       		.uleb128 0x3
 701 0064 0E       		.uleb128 0xe
 702 0065 3A       		.uleb128 0x3a
 703 0066 0B       		.uleb128 0xb
 704 0067 3B       		.uleb128 0x3b
 705 0068 0B       		.uleb128 0xb
 706 0069 49       		.uleb128 0x49
 707 006a 13       		.uleb128 0x13
 708 006b 02       		.uleb128 0x2
 709 006c 17       		.uleb128 0x17
 710 006d 00       		.byte	0
 711 006e 00       		.byte	0
 712 006f 09       		.uleb128 0x9
 713 0070 34       		.uleb128 0x34
 714 0071 00       		.byte	0
 715 0072 03       		.uleb128 0x3
 716 0073 0E       		.uleb128 0xe
 717 0074 3A       		.uleb128 0x3a
 718 0075 0B       		.uleb128 0xb
 719 0076 3B       		.uleb128 0x3b
 720 0077 0B       		.uleb128 0xb
 721 0078 49       		.uleb128 0x49
 722 0079 13       		.uleb128 0x13
 723 007a 02       		.uleb128 0x2
 724 007b 18       		.uleb128 0x18
 725 007c 00       		.byte	0
 726 007d 00       		.byte	0
 727 007e 0A       		.uleb128 0xa
 728 007f 34       		.uleb128 0x34
 729 0080 00       		.byte	0
 730 0081 03       		.uleb128 0x3
 731 0082 08       		.uleb128 0x8
 732 0083 3A       		.uleb128 0x3a
 733 0084 0B       		.uleb128 0xb
 734 0085 3B       		.uleb128 0x3b
 735 0086 0B       		.uleb128 0xb
 736 0087 49       		.uleb128 0x49
 737 0088 13       		.uleb128 0x13
 738 0089 02       		.uleb128 0x2
 739 008a 18       		.uleb128 0x18
 740 008b 00       		.byte	0
 741 008c 00       		.byte	0
 742 008d 0B       		.uleb128 0xb
 743 008e 0B       		.uleb128 0xb
 744 008f 01       		.byte	0x1
 745 0090 11       		.uleb128 0x11
 746 0091 01       		.uleb128 0x1
 747 0092 12       		.uleb128 0x12
 748 0093 06       		.uleb128 0x6
 749 0094 01       		.uleb128 0x1
 750 0095 13       		.uleb128 0x13
 751 0096 00       		.byte	0
 752 0097 00       		.byte	0
 753 0098 0C       		.uleb128 0xc
ARM GAS  C:\Users\Dylan\AppData\Local\Temp\ccPkX1nA.s 			page 16


 754 0099 898201   		.uleb128 0x4109
 755 009c 01       		.byte	0x1
 756 009d 11       		.uleb128 0x11
 757 009e 01       		.uleb128 0x1
 758 009f 31       		.uleb128 0x31
 759 00a0 13       		.uleb128 0x13
 760 00a1 01       		.uleb128 0x1
 761 00a2 13       		.uleb128 0x13
 762 00a3 00       		.byte	0
 763 00a4 00       		.byte	0
 764 00a5 0D       		.uleb128 0xd
 765 00a6 8A8201   		.uleb128 0x410a
 766 00a9 00       		.byte	0
 767 00aa 02       		.uleb128 0x2
 768 00ab 18       		.uleb128 0x18
 769 00ac 9142     		.uleb128 0x2111
 770 00ae 18       		.uleb128 0x18
 771 00af 00       		.byte	0
 772 00b0 00       		.byte	0
 773 00b1 0E       		.uleb128 0xe
 774 00b2 898201   		.uleb128 0x4109
 775 00b5 01       		.byte	0x1
 776 00b6 11       		.uleb128 0x11
 777 00b7 01       		.uleb128 0x1
 778 00b8 31       		.uleb128 0x31
 779 00b9 13       		.uleb128 0x13
 780 00ba 00       		.byte	0
 781 00bb 00       		.byte	0
 782 00bc 0F       		.uleb128 0xf
 783 00bd 898201   		.uleb128 0x4109
 784 00c0 00       		.byte	0
 785 00c1 11       		.uleb128 0x11
 786 00c2 01       		.uleb128 0x1
 787 00c3 31       		.uleb128 0x31
 788 00c4 13       		.uleb128 0x13
 789 00c5 00       		.byte	0
 790 00c6 00       		.byte	0
 791 00c7 10       		.uleb128 0x10
 792 00c8 01       		.uleb128 0x1
 793 00c9 01       		.byte	0x1
 794 00ca 49       		.uleb128 0x49
 795 00cb 13       		.uleb128 0x13
 796 00cc 01       		.uleb128 0x1
 797 00cd 13       		.uleb128 0x13
 798 00ce 00       		.byte	0
 799 00cf 00       		.byte	0
 800 00d0 11       		.uleb128 0x11
 801 00d1 21       		.uleb128 0x21
 802 00d2 00       		.byte	0
 803 00d3 49       		.uleb128 0x49
 804 00d4 13       		.uleb128 0x13
 805 00d5 2F       		.uleb128 0x2f
 806 00d6 0B       		.uleb128 0xb
 807 00d7 00       		.byte	0
 808 00d8 00       		.byte	0
 809 00d9 12       		.uleb128 0x12
 810 00da 34       		.uleb128 0x34
ARM GAS  C:\Users\Dylan\AppData\Local\Temp\ccPkX1nA.s 			page 17


 811 00db 00       		.byte	0
 812 00dc 03       		.uleb128 0x3
 813 00dd 0E       		.uleb128 0xe
 814 00de 3A       		.uleb128 0x3a
 815 00df 0B       		.uleb128 0xb
 816 00e0 3B       		.uleb128 0x3b
 817 00e1 0B       		.uleb128 0xb
 818 00e2 49       		.uleb128 0x49
 819 00e3 13       		.uleb128 0x13
 820 00e4 3F       		.uleb128 0x3f
 821 00e5 19       		.uleb128 0x19
 822 00e6 02       		.uleb128 0x2
 823 00e7 18       		.uleb128 0x18
 824 00e8 00       		.byte	0
 825 00e9 00       		.byte	0
 826 00ea 13       		.uleb128 0x13
 827 00eb 2E       		.uleb128 0x2e
 828 00ec 01       		.byte	0x1
 829 00ed 3F       		.uleb128 0x3f
 830 00ee 19       		.uleb128 0x19
 831 00ef 03       		.uleb128 0x3
 832 00f0 0E       		.uleb128 0xe
 833 00f1 3A       		.uleb128 0x3a
 834 00f2 0B       		.uleb128 0xb
 835 00f3 3B       		.uleb128 0x3b
 836 00f4 0B       		.uleb128 0xb
 837 00f5 27       		.uleb128 0x27
 838 00f6 19       		.uleb128 0x19
 839 00f7 49       		.uleb128 0x49
 840 00f8 13       		.uleb128 0x13
 841 00f9 3C       		.uleb128 0x3c
 842 00fa 19       		.uleb128 0x19
 843 00fb 01       		.uleb128 0x1
 844 00fc 13       		.uleb128 0x13
 845 00fd 00       		.byte	0
 846 00fe 00       		.byte	0
 847 00ff 14       		.uleb128 0x14
 848 0100 05       		.uleb128 0x5
 849 0101 00       		.byte	0
 850 0102 49       		.uleb128 0x49
 851 0103 13       		.uleb128 0x13
 852 0104 00       		.byte	0
 853 0105 00       		.byte	0
 854 0106 15       		.uleb128 0x15
 855 0107 18       		.uleb128 0x18
 856 0108 00       		.byte	0
 857 0109 00       		.byte	0
 858 010a 00       		.byte	0
 859 010b 16       		.uleb128 0x16
 860 010c 2E       		.uleb128 0x2e
 861 010d 01       		.byte	0x1
 862 010e 3F       		.uleb128 0x3f
 863 010f 19       		.uleb128 0x19
 864 0110 03       		.uleb128 0x3
 865 0111 0E       		.uleb128 0xe
 866 0112 3A       		.uleb128 0x3a
 867 0113 0B       		.uleb128 0xb
ARM GAS  C:\Users\Dylan\AppData\Local\Temp\ccPkX1nA.s 			page 18


 868 0114 3B       		.uleb128 0x3b
 869 0115 05       		.uleb128 0x5
 870 0116 27       		.uleb128 0x27
 871 0117 19       		.uleb128 0x19
 872 0118 3C       		.uleb128 0x3c
 873 0119 19       		.uleb128 0x19
 874 011a 01       		.uleb128 0x1
 875 011b 13       		.uleb128 0x13
 876 011c 00       		.byte	0
 877 011d 00       		.byte	0
 878 011e 17       		.uleb128 0x17
 879 011f 2E       		.uleb128 0x2e
 880 0120 00       		.byte	0
 881 0121 3F       		.uleb128 0x3f
 882 0122 19       		.uleb128 0x19
 883 0123 03       		.uleb128 0x3
 884 0124 0E       		.uleb128 0xe
 885 0125 3A       		.uleb128 0x3a
 886 0126 0B       		.uleb128 0xb
 887 0127 3B       		.uleb128 0x3b
 888 0128 0B       		.uleb128 0xb
 889 0129 27       		.uleb128 0x27
 890 012a 19       		.uleb128 0x19
 891 012b 3C       		.uleb128 0x3c
 892 012c 19       		.uleb128 0x19
 893 012d 00       		.byte	0
 894 012e 00       		.byte	0
 895 012f 00       		.byte	0
 896              		.section	.debug_loc,"",%progbits
 897              	.Ldebug_loc0:
 898              	.LLST0:
 899 0000 04000000 		.4byte	.LVL0
 900 0004 36000000 		.4byte	.LVL6
 901 0008 0200     		.2byte	0x2
 902 000a 30       		.byte	0x30
 903 000b 9F       		.byte	0x9f
 904 000c 36000000 		.4byte	.LVL6
 905 0010 88000000 		.4byte	.LVL19
 906 0014 0100     		.2byte	0x1
 907 0016 55       		.byte	0x55
 908 0017 8A000000 		.4byte	.LVL20
 909 001b B4000000 		.4byte	.LFE33
 910 001f 0100     		.2byte	0x1
 911 0021 55       		.byte	0x55
 912 0022 00000000 		.4byte	0
 913 0026 00000000 		.4byte	0
 914              	.LLST1:
 915 002a 42000000 		.4byte	.LVL8
 916 002e 57000000 		.4byte	.LVL9-1
 917 0032 0100     		.2byte	0x1
 918 0034 52       		.byte	0x52
 919 0035 60000000 		.4byte	.LVL11
 920 0039 67000000 		.4byte	.LVL12-1
 921 003d 0100     		.2byte	0x1
 922 003f 52       		.byte	0x52
 923 0040 70000000 		.4byte	.LVL14
 924 0044 77000000 		.4byte	.LVL15-1
ARM GAS  C:\Users\Dylan\AppData\Local\Temp\ccPkX1nA.s 			page 19


 925 0048 0100     		.2byte	0x1
 926 004a 52       		.byte	0x52
 927 004b 86000000 		.4byte	.LVL18
 928 004f 90000000 		.4byte	.LVL21
 929 0053 0100     		.2byte	0x1
 930 0055 52       		.byte	0x52
 931 0056 00000000 		.4byte	0
 932 005a 00000000 		.4byte	0
 933              		.section	.debug_aranges,"",%progbits
 934 0000 1C000000 		.4byte	0x1c
 935 0004 0200     		.2byte	0x2
 936 0006 00000000 		.4byte	.Ldebug_info0
 937 000a 04       		.byte	0x4
 938 000b 00       		.byte	0
 939 000c 0000     		.2byte	0
 940 000e 0000     		.2byte	0
 941 0010 00000000 		.4byte	.LFB33
 942 0014 B4000000 		.4byte	.LFE33-.LFB33
 943 0018 00000000 		.4byte	0
 944 001c 00000000 		.4byte	0
 945              		.section	.debug_ranges,"",%progbits
 946              	.Ldebug_ranges0:
 947 0000 00000000 		.4byte	.LFB33
 948 0004 B4000000 		.4byte	.LFE33
 949 0008 00000000 		.4byte	0
 950 000c 00000000 		.4byte	0
 951              		.section	.debug_line,"",%progbits
 952              	.Ldebug_line0:
 953 0000 19010000 		.section	.debug_str,"MS",%progbits,1
 953      0200E900 
 953      00000201 
 953      FB0E0D00 
 953      01010101 
 954              	.LASF20:
 955 0000 636F6D6D 		.ascii	"command_prompt\000"
 955      616E645F 
 955      70726F6D 
 955      707400
 956              	.LASF19:
 957 000f 73746172 		.ascii	"startup_header\000"
 957      7475705F 
 957      68656164 
 957      657200
 958              	.LASF23:
 959 001e 58426565 		.ascii	"XBee_Start\000"
 959      5F537461 
 959      727400
 960              	.LASF11:
 961 0029 666C6F61 		.ascii	"float\000"
 961      7400
 962              	.LASF1:
 963 002f 756E7369 		.ascii	"unsigned char\000"
 963      676E6564 
 963      20636861 
 963      7200
 964              	.LASF21:
 965 003d 72656365 		.ascii	"reception\000"
ARM GAS  C:\Users\Dylan\AppData\Local\Temp\ccPkX1nA.s 			page 20


 965      7074696F 
 965      6E00
 966              	.LASF13:
 967 0047 63686172 		.ascii	"char8\000"
 967      3800
 968              	.LASF5:
 969 004d 6C6F6E67 		.ascii	"long unsigned int\000"
 969      20756E73 
 969      69676E65 
 969      6420696E 
 969      7400
 970              	.LASF3:
 971 005f 73686F72 		.ascii	"short unsigned int\000"
 971      7420756E 
 971      7369676E 
 971      65642069 
 971      6E7400
 972              	.LASF12:
 973 0072 646F7562 		.ascii	"double\000"
 973      6C6500
 974              	.LASF26:
 975 0079 2E5C6D61 		.ascii	".\\main.c\000"
 975      696E2E63 
 975      00
 976              	.LASF29:
 977 0082 50435F55 		.ascii	"PC_UartPutString\000"
 977      61727450 
 977      75745374 
 977      72696E67 
 977      00
 978              	.LASF9:
 979 0093 75696E74 		.ascii	"uint16\000"
 979      313600
 980              	.LASF10:
 981 009a 696E7438 		.ascii	"int8\000"
 981      00
 982              	.LASF28:
 983 009f 6D61696E 		.ascii	"main\000"
 983      00
 984              	.LASF8:
 985 00a4 756E7369 		.ascii	"unsigned int\000"
 985      676E6564 
 985      20696E74 
 985      00
 986              	.LASF7:
 987 00b1 6C6F6E67 		.ascii	"long long unsigned int\000"
 987      206C6F6E 
 987      6720756E 
 987      7369676E 
 987      65642069 
 988              	.LASF18:
 989 00c8 6163635F 		.ascii	"acc_received\000"
 989      72656365 
 989      69766564 
 989      00
 990              	.LASF15:
 991 00d5 73697A65 		.ascii	"sizetype\000"
ARM GAS  C:\Users\Dylan\AppData\Local\Temp\ccPkX1nA.s 			page 21


 991      74797065 
 991      00
 992              	.LASF6:
 993 00de 6C6F6E67 		.ascii	"long long int\000"
 993      206C6F6E 
 993      6720696E 
 993      7400
 994              	.LASF14:
 995 00ec 63686172 		.ascii	"char\000"
 995      00
 996              	.LASF25:
 997 00f1 474E5520 		.ascii	"GNU C 4.9.3 20150303 (release) [ARM/embedded-4_9-br"
 997      4320342E 
 997      392E3320 
 997      32303135 
 997      30333033 
 998 0124 616E6368 		.ascii	"anch revision 221220] -mcpu=cortex-m0 -mthumb -g -O"
 998      20726576 
 998      6973696F 
 998      6E203232 
 998      31323230 
 999 0157 67202D66 		.ascii	"g -ffunction-sections -ffat-lto-objects\000"
 999      66756E63 
 999      74696F6E 
 999      2D736563 
 999      74696F6E 
 1000              	.LASF16:
 1001 017f 6E625F65 		.ascii	"nb_erreur\000"
 1001      72726575 
 1001      7200
 1002              	.LASF2:
 1003 0189 73686F72 		.ascii	"short int\000"
 1003      7420696E 
 1003      7400
 1004              	.LASF4:
 1005 0193 6C6F6E67 		.ascii	"long int\000"
 1005      20696E74 
 1005      00
 1006              	.LASF0:
 1007 019c 7369676E 		.ascii	"signed char\000"
 1007      65642063 
 1007      68617200 
 1008              	.LASF27:
 1009 01a8 433A5C55 		.ascii	"C:\\Users\\Dylan\\Desktop\\PSoC Bon\\ADXL345\\ADXL3"
 1009      73657273 
 1009      5C44796C 
 1009      616E5C44 
 1009      65736B74 
 1010 01d5 34355F72 		.ascii	"45_recepteur\\ADXL345_recepteur.cydsn\000"
 1010      65636570 
 1010      74657572 
 1010      5C414458 
 1010      4C333435 
 1011              	.LASF24:
 1012 01fa 50435F53 		.ascii	"PC_Start\000"
 1012      74617274 
 1012      00
ARM GAS  C:\Users\Dylan\AppData\Local\Temp\ccPkX1nA.s 			page 22


 1013              	.LASF22:
 1014 0203 73707269 		.ascii	"sprintf\000"
 1014      6E746600 
 1015              	.LASF17:
 1016 020b 6465726E 		.ascii	"derniere_voie_recu\000"
 1016      69657265 
 1016      5F766F69 
 1016      655F7265 
 1016      637500
 1017              		.ident	"GCC: (GNU Tools for ARM Embedded Processors) 4.9.3 20150303 (release) [ARM/embedded-4_9-br
