ARM GAS  C:\Users\Dylan\AppData\Local\Temp\cce4zxLj.s 			page 1


   1              		.cpu cortex-m0
   2              		.fpu softvfp
   3              		.eabi_attribute 20, 1
   4              		.eabi_attribute 21, 1
   5              		.eabi_attribute 23, 3
   6              		.eabi_attribute 24, 1
   7              		.eabi_attribute 25, 1
   8              		.eabi_attribute 26, 1
   9              		.eabi_attribute 30, 1
  10              		.eabi_attribute 34, 0
  11              		.eabi_attribute 18, 4
  12              		.code	16
  13              		.file	"main.c"
  14              		.text
  15              	.Ltext0:
  16              		.cfi_sections	.debug_frame
  17              		.section	.text.isr_wdt,"ax",%progbits
  18              		.align	2
  19              		.global	isr_wdt
  20              		.code	16
  21              		.thumb_func
  22              		.type	isr_wdt, %function
  23              	isr_wdt:
  24              	.LFB33:
  25              		.file 1 ".\\main.c"
   1:.\main.c      **** /* ========================================
   2:.\main.c      ****  *
   3:.\main.c      ****  * Copyright YOUR COMPANY, THE YEAR
   4:.\main.c      ****  * All Rights Reserved
   5:.\main.c      ****  * UNPUBLISHED, LICENSED SOFTWARE.
   6:.\main.c      ****  *
   7:.\main.c      ****  * CONFIDENTIAL AND PROPRIETARY INFORMATION
   8:.\main.c      ****  * WHICH IS THE PROPERTY OF your company.
   9:.\main.c      ****  *
  10:.\main.c      ****  * ========================================
  11:.\main.c      **** */
  12:.\main.c      **** #include <project.h>
  13:.\main.c      **** #include "fonction.h"
  14:.\main.c      **** #include <stdio.h>
  15:.\main.c      **** #include <math.h>
  16:.\main.c      **** 
  17:.\main.c      **** #define WANTED_DATA_RATE DATA_RATE_50_Hz
  18:.\main.c      **** 
  19:.\main.c      **** CY_ISR(isr_wdt){
  26              		.loc 1 19 0
  27              		.cfi_startproc
  28 0000 08B5     		push	{r3, lr}
  29              		.cfi_def_cfa_offset 8
  30              		.cfi_offset 3, -8
  31              		.cfi_offset 14, -4
  20:.\main.c      ****         
  21:.\main.c      ****     CySysWdtClearInterrupt(CY_SYS_WDT_COUNTER1_INT);
  32              		.loc 1 21 0
  33 0002 8020     		mov	r0, #128
  34 0004 C000     		lsl	r0, r0, #3
  35 0006 FFF7FEFF 		bl	CySysWdtClearInterrupt
  36              	.LVL0:
ARM GAS  C:\Users\Dylan\AppData\Local\Temp\cce4zxLj.s 			page 2


  22:.\main.c      ****     CyIntClearPending(7);
  37              		.loc 1 22 0
  38 000a 0720     		mov	r0, #7
  39 000c FFF7FEFF 		bl	CyIntClearPending
  40              	.LVL1:
  23:.\main.c      **** }
  41              		.loc 1 23 0
  42              		@ sp needed
  43 0010 08BD     		pop	{r3, pc}
  44              		.cfi_endproc
  45              	.LFE33:
  46              		.size	isr_wdt, .-isr_wdt
  47 0012 C046     		.section	.text.main,"ax",%progbits
  48              		.align	2
  49              		.global	main
  50              		.code	16
  51              		.thumb_func
  52              		.type	main, %function
  53              	main:
  54              	.LFB34:
  24:.\main.c      **** 
  25:.\main.c      **** int main()
  26:.\main.c      **** {
  55              		.loc 1 26 0
  56              		.cfi_startproc
  57 0000 70B5     		push	{r4, r5, r6, lr}
  58              		.cfi_def_cfa_offset 16
  59              		.cfi_offset 4, -16
  60              		.cfi_offset 5, -12
  61              		.cfi_offset 6, -8
  62              		.cfi_offset 14, -4
  63 0002 84B0     		sub	sp, sp, #16
  64              		.cfi_def_cfa_offset 32
  27:.\main.c      ****     Pin_gestion_sleep_xbee_Write(0u);
  65              		.loc 1 27 0
  66 0004 0020     		mov	r0, #0
  67 0006 FFF7FEFF 		bl	Pin_gestion_sleep_xbee_Write
  68              	.LVL2:
  28:.\main.c      ****     CyDelay(400);
  69              		.loc 1 28 0
  70 000a C820     		mov	r0, #200
  71 000c 4000     		lsl	r0, r0, #1
  72 000e FFF7FEFF 		bl	CyDelay
  73              	.LVL3:
  29:.\main.c      ****     Pin_gestion_sleep_xbee_Write(1u);
  74              		.loc 1 29 0
  75 0012 0120     		mov	r0, #1
  76 0014 FFF7FEFF 		bl	Pin_gestion_sleep_xbee_Write
  77              	.LVL4:
  30:.\main.c      ****     
  31:.\main.c      ****     uint16 acc_eff_x = 0 ;
  78              		.loc 1 31 0
  79 0018 0023     		mov	r3, #0
  80 001a 0E22     		mov	r2, #14
  81 001c 6A44     		add	r2, r2, sp
  82 001e 1380     		strh	r3, [r2]
  32:.\main.c      ****     uint16 acc_eff_y = 0 ;
ARM GAS  C:\Users\Dylan\AppData\Local\Temp\cce4zxLj.s 			page 3


  83              		.loc 1 32 0
  84 0020 03AA     		add	r2, sp, #12
  85 0022 1380     		strh	r3, [r2]
  33:.\main.c      ****     uint16 acc_eff_z = 0 ;
  86              		.loc 1 33 0
  87 0024 0A22     		mov	r2, #10
  88 0026 6A44     		add	r2, r2, sp
  89 0028 1380     		strh	r3, [r2]
  90              	.LVL5:
  34:.\main.c      ****     
  35:.\main.c      ****     uint16 norme_acc_efficace = 0 ;
  36:.\main.c      **** 
  37:.\main.c      ****     /* Enabling global interrupts. */
  38:.\main.c      ****     CyGlobalIntEnable;
  91              		.loc 1 38 0
  92              	@ 38 ".\main.c" 1
  93 002a 62B6     		CPSIE   i
  94              	@ 0 "" 2
  39:.\main.c      ****     
  40:.\main.c      ****     accelero_init(RANGE_2G,FULL_RESOLUTION, WANTED_DATA_RATE);
  95              		.loc 1 40 0
  96              		.code	16
  97 002c 0020     		mov	r0, #0
  98 002e 0821     		mov	r1, #8
  99 0030 0922     		mov	r2, #9
 100 0032 FFF7FEFF 		bl	accelero_init
 101              	.LVL6:
  41:.\main.c      ****     
  42:.\main.c      ****     // param : le temps pendant lequel le PSoC reste en veille
  43:.\main.c      ****     initialisation_projet(10);
 102              		.loc 1 43 0
 103 0036 0A20     		mov	r0, #10
 104 0038 FFF7FEFF 		bl	initialisation_projet
 105              	.LVL7:
 106              	.L3:
  44:.\main.c      ****     
  45:.\main.c      ****     for(;;){
  46:.\main.c      **** 
  47:.\main.c      ****         accelero_acquisition_efficace(&acc_eff_x, &acc_eff_y, &acc_eff_z, 10, WANTED_DATA_RATE);
 107              		.loc 1 47 0 discriminator 1
 108 003c 0E26     		mov	r6, #14
 109 003e 6E44     		add	r6, r6, sp
 110 0040 03AD     		add	r5, sp, #12
 111 0042 0A24     		mov	r4, #10
 112 0044 6C44     		add	r4, r4, sp
 113 0046 0923     		mov	r3, #9
 114 0048 0093     		str	r3, [sp]
 115 004a 301C     		mov	r0, r6
 116 004c 291C     		mov	r1, r5
 117 004e 221C     		mov	r2, r4
 118 0050 0133     		add	r3, r3, #1
 119 0052 FFF7FEFF 		bl	accelero_acquisition_efficace
 120              	.LVL8:
  48:.\main.c      ****         norme_acc_efficace = accelero_calcul_norme_acc_efficace(acc_eff_x,acc_eff_y,acc_eff_z);
 121              		.loc 1 48 0 discriminator 1
 122 0056 3088     		ldrh	r0, [r6]
 123 0058 2988     		ldrh	r1, [r5]
ARM GAS  C:\Users\Dylan\AppData\Local\Temp\cce4zxLj.s 			page 4


 124 005a 2288     		ldrh	r2, [r4]
 125 005c FFF7FEFF 		bl	accelero_calcul_norme_acc_efficace
 126              	.LVL9:
 127 0060 031C     		mov	r3, r0
 128              	.LVL10:
  49:.\main.c      ****         accelero_transmission(acc_eff_x,acc_eff_y,acc_eff_z,norme_acc_efficace);
 129              		.loc 1 49 0 discriminator 1
 130 0062 3088     		ldrh	r0, [r6]
 131 0064 2988     		ldrh	r1, [r5]
 132 0066 2288     		ldrh	r2, [r4]
 133 0068 FFF7FEFF 		bl	accelero_transmission
 134              	.LVL11:
  50:.\main.c      ****         
  51:.\main.c      ****         CySysPmDeepSleep();
 135              		.loc 1 51 0 discriminator 1
 136 006c FFF7FEFF 		bl	CySysPmDeepSleep
 137              	.LVL12:
  52:.\main.c      ****         }
 138              		.loc 1 52 0 discriminator 1
 139 0070 E4E7     		b	.L3
 140              		.cfi_endproc
 141              	.LFE34:
 142              		.size	main, .-main
 143 0072 C046     		.text
 144              	.Letext0:
 145              		.file 2 "Generated_Source\\PSoC4/cytypes.h"
 146              		.file 3 "Generated_Source\\PSoC4/CyLFClk.h"
 147              		.file 4 "Generated_Source\\PSoC4/CyLib.h"
 148              		.file 5 "Generated_Source\\PSoC4/Pin_gestion_sleep_xbee.h"
 149              		.file 6 ".\\fonction.h"
 150              		.file 7 "Generated_Source\\PSoC4/cyPm.h"
 151              		.section	.debug_info,"",%progbits
 152              	.Ldebug_info0:
 153 0000 D6020000 		.4byte	0x2d6
 154 0004 0400     		.2byte	0x4
 155 0006 00000000 		.4byte	.Ldebug_abbrev0
 156 000a 04       		.byte	0x4
 157 000b 01       		.uleb128 0x1
 158 000c F2010000 		.4byte	.LASF32
 159 0010 01       		.byte	0x1
 160 0011 43010000 		.4byte	.LASF33
 161 0015 AC000000 		.4byte	.LASF34
 162 0019 00000000 		.4byte	.Ldebug_ranges0+0
 163 001d 00000000 		.4byte	0
 164 0021 00000000 		.4byte	.Ldebug_line0
 165 0025 02       		.uleb128 0x2
 166 0026 01       		.byte	0x1
 167 0027 06       		.byte	0x6
 168 0028 B0020000 		.4byte	.LASF0
 169 002c 02       		.uleb128 0x2
 170 002d 01       		.byte	0x1
 171 002e 08       		.byte	0x8
 172 002f FD000000 		.4byte	.LASF1
 173 0033 02       		.uleb128 0x2
 174 0034 02       		.byte	0x2
 175 0035 05       		.byte	0x5
 176 0036 80020000 		.4byte	.LASF2
ARM GAS  C:\Users\Dylan\AppData\Local\Temp\cce4zxLj.s 			page 5


 177 003a 02       		.uleb128 0x2
 178 003b 02       		.byte	0x2
 179 003c 07       		.byte	0x7
 180 003d 1D000000 		.4byte	.LASF3
 181 0041 02       		.uleb128 0x2
 182 0042 04       		.byte	0x4
 183 0043 05       		.byte	0x5
 184 0044 9B020000 		.4byte	.LASF4
 185 0048 02       		.uleb128 0x2
 186 0049 04       		.byte	0x4
 187 004a 07       		.byte	0x7
 188 004b 94000000 		.4byte	.LASF5
 189 004f 02       		.uleb128 0x2
 190 0050 08       		.byte	0x8
 191 0051 05       		.byte	0x5
 192 0052 C1010000 		.4byte	.LASF6
 193 0056 02       		.uleb128 0x2
 194 0057 08       		.byte	0x8
 195 0058 07       		.byte	0x7
 196 0059 87010000 		.4byte	.LASF7
 197 005d 03       		.uleb128 0x3
 198 005e 04       		.byte	0x4
 199 005f 05       		.byte	0x5
 200 0060 696E7400 		.ascii	"int\000"
 201 0064 02       		.uleb128 0x2
 202 0065 04       		.byte	0x4
 203 0066 07       		.byte	0x7
 204 0067 7A010000 		.4byte	.LASF8
 205 006b 04       		.uleb128 0x4
 206 006c A6000000 		.4byte	.LASF9
 207 0070 02       		.byte	0x2
 208 0071 C2       		.byte	0xc2
 209 0072 2C000000 		.4byte	0x2c
 210 0076 04       		.uleb128 0x4
 211 0077 62010000 		.4byte	.LASF10
 212 007b 02       		.byte	0x2
 213 007c C3       		.byte	0xc3
 214 007d 3A000000 		.4byte	0x3a
 215 0081 04       		.uleb128 0x4
 216 0082 6E010000 		.4byte	.LASF11
 217 0086 02       		.byte	0x2
 218 0087 C4       		.byte	0xc4
 219 0088 48000000 		.4byte	0x48
 220 008c 04       		.uleb128 0x4
 221 008d 69010000 		.4byte	.LASF12
 222 0091 02       		.byte	0x2
 223 0092 C5       		.byte	0xc5
 224 0093 25000000 		.4byte	0x25
 225 0097 02       		.uleb128 0x2
 226 0098 04       		.byte	0x4
 227 0099 04       		.byte	0x4
 228 009a 17000000 		.4byte	.LASF13
 229 009e 02       		.uleb128 0x2
 230 009f 08       		.byte	0x8
 231 00a0 04       		.byte	0x4
 232 00a1 19010000 		.4byte	.LASF14
 233 00a5 02       		.uleb128 0x2
ARM GAS  C:\Users\Dylan\AppData\Local\Temp\cce4zxLj.s 			page 6


 234 00a6 01       		.byte	0x1
 235 00a7 08       		.byte	0x8
 236 00a8 ED010000 		.4byte	.LASF15
 237 00ac 02       		.uleb128 0x2
 238 00ad 04       		.byte	0x4
 239 00ae 07       		.byte	0x7
 240 00af B8010000 		.4byte	.LASF16
 241 00b3 02       		.uleb128 0x2
 242 00b4 08       		.byte	0x8
 243 00b5 04       		.byte	0x4
 244 00b6 A4020000 		.4byte	.LASF17
 245 00ba 05       		.uleb128 0x5
 246 00bb 9E010000 		.4byte	.LASF18
 247 00bf 01       		.byte	0x1
 248 00c0 13       		.byte	0x13
 249 00c1 00000000 		.4byte	.LFB33
 250 00c5 12000000 		.4byte	.LFE33-.LFB33
 251 00c9 01       		.uleb128 0x1
 252 00ca 9C       		.byte	0x9c
 253 00cb F4000000 		.4byte	0xf4
 254 00cf 06       		.uleb128 0x6
 255 00d0 0A000000 		.4byte	.LVL0
 256 00d4 F8010000 		.4byte	0x1f8
 257 00d8 E4000000 		.4byte	0xe4
 258 00dc 07       		.uleb128 0x7
 259 00dd 01       		.uleb128 0x1
 260 00de 50       		.byte	0x50
 261 00df 03       		.uleb128 0x3
 262 00e0 0A       		.byte	0xa
 263 00e1 0004     		.2byte	0x400
 264 00e3 00       		.byte	0
 265 00e4 08       		.uleb128 0x8
 266 00e5 10000000 		.4byte	.LVL1
 267 00e9 09020000 		.4byte	0x209
 268 00ed 07       		.uleb128 0x7
 269 00ee 01       		.uleb128 0x1
 270 00ef 50       		.byte	0x50
 271 00f0 01       		.uleb128 0x1
 272 00f1 37       		.byte	0x37
 273 00f2 00       		.byte	0
 274 00f3 00       		.byte	0
 275 00f4 09       		.uleb128 0x9
 276 00f5 75010000 		.4byte	.LASF19
 277 00f9 01       		.byte	0x1
 278 00fa 19       		.byte	0x19
 279 00fb 5D000000 		.4byte	0x5d
 280 00ff 00000000 		.4byte	.LFB34
 281 0103 72000000 		.4byte	.LFE34-.LFB34
 282 0107 01       		.uleb128 0x1
 283 0108 9C       		.byte	0x9c
 284 0109 F8010000 		.4byte	0x1f8
 285 010d 0A       		.uleb128 0xa
 286 010e 30000000 		.4byte	.LASF20
 287 0112 01       		.byte	0x1
 288 0113 1F       		.byte	0x1f
 289 0114 76000000 		.4byte	0x76
 290 0118 02       		.uleb128 0x2
ARM GAS  C:\Users\Dylan\AppData\Local\Temp\cce4zxLj.s 			page 7


 291 0119 91       		.byte	0x91
 292 011a 6E       		.sleb128 -18
 293 011b 0A       		.uleb128 0xa
 294 011c 3A000000 		.4byte	.LASF21
 295 0120 01       		.byte	0x1
 296 0121 20       		.byte	0x20
 297 0122 76000000 		.4byte	0x76
 298 0126 02       		.uleb128 0x2
 299 0127 91       		.byte	0x91
 300 0128 6C       		.sleb128 -20
 301 0129 0A       		.uleb128 0xa
 302 012a 44000000 		.4byte	.LASF22
 303 012e 01       		.byte	0x1
 304 012f 21       		.byte	0x21
 305 0130 76000000 		.4byte	0x76
 306 0134 02       		.uleb128 0x2
 307 0135 91       		.byte	0x91
 308 0136 6A       		.sleb128 -22
 309 0137 0B       		.uleb128 0xb
 310 0138 6B000000 		.4byte	.LASF23
 311 013c 01       		.byte	0x1
 312 013d 23       		.byte	0x23
 313 013e 76000000 		.4byte	0x76
 314 0142 00000000 		.4byte	.LLST0
 315 0146 06       		.uleb128 0x6
 316 0147 0A000000 		.4byte	.LVL2
 317 014b 1A020000 		.4byte	0x21a
 318 014f 59010000 		.4byte	0x159
 319 0153 07       		.uleb128 0x7
 320 0154 01       		.uleb128 0x1
 321 0155 50       		.byte	0x50
 322 0156 01       		.uleb128 0x1
 323 0157 30       		.byte	0x30
 324 0158 00       		.byte	0
 325 0159 06       		.uleb128 0x6
 326 015a 12000000 		.4byte	.LVL3
 327 015e 2B020000 		.4byte	0x22b
 328 0162 6E010000 		.4byte	0x16e
 329 0166 07       		.uleb128 0x7
 330 0167 01       		.uleb128 0x1
 331 0168 50       		.byte	0x50
 332 0169 03       		.uleb128 0x3
 333 016a 0A       		.byte	0xa
 334 016b 9001     		.2byte	0x190
 335 016d 00       		.byte	0
 336 016e 06       		.uleb128 0x6
 337 016f 18000000 		.4byte	.LVL4
 338 0173 1A020000 		.4byte	0x21a
 339 0177 81010000 		.4byte	0x181
 340 017b 07       		.uleb128 0x7
 341 017c 01       		.uleb128 0x1
 342 017d 50       		.byte	0x50
 343 017e 01       		.uleb128 0x1
 344 017f 31       		.byte	0x31
 345 0180 00       		.byte	0
 346 0181 06       		.uleb128 0x6
 347 0182 36000000 		.4byte	.LVL6
ARM GAS  C:\Users\Dylan\AppData\Local\Temp\cce4zxLj.s 			page 8


 348 0186 3C020000 		.4byte	0x23c
 349 018a 9E010000 		.4byte	0x19e
 350 018e 07       		.uleb128 0x7
 351 018f 01       		.uleb128 0x1
 352 0190 52       		.byte	0x52
 353 0191 01       		.uleb128 0x1
 354 0192 39       		.byte	0x39
 355 0193 07       		.uleb128 0x7
 356 0194 01       		.uleb128 0x1
 357 0195 51       		.byte	0x51
 358 0196 01       		.uleb128 0x1
 359 0197 38       		.byte	0x38
 360 0198 07       		.uleb128 0x7
 361 0199 01       		.uleb128 0x1
 362 019a 50       		.byte	0x50
 363 019b 01       		.uleb128 0x1
 364 019c 30       		.byte	0x30
 365 019d 00       		.byte	0
 366 019e 06       		.uleb128 0x6
 367 019f 3C000000 		.4byte	.LVL7
 368 01a3 57020000 		.4byte	0x257
 369 01a7 B1010000 		.4byte	0x1b1
 370 01ab 07       		.uleb128 0x7
 371 01ac 01       		.uleb128 0x1
 372 01ad 50       		.byte	0x50
 373 01ae 01       		.uleb128 0x1
 374 01af 3A       		.byte	0x3a
 375 01b0 00       		.byte	0
 376 01b1 06       		.uleb128 0x6
 377 01b2 56000000 		.4byte	.LVL8
 378 01b6 68020000 		.4byte	0x268
 379 01ba DC010000 		.4byte	0x1dc
 380 01be 07       		.uleb128 0x7
 381 01bf 01       		.uleb128 0x1
 382 01c0 53       		.byte	0x53
 383 01c1 01       		.uleb128 0x1
 384 01c2 3A       		.byte	0x3a
 385 01c3 07       		.uleb128 0x7
 386 01c4 01       		.uleb128 0x1
 387 01c5 52       		.byte	0x52
 388 01c6 02       		.uleb128 0x2
 389 01c7 74       		.byte	0x74
 390 01c8 00       		.sleb128 0
 391 01c9 07       		.uleb128 0x7
 392 01ca 01       		.uleb128 0x1
 393 01cb 51       		.byte	0x51
 394 01cc 02       		.uleb128 0x2
 395 01cd 75       		.byte	0x75
 396 01ce 00       		.sleb128 0
 397 01cf 07       		.uleb128 0x7
 398 01d0 01       		.uleb128 0x1
 399 01d1 50       		.byte	0x50
 400 01d2 02       		.uleb128 0x2
 401 01d3 76       		.byte	0x76
 402 01d4 00       		.sleb128 0
 403 01d5 07       		.uleb128 0x7
 404 01d6 02       		.uleb128 0x2
ARM GAS  C:\Users\Dylan\AppData\Local\Temp\cce4zxLj.s 			page 9


 405 01d7 7D       		.byte	0x7d
 406 01d8 00       		.sleb128 0
 407 01d9 01       		.uleb128 0x1
 408 01da 39       		.byte	0x39
 409 01db 00       		.byte	0
 410 01dc 0C       		.uleb128 0xc
 411 01dd 60000000 		.4byte	.LVL9
 412 01e1 93020000 		.4byte	0x293
 413 01e5 0C       		.uleb128 0xc
 414 01e6 6C000000 		.4byte	.LVL11
 415 01ea B2020000 		.4byte	0x2b2
 416 01ee 0C       		.uleb128 0xc
 417 01ef 70000000 		.4byte	.LVL12
 418 01f3 D2020000 		.4byte	0x2d2
 419 01f7 00       		.byte	0
 420 01f8 0D       		.uleb128 0xd
 421 01f9 00000000 		.4byte	.LASF24
 422 01fd 03       		.byte	0x3
 423 01fe 42       		.byte	0x42
 424 01ff 09020000 		.4byte	0x209
 425 0203 0E       		.uleb128 0xe
 426 0204 81000000 		.4byte	0x81
 427 0208 00       		.byte	0
 428 0209 0D       		.uleb128 0xd
 429 020a A6010000 		.4byte	.LASF25
 430 020e 04       		.byte	0x4
 431 020f 51       		.byte	0x51
 432 0210 1A020000 		.4byte	0x21a
 433 0214 0E       		.uleb128 0xe
 434 0215 6B000000 		.4byte	0x6b
 435 0219 00       		.byte	0
 436 021a 0D       		.uleb128 0xd
 437 021b 4E000000 		.4byte	.LASF26
 438 021f 05       		.byte	0x5
 439 0220 1D       		.byte	0x1d
 440 0221 2B020000 		.4byte	0x22b
 441 0225 0E       		.uleb128 0xe
 442 0226 6B000000 		.4byte	0x6b
 443 022a 00       		.byte	0
 444 022b 0D       		.uleb128 0xd
 445 022c BC020000 		.4byte	.LASF27
 446 0230 04       		.byte	0x4
 447 0231 57       		.byte	0x57
 448 0232 3C020000 		.4byte	0x23c
 449 0236 0E       		.uleb128 0xe
 450 0237 81000000 		.4byte	0x81
 451 023b 00       		.byte	0
 452 023c 0D       		.uleb128 0xd
 453 023d 0B010000 		.4byte	.LASF28
 454 0241 06       		.byte	0x6
 455 0242 36       		.byte	0x36
 456 0243 57020000 		.4byte	0x257
 457 0247 0E       		.uleb128 0xe
 458 0248 5D000000 		.4byte	0x5d
 459 024c 0E       		.uleb128 0xe
 460 024d 5D000000 		.4byte	0x5d
 461 0251 0E       		.uleb128 0xe
ARM GAS  C:\Users\Dylan\AppData\Local\Temp\cce4zxLj.s 			page 10


 462 0252 5D000000 		.4byte	0x5d
 463 0256 00       		.byte	0
 464 0257 0D       		.uleb128 0xd
 465 0258 7E000000 		.4byte	.LASF29
 466 025c 06       		.byte	0x6
 467 025d 37       		.byte	0x37
 468 025e 68020000 		.4byte	0x268
 469 0262 0E       		.uleb128 0xe
 470 0263 8C000000 		.4byte	0x8c
 471 0267 00       		.byte	0
 472 0268 0D       		.uleb128 0xd
 473 0269 CF010000 		.4byte	.LASF30
 474 026d 06       		.byte	0x6
 475 026e 39       		.byte	0x39
 476 026f 8D020000 		.4byte	0x28d
 477 0273 0E       		.uleb128 0xe
 478 0274 8D020000 		.4byte	0x28d
 479 0278 0E       		.uleb128 0xe
 480 0279 8D020000 		.4byte	0x28d
 481 027d 0E       		.uleb128 0xe
 482 027e 8D020000 		.4byte	0x28d
 483 0282 0E       		.uleb128 0xe
 484 0283 6B000000 		.4byte	0x6b
 485 0287 0E       		.uleb128 0xe
 486 0288 76000000 		.4byte	0x76
 487 028c 00       		.byte	0
 488 028d 0F       		.uleb128 0xf
 489 028e 04       		.byte	0x4
 490 028f 76000000 		.4byte	0x76
 491 0293 10       		.uleb128 0x10
 492 0294 20010000 		.4byte	.LASF35
 493 0298 06       		.byte	0x6
 494 0299 3A       		.byte	0x3a
 495 029a 76000000 		.4byte	0x76
 496 029e B2020000 		.4byte	0x2b2
 497 02a2 0E       		.uleb128 0xe
 498 02a3 76000000 		.4byte	0x76
 499 02a7 0E       		.uleb128 0xe
 500 02a8 76000000 		.4byte	0x76
 501 02ac 0E       		.uleb128 0xe
 502 02ad 76000000 		.4byte	0x76
 503 02b1 00       		.byte	0
 504 02b2 0D       		.uleb128 0xd
 505 02b3 4C010000 		.4byte	.LASF31
 506 02b7 06       		.byte	0x6
 507 02b8 3B       		.byte	0x3b
 508 02b9 D2020000 		.4byte	0x2d2
 509 02bd 0E       		.uleb128 0xe
 510 02be 76000000 		.4byte	0x76
 511 02c2 0E       		.uleb128 0xe
 512 02c3 76000000 		.4byte	0x76
 513 02c7 0E       		.uleb128 0xe
 514 02c8 76000000 		.4byte	0x76
 515 02cc 0E       		.uleb128 0xe
 516 02cd 76000000 		.4byte	0x76
 517 02d1 00       		.byte	0
 518 02d2 11       		.uleb128 0x11
ARM GAS  C:\Users\Dylan\AppData\Local\Temp\cce4zxLj.s 			page 11


 519 02d3 8A020000 		.4byte	.LASF36
 520 02d7 07       		.byte	0x7
 521 02d8 1D       		.byte	0x1d
 522 02d9 00       		.byte	0
 523              		.section	.debug_abbrev,"",%progbits
 524              	.Ldebug_abbrev0:
 525 0000 01       		.uleb128 0x1
 526 0001 11       		.uleb128 0x11
 527 0002 01       		.byte	0x1
 528 0003 25       		.uleb128 0x25
 529 0004 0E       		.uleb128 0xe
 530 0005 13       		.uleb128 0x13
 531 0006 0B       		.uleb128 0xb
 532 0007 03       		.uleb128 0x3
 533 0008 0E       		.uleb128 0xe
 534 0009 1B       		.uleb128 0x1b
 535 000a 0E       		.uleb128 0xe
 536 000b 55       		.uleb128 0x55
 537 000c 17       		.uleb128 0x17
 538 000d 11       		.uleb128 0x11
 539 000e 01       		.uleb128 0x1
 540 000f 10       		.uleb128 0x10
 541 0010 17       		.uleb128 0x17
 542 0011 00       		.byte	0
 543 0012 00       		.byte	0
 544 0013 02       		.uleb128 0x2
 545 0014 24       		.uleb128 0x24
 546 0015 00       		.byte	0
 547 0016 0B       		.uleb128 0xb
 548 0017 0B       		.uleb128 0xb
 549 0018 3E       		.uleb128 0x3e
 550 0019 0B       		.uleb128 0xb
 551 001a 03       		.uleb128 0x3
 552 001b 0E       		.uleb128 0xe
 553 001c 00       		.byte	0
 554 001d 00       		.byte	0
 555 001e 03       		.uleb128 0x3
 556 001f 24       		.uleb128 0x24
 557 0020 00       		.byte	0
 558 0021 0B       		.uleb128 0xb
 559 0022 0B       		.uleb128 0xb
 560 0023 3E       		.uleb128 0x3e
 561 0024 0B       		.uleb128 0xb
 562 0025 03       		.uleb128 0x3
 563 0026 08       		.uleb128 0x8
 564 0027 00       		.byte	0
 565 0028 00       		.byte	0
 566 0029 04       		.uleb128 0x4
 567 002a 16       		.uleb128 0x16
 568 002b 00       		.byte	0
 569 002c 03       		.uleb128 0x3
 570 002d 0E       		.uleb128 0xe
 571 002e 3A       		.uleb128 0x3a
 572 002f 0B       		.uleb128 0xb
 573 0030 3B       		.uleb128 0x3b
 574 0031 0B       		.uleb128 0xb
 575 0032 49       		.uleb128 0x49
ARM GAS  C:\Users\Dylan\AppData\Local\Temp\cce4zxLj.s 			page 12


 576 0033 13       		.uleb128 0x13
 577 0034 00       		.byte	0
 578 0035 00       		.byte	0
 579 0036 05       		.uleb128 0x5
 580 0037 2E       		.uleb128 0x2e
 581 0038 01       		.byte	0x1
 582 0039 3F       		.uleb128 0x3f
 583 003a 19       		.uleb128 0x19
 584 003b 03       		.uleb128 0x3
 585 003c 0E       		.uleb128 0xe
 586 003d 3A       		.uleb128 0x3a
 587 003e 0B       		.uleb128 0xb
 588 003f 3B       		.uleb128 0x3b
 589 0040 0B       		.uleb128 0xb
 590 0041 27       		.uleb128 0x27
 591 0042 19       		.uleb128 0x19
 592 0043 11       		.uleb128 0x11
 593 0044 01       		.uleb128 0x1
 594 0045 12       		.uleb128 0x12
 595 0046 06       		.uleb128 0x6
 596 0047 40       		.uleb128 0x40
 597 0048 18       		.uleb128 0x18
 598 0049 9742     		.uleb128 0x2117
 599 004b 19       		.uleb128 0x19
 600 004c 01       		.uleb128 0x1
 601 004d 13       		.uleb128 0x13
 602 004e 00       		.byte	0
 603 004f 00       		.byte	0
 604 0050 06       		.uleb128 0x6
 605 0051 898201   		.uleb128 0x4109
 606 0054 01       		.byte	0x1
 607 0055 11       		.uleb128 0x11
 608 0056 01       		.uleb128 0x1
 609 0057 31       		.uleb128 0x31
 610 0058 13       		.uleb128 0x13
 611 0059 01       		.uleb128 0x1
 612 005a 13       		.uleb128 0x13
 613 005b 00       		.byte	0
 614 005c 00       		.byte	0
 615 005d 07       		.uleb128 0x7
 616 005e 8A8201   		.uleb128 0x410a
 617 0061 00       		.byte	0
 618 0062 02       		.uleb128 0x2
 619 0063 18       		.uleb128 0x18
 620 0064 9142     		.uleb128 0x2111
 621 0066 18       		.uleb128 0x18
 622 0067 00       		.byte	0
 623 0068 00       		.byte	0
 624 0069 08       		.uleb128 0x8
 625 006a 898201   		.uleb128 0x4109
 626 006d 01       		.byte	0x1
 627 006e 11       		.uleb128 0x11
 628 006f 01       		.uleb128 0x1
 629 0070 31       		.uleb128 0x31
 630 0071 13       		.uleb128 0x13
 631 0072 00       		.byte	0
 632 0073 00       		.byte	0
ARM GAS  C:\Users\Dylan\AppData\Local\Temp\cce4zxLj.s 			page 13


 633 0074 09       		.uleb128 0x9
 634 0075 2E       		.uleb128 0x2e
 635 0076 01       		.byte	0x1
 636 0077 3F       		.uleb128 0x3f
 637 0078 19       		.uleb128 0x19
 638 0079 03       		.uleb128 0x3
 639 007a 0E       		.uleb128 0xe
 640 007b 3A       		.uleb128 0x3a
 641 007c 0B       		.uleb128 0xb
 642 007d 3B       		.uleb128 0x3b
 643 007e 0B       		.uleb128 0xb
 644 007f 49       		.uleb128 0x49
 645 0080 13       		.uleb128 0x13
 646 0081 11       		.uleb128 0x11
 647 0082 01       		.uleb128 0x1
 648 0083 12       		.uleb128 0x12
 649 0084 06       		.uleb128 0x6
 650 0085 40       		.uleb128 0x40
 651 0086 18       		.uleb128 0x18
 652 0087 9742     		.uleb128 0x2117
 653 0089 19       		.uleb128 0x19
 654 008a 01       		.uleb128 0x1
 655 008b 13       		.uleb128 0x13
 656 008c 00       		.byte	0
 657 008d 00       		.byte	0
 658 008e 0A       		.uleb128 0xa
 659 008f 34       		.uleb128 0x34
 660 0090 00       		.byte	0
 661 0091 03       		.uleb128 0x3
 662 0092 0E       		.uleb128 0xe
 663 0093 3A       		.uleb128 0x3a
 664 0094 0B       		.uleb128 0xb
 665 0095 3B       		.uleb128 0x3b
 666 0096 0B       		.uleb128 0xb
 667 0097 49       		.uleb128 0x49
 668 0098 13       		.uleb128 0x13
 669 0099 02       		.uleb128 0x2
 670 009a 18       		.uleb128 0x18
 671 009b 00       		.byte	0
 672 009c 00       		.byte	0
 673 009d 0B       		.uleb128 0xb
 674 009e 34       		.uleb128 0x34
 675 009f 00       		.byte	0
 676 00a0 03       		.uleb128 0x3
 677 00a1 0E       		.uleb128 0xe
 678 00a2 3A       		.uleb128 0x3a
 679 00a3 0B       		.uleb128 0xb
 680 00a4 3B       		.uleb128 0x3b
 681 00a5 0B       		.uleb128 0xb
 682 00a6 49       		.uleb128 0x49
 683 00a7 13       		.uleb128 0x13
 684 00a8 02       		.uleb128 0x2
 685 00a9 17       		.uleb128 0x17
 686 00aa 00       		.byte	0
 687 00ab 00       		.byte	0
 688 00ac 0C       		.uleb128 0xc
 689 00ad 898201   		.uleb128 0x4109
ARM GAS  C:\Users\Dylan\AppData\Local\Temp\cce4zxLj.s 			page 14


 690 00b0 00       		.byte	0
 691 00b1 11       		.uleb128 0x11
 692 00b2 01       		.uleb128 0x1
 693 00b3 31       		.uleb128 0x31
 694 00b4 13       		.uleb128 0x13
 695 00b5 00       		.byte	0
 696 00b6 00       		.byte	0
 697 00b7 0D       		.uleb128 0xd
 698 00b8 2E       		.uleb128 0x2e
 699 00b9 01       		.byte	0x1
 700 00ba 3F       		.uleb128 0x3f
 701 00bb 19       		.uleb128 0x19
 702 00bc 03       		.uleb128 0x3
 703 00bd 0E       		.uleb128 0xe
 704 00be 3A       		.uleb128 0x3a
 705 00bf 0B       		.uleb128 0xb
 706 00c0 3B       		.uleb128 0x3b
 707 00c1 0B       		.uleb128 0xb
 708 00c2 27       		.uleb128 0x27
 709 00c3 19       		.uleb128 0x19
 710 00c4 3C       		.uleb128 0x3c
 711 00c5 19       		.uleb128 0x19
 712 00c6 01       		.uleb128 0x1
 713 00c7 13       		.uleb128 0x13
 714 00c8 00       		.byte	0
 715 00c9 00       		.byte	0
 716 00ca 0E       		.uleb128 0xe
 717 00cb 05       		.uleb128 0x5
 718 00cc 00       		.byte	0
 719 00cd 49       		.uleb128 0x49
 720 00ce 13       		.uleb128 0x13
 721 00cf 00       		.byte	0
 722 00d0 00       		.byte	0
 723 00d1 0F       		.uleb128 0xf
 724 00d2 0F       		.uleb128 0xf
 725 00d3 00       		.byte	0
 726 00d4 0B       		.uleb128 0xb
 727 00d5 0B       		.uleb128 0xb
 728 00d6 49       		.uleb128 0x49
 729 00d7 13       		.uleb128 0x13
 730 00d8 00       		.byte	0
 731 00d9 00       		.byte	0
 732 00da 10       		.uleb128 0x10
 733 00db 2E       		.uleb128 0x2e
 734 00dc 01       		.byte	0x1
 735 00dd 3F       		.uleb128 0x3f
 736 00de 19       		.uleb128 0x19
 737 00df 03       		.uleb128 0x3
 738 00e0 0E       		.uleb128 0xe
 739 00e1 3A       		.uleb128 0x3a
 740 00e2 0B       		.uleb128 0xb
 741 00e3 3B       		.uleb128 0x3b
 742 00e4 0B       		.uleb128 0xb
 743 00e5 27       		.uleb128 0x27
 744 00e6 19       		.uleb128 0x19
 745 00e7 49       		.uleb128 0x49
 746 00e8 13       		.uleb128 0x13
ARM GAS  C:\Users\Dylan\AppData\Local\Temp\cce4zxLj.s 			page 15


 747 00e9 3C       		.uleb128 0x3c
 748 00ea 19       		.uleb128 0x19
 749 00eb 01       		.uleb128 0x1
 750 00ec 13       		.uleb128 0x13
 751 00ed 00       		.byte	0
 752 00ee 00       		.byte	0
 753 00ef 11       		.uleb128 0x11
 754 00f0 2E       		.uleb128 0x2e
 755 00f1 00       		.byte	0
 756 00f2 3F       		.uleb128 0x3f
 757 00f3 19       		.uleb128 0x19
 758 00f4 03       		.uleb128 0x3
 759 00f5 0E       		.uleb128 0xe
 760 00f6 3A       		.uleb128 0x3a
 761 00f7 0B       		.uleb128 0xb
 762 00f8 3B       		.uleb128 0x3b
 763 00f9 0B       		.uleb128 0xb
 764 00fa 27       		.uleb128 0x27
 765 00fb 19       		.uleb128 0x19
 766 00fc 3C       		.uleb128 0x3c
 767 00fd 19       		.uleb128 0x19
 768 00fe 00       		.byte	0
 769 00ff 00       		.byte	0
 770 0100 00       		.byte	0
 771              		.section	.debug_loc,"",%progbits
 772              	.Ldebug_loc0:
 773              	.LLST0:
 774 0000 2A000000 		.4byte	.LVL5
 775 0004 3C000000 		.4byte	.LVL7
 776 0008 0200     		.2byte	0x2
 777 000a 30       		.byte	0x30
 778 000b 9F       		.byte	0x9f
 779 000c 62000000 		.4byte	.LVL10
 780 0010 6B000000 		.4byte	.LVL11-1
 781 0014 0100     		.2byte	0x1
 782 0016 53       		.byte	0x53
 783 0017 00000000 		.4byte	0
 784 001b 00000000 		.4byte	0
 785              		.section	.debug_aranges,"",%progbits
 786 0000 24000000 		.4byte	0x24
 787 0004 0200     		.2byte	0x2
 788 0006 00000000 		.4byte	.Ldebug_info0
 789 000a 04       		.byte	0x4
 790 000b 00       		.byte	0
 791 000c 0000     		.2byte	0
 792 000e 0000     		.2byte	0
 793 0010 00000000 		.4byte	.LFB33
 794 0014 12000000 		.4byte	.LFE33-.LFB33
 795 0018 00000000 		.4byte	.LFB34
 796 001c 72000000 		.4byte	.LFE34-.LFB34
 797 0020 00000000 		.4byte	0
 798 0024 00000000 		.4byte	0
 799              		.section	.debug_ranges,"",%progbits
 800              	.Ldebug_ranges0:
 801 0000 00000000 		.4byte	.LFB33
 802 0004 12000000 		.4byte	.LFE33
 803 0008 00000000 		.4byte	.LFB34
ARM GAS  C:\Users\Dylan\AppData\Local\Temp\cce4zxLj.s 			page 16


 804 000c 72000000 		.4byte	.LFE34
 805 0010 00000000 		.4byte	0
 806 0014 00000000 		.4byte	0
 807              		.section	.debug_line,"",%progbits
 808              	.Ldebug_line0:
 809 0000 DA000000 		.section	.debug_str,"MS",%progbits,1
 809      02009100 
 809      00000201 
 809      FB0E0D00 
 809      01010101 
 810              	.LASF24:
 811 0000 43795379 		.ascii	"CySysWdtClearInterrupt\000"
 811      73576474 
 811      436C6561 
 811      72496E74 
 811      65727275 
 812              	.LASF13:
 813 0017 666C6F61 		.ascii	"float\000"
 813      7400
 814              	.LASF3:
 815 001d 73686F72 		.ascii	"short unsigned int\000"
 815      7420756E 
 815      7369676E 
 815      65642069 
 815      6E7400
 816              	.LASF20:
 817 0030 6163635F 		.ascii	"acc_eff_x\000"
 817      6566665F 
 817      7800
 818              	.LASF21:
 819 003a 6163635F 		.ascii	"acc_eff_y\000"
 819      6566665F 
 819      7900
 820              	.LASF22:
 821 0044 6163635F 		.ascii	"acc_eff_z\000"
 821      6566665F 
 821      7A00
 822              	.LASF26:
 823 004e 50696E5F 		.ascii	"Pin_gestion_sleep_xbee_Write\000"
 823      67657374 
 823      696F6E5F 
 823      736C6565 
 823      705F7862 
 824              	.LASF23:
 825 006b 6E6F726D 		.ascii	"norme_acc_efficace\000"
 825      655F6163 
 825      635F6566 
 825      66696361 
 825      636500
 826              	.LASF29:
 827 007e 696E6974 		.ascii	"initialisation_projet\000"
 827      69616C69 
 827      73617469 
 827      6F6E5F70 
 827      726F6A65 
 828              	.LASF5:
 829 0094 6C6F6E67 		.ascii	"long unsigned int\000"
ARM GAS  C:\Users\Dylan\AppData\Local\Temp\cce4zxLj.s 			page 17


 829      20756E73 
 829      69676E65 
 829      6420696E 
 829      7400
 830              	.LASF9:
 831 00a6 75696E74 		.ascii	"uint8\000"
 831      3800
 832              	.LASF34:
 833 00ac 433A5C55 		.ascii	"C:\\Users\\Dylan\\Desktop\\ADXL345_sleep_xbee_wdt_t"
 833      73657273 
 833      5C44796C 
 833      616E5C44 
 833      65736B74 
 834 00db 6F706465 		.ascii	"opdesign\\ADXL345_sleep_xbee.cydsn\000"
 834      7369676E 
 834      5C414458 
 834      4C333435 
 834      5F736C65 
 835              	.LASF1:
 836 00fd 756E7369 		.ascii	"unsigned char\000"
 836      676E6564 
 836      20636861 
 836      7200
 837              	.LASF28:
 838 010b 61636365 		.ascii	"accelero_init\000"
 838      6C65726F 
 838      5F696E69 
 838      7400
 839              	.LASF14:
 840 0119 646F7562 		.ascii	"double\000"
 840      6C6500
 841              	.LASF35:
 842 0120 61636365 		.ascii	"accelero_calcul_norme_acc_efficace\000"
 842      6C65726F 
 842      5F63616C 
 842      63756C5F 
 842      6E6F726D 
 843              	.LASF33:
 844 0143 2E5C6D61 		.ascii	".\\main.c\000"
 844      696E2E63 
 844      00
 845              	.LASF31:
 846 014c 61636365 		.ascii	"accelero_transmission\000"
 846      6C65726F 
 846      5F747261 
 846      6E736D69 
 846      7373696F 
 847              	.LASF10:
 848 0162 75696E74 		.ascii	"uint16\000"
 848      313600
 849              	.LASF12:
 850 0169 696E7438 		.ascii	"int8\000"
 850      00
 851              	.LASF11:
 852 016e 75696E74 		.ascii	"uint32\000"
 852      333200
 853              	.LASF19:
ARM GAS  C:\Users\Dylan\AppData\Local\Temp\cce4zxLj.s 			page 18


 854 0175 6D61696E 		.ascii	"main\000"
 854      00
 855              	.LASF8:
 856 017a 756E7369 		.ascii	"unsigned int\000"
 856      676E6564 
 856      20696E74 
 856      00
 857              	.LASF7:
 858 0187 6C6F6E67 		.ascii	"long long unsigned int\000"
 858      206C6F6E 
 858      6720756E 
 858      7369676E 
 858      65642069 
 859              	.LASF18:
 860 019e 6973725F 		.ascii	"isr_wdt\000"
 860      77647400 
 861              	.LASF25:
 862 01a6 4379496E 		.ascii	"CyIntClearPending\000"
 862      74436C65 
 862      61725065 
 862      6E64696E 
 862      6700
 863              	.LASF16:
 864 01b8 73697A65 		.ascii	"sizetype\000"
 864      74797065 
 864      00
 865              	.LASF6:
 866 01c1 6C6F6E67 		.ascii	"long long int\000"
 866      206C6F6E 
 866      6720696E 
 866      7400
 867              	.LASF30:
 868 01cf 61636365 		.ascii	"accelero_acquisition_efficace\000"
 868      6C65726F 
 868      5F616371 
 868      75697369 
 868      74696F6E 
 869              	.LASF15:
 870 01ed 63686172 		.ascii	"char\000"
 870      00
 871              	.LASF32:
 872 01f2 474E5520 		.ascii	"GNU C 4.9.3 20150303 (release) [ARM/embedded-4_9-br"
 872      4320342E 
 872      392E3320 
 872      32303135 
 872      30333033 
 873 0225 616E6368 		.ascii	"anch revision 221220] -mcpu=cortex-m0 -mthumb -g -O"
 873      20726576 
 873      6973696F 
 873      6E203232 
 873      31323230 
 874 0258 67202D66 		.ascii	"g -ffunction-sections -ffat-lto-objects\000"
 874      66756E63 
 874      74696F6E 
 874      2D736563 
 874      74696F6E 
 875              	.LASF2:
ARM GAS  C:\Users\Dylan\AppData\Local\Temp\cce4zxLj.s 			page 19


 876 0280 73686F72 		.ascii	"short int\000"
 876      7420696E 
 876      7400
 877              	.LASF36:
 878 028a 43795379 		.ascii	"CySysPmDeepSleep\000"
 878      73506D44 
 878      65657053 
 878      6C656570 
 878      00
 879              	.LASF4:
 880 029b 6C6F6E67 		.ascii	"long int\000"
 880      20696E74 
 880      00
 881              	.LASF17:
 882 02a4 6C6F6E67 		.ascii	"long double\000"
 882      20646F75 
 882      626C6500 
 883              	.LASF0:
 884 02b0 7369676E 		.ascii	"signed char\000"
 884      65642063 
 884      68617200 
 885              	.LASF27:
 886 02bc 43794465 		.ascii	"CyDelay\000"
 886      6C617900 
 887              		.ident	"GCC: (GNU Tools for ARM Embedded Processors) 4.9.3 20150303 (release) [ARM/embedded-4_9-br
