ARM GAS  C:\Users\Dylan\AppData\Local\Temp\cci3jJNL.s 			page 1


   1              		.cpu cortex-m0
   2              		.fpu softvfp
   3              		.eabi_attribute 20, 1
   4              		.eabi_attribute 21, 1
   5              		.eabi_attribute 23, 3
   6              		.eabi_attribute 24, 1
   7              		.eabi_attribute 25, 1
   8              		.eabi_attribute 26, 1
   9              		.eabi_attribute 30, 1
  10              		.eabi_attribute 34, 0
  11              		.eabi_attribute 18, 4
  12              		.code	16
  13              		.file	"zigbee_PM.c"
  14              		.text
  15              	.Ltext0:
  16              		.cfi_sections	.debug_frame
  17              		.section	.text.zigbee_SaveConfig,"ax",%progbits
  18              		.align	2
  19              		.global	zigbee_SaveConfig
  20              		.code	16
  21              		.thumb_func
  22              		.type	zigbee_SaveConfig, %function
  23              	zigbee_SaveConfig:
  24              	.LFB0:
  25              		.file 1 ".\\Generated_Source\\PSoC4\\zigbee_PM.c"
   1:.\Generated_Source\PSoC4/zigbee_PM.c **** /*******************************************************************************
   2:.\Generated_Source\PSoC4/zigbee_PM.c **** * File Name: zigbee_PM.c
   3:.\Generated_Source\PSoC4/zigbee_PM.c **** * Version 2.50
   4:.\Generated_Source\PSoC4/zigbee_PM.c **** *
   5:.\Generated_Source\PSoC4/zigbee_PM.c **** * Description:
   6:.\Generated_Source\PSoC4/zigbee_PM.c **** *  This file provides Sleep/WakeUp APIs functionality.
   7:.\Generated_Source\PSoC4/zigbee_PM.c **** *
   8:.\Generated_Source\PSoC4/zigbee_PM.c **** * Note:
   9:.\Generated_Source\PSoC4/zigbee_PM.c **** *
  10:.\Generated_Source\PSoC4/zigbee_PM.c **** ********************************************************************************
  11:.\Generated_Source\PSoC4/zigbee_PM.c **** * Copyright 2008-2015, Cypress Semiconductor Corporation.  All rights reserved.
  12:.\Generated_Source\PSoC4/zigbee_PM.c **** * You may use this file only in accordance with the license, terms, conditions,
  13:.\Generated_Source\PSoC4/zigbee_PM.c **** * disclaimers, and limitations in the end user license agreement accompanying
  14:.\Generated_Source\PSoC4/zigbee_PM.c **** * the software package with which this file was provided.
  15:.\Generated_Source\PSoC4/zigbee_PM.c **** *******************************************************************************/
  16:.\Generated_Source\PSoC4/zigbee_PM.c **** 
  17:.\Generated_Source\PSoC4/zigbee_PM.c **** #include "zigbee.h"
  18:.\Generated_Source\PSoC4/zigbee_PM.c **** 
  19:.\Generated_Source\PSoC4/zigbee_PM.c **** 
  20:.\Generated_Source\PSoC4/zigbee_PM.c **** /***************************************
  21:.\Generated_Source\PSoC4/zigbee_PM.c **** * Local data allocation
  22:.\Generated_Source\PSoC4/zigbee_PM.c **** ***************************************/
  23:.\Generated_Source\PSoC4/zigbee_PM.c **** 
  24:.\Generated_Source\PSoC4/zigbee_PM.c **** static zigbee_BACKUP_STRUCT  zigbee_backup =
  25:.\Generated_Source\PSoC4/zigbee_PM.c **** {
  26:.\Generated_Source\PSoC4/zigbee_PM.c ****     /* enableState - disabled */
  27:.\Generated_Source\PSoC4/zigbee_PM.c ****     0u,
  28:.\Generated_Source\PSoC4/zigbee_PM.c **** };
  29:.\Generated_Source\PSoC4/zigbee_PM.c **** 
  30:.\Generated_Source\PSoC4/zigbee_PM.c **** 
  31:.\Generated_Source\PSoC4/zigbee_PM.c **** 
  32:.\Generated_Source\PSoC4/zigbee_PM.c **** /*******************************************************************************
ARM GAS  C:\Users\Dylan\AppData\Local\Temp\cci3jJNL.s 			page 2


  33:.\Generated_Source\PSoC4/zigbee_PM.c **** * Function Name: zigbee_SaveConfig
  34:.\Generated_Source\PSoC4/zigbee_PM.c **** ********************************************************************************
  35:.\Generated_Source\PSoC4/zigbee_PM.c **** *
  36:.\Generated_Source\PSoC4/zigbee_PM.c **** * Summary:
  37:.\Generated_Source\PSoC4/zigbee_PM.c **** *  This function saves the component nonretention control register.
  38:.\Generated_Source\PSoC4/zigbee_PM.c **** *  Does not save the FIFO which is a set of nonretention registers.
  39:.\Generated_Source\PSoC4/zigbee_PM.c **** *  This function is called by the zigbee_Sleep() function.
  40:.\Generated_Source\PSoC4/zigbee_PM.c **** *
  41:.\Generated_Source\PSoC4/zigbee_PM.c **** * Parameters:
  42:.\Generated_Source\PSoC4/zigbee_PM.c **** *  None.
  43:.\Generated_Source\PSoC4/zigbee_PM.c **** *
  44:.\Generated_Source\PSoC4/zigbee_PM.c **** * Return:
  45:.\Generated_Source\PSoC4/zigbee_PM.c **** *  None.
  46:.\Generated_Source\PSoC4/zigbee_PM.c **** *
  47:.\Generated_Source\PSoC4/zigbee_PM.c **** * Global Variables:
  48:.\Generated_Source\PSoC4/zigbee_PM.c **** *  zigbee_backup - modified when non-retention registers are saved.
  49:.\Generated_Source\PSoC4/zigbee_PM.c **** *
  50:.\Generated_Source\PSoC4/zigbee_PM.c **** * Reentrant:
  51:.\Generated_Source\PSoC4/zigbee_PM.c **** *  No.
  52:.\Generated_Source\PSoC4/zigbee_PM.c **** *
  53:.\Generated_Source\PSoC4/zigbee_PM.c **** *******************************************************************************/
  54:.\Generated_Source\PSoC4/zigbee_PM.c **** void zigbee_SaveConfig(void)
  55:.\Generated_Source\PSoC4/zigbee_PM.c **** {
  26              		.loc 1 55 0
  27              		.cfi_startproc
  56:.\Generated_Source\PSoC4/zigbee_PM.c ****     #if(zigbee_CONTROL_REG_REMOVED == 0u)
  57:.\Generated_Source\PSoC4/zigbee_PM.c ****         zigbee_backup.cr = zigbee_CONTROL_REG;
  58:.\Generated_Source\PSoC4/zigbee_PM.c ****     #endif /* End zigbee_CONTROL_REG_REMOVED */
  59:.\Generated_Source\PSoC4/zigbee_PM.c **** }
  28              		.loc 1 59 0
  29              		@ sp needed
  30 0000 7047     		bx	lr
  31              		.cfi_endproc
  32              	.LFE0:
  33              		.size	zigbee_SaveConfig, .-zigbee_SaveConfig
  34 0002 C046     		.section	.text.zigbee_RestoreConfig,"ax",%progbits
  35              		.align	2
  36              		.global	zigbee_RestoreConfig
  37              		.code	16
  38              		.thumb_func
  39              		.type	zigbee_RestoreConfig, %function
  40              	zigbee_RestoreConfig:
  41              	.LFB1:
  60:.\Generated_Source\PSoC4/zigbee_PM.c **** 
  61:.\Generated_Source\PSoC4/zigbee_PM.c **** 
  62:.\Generated_Source\PSoC4/zigbee_PM.c **** /*******************************************************************************
  63:.\Generated_Source\PSoC4/zigbee_PM.c **** * Function Name: zigbee_RestoreConfig
  64:.\Generated_Source\PSoC4/zigbee_PM.c **** ********************************************************************************
  65:.\Generated_Source\PSoC4/zigbee_PM.c **** *
  66:.\Generated_Source\PSoC4/zigbee_PM.c **** * Summary:
  67:.\Generated_Source\PSoC4/zigbee_PM.c **** *  Restores the nonretention control register except FIFO.
  68:.\Generated_Source\PSoC4/zigbee_PM.c **** *  Does not restore the FIFO which is a set of nonretention registers.
  69:.\Generated_Source\PSoC4/zigbee_PM.c **** *
  70:.\Generated_Source\PSoC4/zigbee_PM.c **** * Parameters:
  71:.\Generated_Source\PSoC4/zigbee_PM.c **** *  None.
  72:.\Generated_Source\PSoC4/zigbee_PM.c **** *
  73:.\Generated_Source\PSoC4/zigbee_PM.c **** * Return:
ARM GAS  C:\Users\Dylan\AppData\Local\Temp\cci3jJNL.s 			page 3


  74:.\Generated_Source\PSoC4/zigbee_PM.c **** *  None.
  75:.\Generated_Source\PSoC4/zigbee_PM.c **** *
  76:.\Generated_Source\PSoC4/zigbee_PM.c **** * Global Variables:
  77:.\Generated_Source\PSoC4/zigbee_PM.c **** *  zigbee_backup - used when non-retention registers are restored.
  78:.\Generated_Source\PSoC4/zigbee_PM.c **** *
  79:.\Generated_Source\PSoC4/zigbee_PM.c **** * Reentrant:
  80:.\Generated_Source\PSoC4/zigbee_PM.c **** *  No.
  81:.\Generated_Source\PSoC4/zigbee_PM.c **** *
  82:.\Generated_Source\PSoC4/zigbee_PM.c **** * Notes:
  83:.\Generated_Source\PSoC4/zigbee_PM.c **** *  If this function is called without calling zigbee_SaveConfig() 
  84:.\Generated_Source\PSoC4/zigbee_PM.c **** *  first, the data loaded may be incorrect.
  85:.\Generated_Source\PSoC4/zigbee_PM.c **** *
  86:.\Generated_Source\PSoC4/zigbee_PM.c **** *******************************************************************************/
  87:.\Generated_Source\PSoC4/zigbee_PM.c **** void zigbee_RestoreConfig(void)
  88:.\Generated_Source\PSoC4/zigbee_PM.c **** {
  42              		.loc 1 88 0
  43              		.cfi_startproc
  89:.\Generated_Source\PSoC4/zigbee_PM.c ****     #if(zigbee_CONTROL_REG_REMOVED == 0u)
  90:.\Generated_Source\PSoC4/zigbee_PM.c ****         zigbee_CONTROL_REG = zigbee_backup.cr;
  91:.\Generated_Source\PSoC4/zigbee_PM.c ****     #endif /* End zigbee_CONTROL_REG_REMOVED */
  92:.\Generated_Source\PSoC4/zigbee_PM.c **** }
  44              		.loc 1 92 0
  45              		@ sp needed
  46 0000 7047     		bx	lr
  47              		.cfi_endproc
  48              	.LFE1:
  49              		.size	zigbee_RestoreConfig, .-zigbee_RestoreConfig
  50 0002 C046     		.section	.text.zigbee_Sleep,"ax",%progbits
  51              		.align	2
  52              		.global	zigbee_Sleep
  53              		.code	16
  54              		.thumb_func
  55              		.type	zigbee_Sleep, %function
  56              	zigbee_Sleep:
  57              	.LFB2:
  93:.\Generated_Source\PSoC4/zigbee_PM.c **** 
  94:.\Generated_Source\PSoC4/zigbee_PM.c **** 
  95:.\Generated_Source\PSoC4/zigbee_PM.c **** /*******************************************************************************
  96:.\Generated_Source\PSoC4/zigbee_PM.c **** * Function Name: zigbee_Sleep
  97:.\Generated_Source\PSoC4/zigbee_PM.c **** ********************************************************************************
  98:.\Generated_Source\PSoC4/zigbee_PM.c **** *
  99:.\Generated_Source\PSoC4/zigbee_PM.c **** * Summary:
 100:.\Generated_Source\PSoC4/zigbee_PM.c **** *  This is the preferred API to prepare the component for sleep. 
 101:.\Generated_Source\PSoC4/zigbee_PM.c **** *  The zigbee_Sleep() API saves the current component state. Then it
 102:.\Generated_Source\PSoC4/zigbee_PM.c **** *  calls the zigbee_Stop() function and calls 
 103:.\Generated_Source\PSoC4/zigbee_PM.c **** *  zigbee_SaveConfig() to save the hardware configuration.
 104:.\Generated_Source\PSoC4/zigbee_PM.c **** *  Call the zigbee_Sleep() function before calling the CyPmSleep() 
 105:.\Generated_Source\PSoC4/zigbee_PM.c **** *  or the CyPmHibernate() function. 
 106:.\Generated_Source\PSoC4/zigbee_PM.c **** *
 107:.\Generated_Source\PSoC4/zigbee_PM.c **** * Parameters:
 108:.\Generated_Source\PSoC4/zigbee_PM.c **** *  None.
 109:.\Generated_Source\PSoC4/zigbee_PM.c **** *
 110:.\Generated_Source\PSoC4/zigbee_PM.c **** * Return:
 111:.\Generated_Source\PSoC4/zigbee_PM.c **** *  None.
 112:.\Generated_Source\PSoC4/zigbee_PM.c **** *
 113:.\Generated_Source\PSoC4/zigbee_PM.c **** * Global Variables:
 114:.\Generated_Source\PSoC4/zigbee_PM.c **** *  zigbee_backup - modified when non-retention registers are saved.
ARM GAS  C:\Users\Dylan\AppData\Local\Temp\cci3jJNL.s 			page 4


 115:.\Generated_Source\PSoC4/zigbee_PM.c **** *
 116:.\Generated_Source\PSoC4/zigbee_PM.c **** * Reentrant:
 117:.\Generated_Source\PSoC4/zigbee_PM.c **** *  No.
 118:.\Generated_Source\PSoC4/zigbee_PM.c **** *
 119:.\Generated_Source\PSoC4/zigbee_PM.c **** *******************************************************************************/
 120:.\Generated_Source\PSoC4/zigbee_PM.c **** void zigbee_Sleep(void)
 121:.\Generated_Source\PSoC4/zigbee_PM.c **** {
  58              		.loc 1 121 0
  59              		.cfi_startproc
  60 0000 08B5     		push	{r3, lr}
  61              		.cfi_def_cfa_offset 8
  62              		.cfi_offset 3, -8
  63              		.cfi_offset 14, -4
 122:.\Generated_Source\PSoC4/zigbee_PM.c ****     #if(zigbee_RX_ENABLED || zigbee_HD_ENABLED)
 123:.\Generated_Source\PSoC4/zigbee_PM.c ****         if((zigbee_RXSTATUS_ACTL_REG  & zigbee_INT_ENABLE) != 0u)
 124:.\Generated_Source\PSoC4/zigbee_PM.c ****         {
 125:.\Generated_Source\PSoC4/zigbee_PM.c ****             zigbee_backup.enableState = 1u;
 126:.\Generated_Source\PSoC4/zigbee_PM.c ****         }
 127:.\Generated_Source\PSoC4/zigbee_PM.c ****         else
 128:.\Generated_Source\PSoC4/zigbee_PM.c ****         {
 129:.\Generated_Source\PSoC4/zigbee_PM.c ****             zigbee_backup.enableState = 0u;
 130:.\Generated_Source\PSoC4/zigbee_PM.c ****         }
 131:.\Generated_Source\PSoC4/zigbee_PM.c ****     #else
 132:.\Generated_Source\PSoC4/zigbee_PM.c ****         if((zigbee_TXSTATUS_ACTL_REG  & zigbee_INT_ENABLE) !=0u)
  64              		.loc 1 132 0
  65 0002 074B     		ldr	r3, .L6
  66 0004 1B78     		ldrb	r3, [r3]
  67 0006 DB06     		lsl	r3, r3, #27
  68 0008 03D5     		bpl	.L4
 133:.\Generated_Source\PSoC4/zigbee_PM.c ****         {
 134:.\Generated_Source\PSoC4/zigbee_PM.c ****             zigbee_backup.enableState = 1u;
  69              		.loc 1 134 0
  70 000a 0122     		mov	r2, #1
  71 000c 054B     		ldr	r3, .L6+4
  72 000e 1A70     		strb	r2, [r3]
  73 0010 02E0     		b	.L5
  74              	.L4:
 135:.\Generated_Source\PSoC4/zigbee_PM.c ****         }
 136:.\Generated_Source\PSoC4/zigbee_PM.c ****         else
 137:.\Generated_Source\PSoC4/zigbee_PM.c ****         {
 138:.\Generated_Source\PSoC4/zigbee_PM.c ****             zigbee_backup.enableState = 0u;
  75              		.loc 1 138 0
  76 0012 0022     		mov	r2, #0
  77 0014 034B     		ldr	r3, .L6+4
  78 0016 1A70     		strb	r2, [r3]
  79              	.L5:
 139:.\Generated_Source\PSoC4/zigbee_PM.c ****         }
 140:.\Generated_Source\PSoC4/zigbee_PM.c ****     #endif /* End zigbee_RX_ENABLED || zigbee_HD_ENABLED*/
 141:.\Generated_Source\PSoC4/zigbee_PM.c **** 
 142:.\Generated_Source\PSoC4/zigbee_PM.c ****     zigbee_Stop();
  80              		.loc 1 142 0
  81 0018 FFF7FEFF 		bl	zigbee_Stop
  82              	.LVL0:
 143:.\Generated_Source\PSoC4/zigbee_PM.c ****     zigbee_SaveConfig();
 144:.\Generated_Source\PSoC4/zigbee_PM.c **** }
  83              		.loc 1 144 0
  84              		@ sp needed
ARM GAS  C:\Users\Dylan\AppData\Local\Temp\cci3jJNL.s 			page 5


  85 001c 08BD     		pop	{r3, pc}
  86              	.L7:
  87 001e C046     		.align	2
  88              	.L6:
  89 0020 93000F40 		.word	1074725011
  90 0024 00000000 		.word	.LANCHOR0
  91              		.cfi_endproc
  92              	.LFE2:
  93              		.size	zigbee_Sleep, .-zigbee_Sleep
  94              		.section	.text.zigbee_Wakeup,"ax",%progbits
  95              		.align	2
  96              		.global	zigbee_Wakeup
  97              		.code	16
  98              		.thumb_func
  99              		.type	zigbee_Wakeup, %function
 100              	zigbee_Wakeup:
 101              	.LFB3:
 145:.\Generated_Source\PSoC4/zigbee_PM.c **** 
 146:.\Generated_Source\PSoC4/zigbee_PM.c **** 
 147:.\Generated_Source\PSoC4/zigbee_PM.c **** /*******************************************************************************
 148:.\Generated_Source\PSoC4/zigbee_PM.c **** * Function Name: zigbee_Wakeup
 149:.\Generated_Source\PSoC4/zigbee_PM.c **** ********************************************************************************
 150:.\Generated_Source\PSoC4/zigbee_PM.c **** *
 151:.\Generated_Source\PSoC4/zigbee_PM.c **** * Summary:
 152:.\Generated_Source\PSoC4/zigbee_PM.c **** *  This is the preferred API to restore the component to the state when 
 153:.\Generated_Source\PSoC4/zigbee_PM.c **** *  zigbee_Sleep() was called. The zigbee_Wakeup() function
 154:.\Generated_Source\PSoC4/zigbee_PM.c **** *  calls the zigbee_RestoreConfig() function to restore the 
 155:.\Generated_Source\PSoC4/zigbee_PM.c **** *  configuration. If the component was enabled before the 
 156:.\Generated_Source\PSoC4/zigbee_PM.c **** *  zigbee_Sleep() function was called, the zigbee_Wakeup()
 157:.\Generated_Source\PSoC4/zigbee_PM.c **** *  function will also re-enable the component.
 158:.\Generated_Source\PSoC4/zigbee_PM.c **** *
 159:.\Generated_Source\PSoC4/zigbee_PM.c **** * Parameters:
 160:.\Generated_Source\PSoC4/zigbee_PM.c **** *  None.
 161:.\Generated_Source\PSoC4/zigbee_PM.c **** *
 162:.\Generated_Source\PSoC4/zigbee_PM.c **** * Return:
 163:.\Generated_Source\PSoC4/zigbee_PM.c **** *  None.
 164:.\Generated_Source\PSoC4/zigbee_PM.c **** *
 165:.\Generated_Source\PSoC4/zigbee_PM.c **** * Global Variables:
 166:.\Generated_Source\PSoC4/zigbee_PM.c **** *  zigbee_backup - used when non-retention registers are restored.
 167:.\Generated_Source\PSoC4/zigbee_PM.c **** *
 168:.\Generated_Source\PSoC4/zigbee_PM.c **** * Reentrant:
 169:.\Generated_Source\PSoC4/zigbee_PM.c **** *  No.
 170:.\Generated_Source\PSoC4/zigbee_PM.c **** *
 171:.\Generated_Source\PSoC4/zigbee_PM.c **** *******************************************************************************/
 172:.\Generated_Source\PSoC4/zigbee_PM.c **** void zigbee_Wakeup(void)
 173:.\Generated_Source\PSoC4/zigbee_PM.c **** {
 102              		.loc 1 173 0
 103              		.cfi_startproc
 104 0000 08B5     		push	{r3, lr}
 105              		.cfi_def_cfa_offset 8
 106              		.cfi_offset 3, -8
 107              		.cfi_offset 14, -4
 174:.\Generated_Source\PSoC4/zigbee_PM.c ****     zigbee_RestoreConfig();
 175:.\Generated_Source\PSoC4/zigbee_PM.c ****     #if( (zigbee_RX_ENABLED) || (zigbee_HD_ENABLED) )
 176:.\Generated_Source\PSoC4/zigbee_PM.c ****         zigbee_ClearRxBuffer();
 177:.\Generated_Source\PSoC4/zigbee_PM.c ****     #endif /* End (zigbee_RX_ENABLED) || (zigbee_HD_ENABLED) */
 178:.\Generated_Source\PSoC4/zigbee_PM.c ****     #if(zigbee_TX_ENABLED || zigbee_HD_ENABLED)
ARM GAS  C:\Users\Dylan\AppData\Local\Temp\cci3jJNL.s 			page 6


 179:.\Generated_Source\PSoC4/zigbee_PM.c ****         zigbee_ClearTxBuffer();
 108              		.loc 1 179 0
 109 0002 FFF7FEFF 		bl	zigbee_ClearTxBuffer
 110              	.LVL1:
 180:.\Generated_Source\PSoC4/zigbee_PM.c ****     #endif /* End zigbee_TX_ENABLED || zigbee_HD_ENABLED */
 181:.\Generated_Source\PSoC4/zigbee_PM.c **** 
 182:.\Generated_Source\PSoC4/zigbee_PM.c ****     if(zigbee_backup.enableState != 0u)
 111              		.loc 1 182 0
 112 0006 034B     		ldr	r3, .L10
 113 0008 1B78     		ldrb	r3, [r3]
 114 000a 002B     		cmp	r3, #0
 115 000c 01D0     		beq	.L8
 183:.\Generated_Source\PSoC4/zigbee_PM.c ****     {
 184:.\Generated_Source\PSoC4/zigbee_PM.c ****         zigbee_Enable();
 116              		.loc 1 184 0
 117 000e FFF7FEFF 		bl	zigbee_Enable
 118              	.LVL2:
 119              	.L8:
 185:.\Generated_Source\PSoC4/zigbee_PM.c ****     }
 186:.\Generated_Source\PSoC4/zigbee_PM.c **** }
 120              		.loc 1 186 0
 121              		@ sp needed
 122 0012 08BD     		pop	{r3, pc}
 123              	.L11:
 124              		.align	2
 125              	.L10:
 126 0014 00000000 		.word	.LANCHOR0
 127              		.cfi_endproc
 128              	.LFE3:
 129              		.size	zigbee_Wakeup, .-zigbee_Wakeup
 130              		.bss
 131              		.align	2
 132              		.set	.LANCHOR0,. + 0
 133              		.type	zigbee_backup, %object
 134              		.size	zigbee_backup, 1
 135              	zigbee_backup:
 136 0000 00       		.space	1
 137 0001 000000   		.text
 138              	.Letext0:
 139              		.file 2 ".\\Generated_Source\\PSoC4\\cytypes.h"
 140              		.file 3 ".\\Generated_Source\\PSoC4\\zigbee.h"
 141              		.section	.debug_info,"",%progbits
 142              	.Ldebug_info0:
 143 0000 53010000 		.4byte	0x153
 144 0004 0400     		.2byte	0x4
 145 0006 00000000 		.4byte	.Ldebug_abbrev0
 146 000a 04       		.byte	0x4
 147 000b 01       		.uleb128 0x1
 148 000c 5B010000 		.4byte	.LASF23
 149 0010 01       		.byte	0x1
 150 0011 36010000 		.4byte	.LASF24
 151 0015 E9010000 		.4byte	.LASF25
 152 0019 00000000 		.4byte	.Ldebug_ranges0+0
 153 001d 00000000 		.4byte	0
 154 0021 00000000 		.4byte	.Ldebug_line0
 155 0025 02       		.uleb128 0x2
 156 0026 01       		.byte	0x1
ARM GAS  C:\Users\Dylan\AppData\Local\Temp\cci3jJNL.s 			page 7


 157 0027 06       		.byte	0x6
 158 0028 18010000 		.4byte	.LASF0
 159 002c 02       		.uleb128 0x2
 160 002d 01       		.byte	0x1
 161 002e 08       		.byte	0x8
 162 002f D1000000 		.4byte	.LASF1
 163 0033 02       		.uleb128 0x2
 164 0034 02       		.byte	0x2
 165 0035 05       		.byte	0x5
 166 0036 ED000000 		.4byte	.LASF2
 167 003a 02       		.uleb128 0x2
 168 003b 02       		.byte	0x2
 169 003c 07       		.byte	0x7
 170 003d 0E000000 		.4byte	.LASF3
 171 0041 02       		.uleb128 0x2
 172 0042 04       		.byte	0x4
 173 0043 05       		.byte	0x5
 174 0044 E4000000 		.4byte	.LASF4
 175 0048 02       		.uleb128 0x2
 176 0049 04       		.byte	0x4
 177 004a 07       		.byte	0x7
 178 004b 4E000000 		.4byte	.LASF5
 179 004f 02       		.uleb128 0x2
 180 0050 08       		.byte	0x8
 181 0051 05       		.byte	0x5
 182 0052 00000000 		.4byte	.LASF6
 183 0056 02       		.uleb128 0x2
 184 0057 08       		.byte	0x8
 185 0058 07       		.byte	0x7
 186 0059 60000000 		.4byte	.LASF7
 187 005d 03       		.uleb128 0x3
 188 005e 04       		.byte	0x4
 189 005f 05       		.byte	0x5
 190 0060 696E7400 		.ascii	"int\000"
 191 0064 02       		.uleb128 0x2
 192 0065 04       		.byte	0x4
 193 0066 07       		.byte	0x7
 194 0067 2D000000 		.4byte	.LASF8
 195 006b 04       		.uleb128 0x4
 196 006c 48000000 		.4byte	.LASF12
 197 0070 02       		.byte	0x2
 198 0071 C2       		.byte	0xc2
 199 0072 2C000000 		.4byte	0x2c
 200 0076 02       		.uleb128 0x2
 201 0077 04       		.byte	0x4
 202 0078 04       		.byte	0x4
 203 0079 3A020000 		.4byte	.LASF9
 204 007d 02       		.uleb128 0x2
 205 007e 08       		.byte	0x8
 206 007f 04       		.byte	0x4
 207 0080 03010000 		.4byte	.LASF10
 208 0084 02       		.uleb128 0x2
 209 0085 01       		.byte	0x1
 210 0086 08       		.byte	0x8
 211 0087 DF000000 		.4byte	.LASF11
 212 008b 05       		.uleb128 0x5
 213 008c 40020000 		.4byte	.LASF13
ARM GAS  C:\Users\Dylan\AppData\Local\Temp\cci3jJNL.s 			page 8


 214 0090 02       		.byte	0x2
 215 0091 6C01     		.2byte	0x16c
 216 0093 97000000 		.4byte	0x97
 217 0097 06       		.uleb128 0x6
 218 0098 6B000000 		.4byte	0x6b
 219 009c 02       		.uleb128 0x2
 220 009d 04       		.byte	0x4
 221 009e 07       		.byte	0x7
 222 009f 45020000 		.4byte	.LASF14
 223 00a3 07       		.uleb128 0x7
 224 00a4 4E020000 		.4byte	.LASF26
 225 00a8 01       		.byte	0x1
 226 00a9 03       		.byte	0x3
 227 00aa 45       		.byte	0x45
 228 00ab BC000000 		.4byte	0xbc
 229 00af 08       		.uleb128 0x8
 230 00b0 21000000 		.4byte	.LASF27
 231 00b4 03       		.byte	0x3
 232 00b5 47       		.byte	0x47
 233 00b6 6B000000 		.4byte	0x6b
 234 00ba 00       		.byte	0
 235 00bb 00       		.byte	0
 236 00bc 04       		.uleb128 0x4
 237 00bd A7000000 		.4byte	.LASF15
 238 00c1 03       		.byte	0x3
 239 00c2 4D       		.byte	0x4d
 240 00c3 A3000000 		.4byte	0xa3
 241 00c7 09       		.uleb128 0x9
 242 00c8 24010000 		.4byte	.LASF16
 243 00cc 01       		.byte	0x1
 244 00cd 36       		.byte	0x36
 245 00ce 00000000 		.4byte	.LFB0
 246 00d2 02000000 		.4byte	.LFE0-.LFB0
 247 00d6 01       		.uleb128 0x1
 248 00d7 9C       		.byte	0x9c
 249 00d8 09       		.uleb128 0x9
 250 00d9 77000000 		.4byte	.LASF17
 251 00dd 01       		.byte	0x1
 252 00de 57       		.byte	0x57
 253 00df 00000000 		.4byte	.LFB1
 254 00e3 02000000 		.4byte	.LFE1-.LFB1
 255 00e7 01       		.uleb128 0x1
 256 00e8 9C       		.byte	0x9c
 257 00e9 0A       		.uleb128 0xa
 258 00ea 9A000000 		.4byte	.LASF18
 259 00ee 01       		.byte	0x1
 260 00ef 78       		.byte	0x78
 261 00f0 00000000 		.4byte	.LFB2
 262 00f4 28000000 		.4byte	.LFE2-.LFB2
 263 00f8 01       		.uleb128 0x1
 264 00f9 9C       		.byte	0x9c
 265 00fa 08010000 		.4byte	0x108
 266 00fe 0B       		.uleb128 0xb
 267 00ff 1C000000 		.4byte	.LVL0
 268 0103 41010000 		.4byte	0x141
 269 0107 00       		.byte	0
 270 0108 0A       		.uleb128 0xa
ARM GAS  C:\Users\Dylan\AppData\Local\Temp\cci3jJNL.s 			page 9


 271 0109 0A010000 		.4byte	.LASF19
 272 010d 01       		.byte	0x1
 273 010e AC       		.byte	0xac
 274 010f 00000000 		.4byte	.LFB3
 275 0113 18000000 		.4byte	.LFE3-.LFB3
 276 0117 01       		.uleb128 0x1
 277 0118 9C       		.byte	0x9c
 278 0119 30010000 		.4byte	0x130
 279 011d 0B       		.uleb128 0xb
 280 011e 06000000 		.4byte	.LVL1
 281 0122 48010000 		.4byte	0x148
 282 0126 0B       		.uleb128 0xb
 283 0127 12000000 		.4byte	.LVL2
 284 012b 4F010000 		.4byte	0x14f
 285 012f 00       		.byte	0
 286 0130 0C       		.uleb128 0xc
 287 0131 8C000000 		.4byte	.LASF28
 288 0135 01       		.byte	0x1
 289 0136 18       		.byte	0x18
 290 0137 BC000000 		.4byte	0xbc
 291 013b 05       		.uleb128 0x5
 292 013c 03       		.byte	0x3
 293 013d 00000000 		.4byte	zigbee_backup
 294 0141 0D       		.uleb128 0xd
 295 0142 F7000000 		.4byte	.LASF20
 296 0146 03       		.byte	0x3
 297 0147 55       		.byte	0x55
 298 0148 0D       		.uleb128 0xd
 299 0149 BC000000 		.4byte	.LASF21
 300 014d 03       		.byte	0x3
 301 014e 8F       		.byte	0x8f
 302 014f 0D       		.uleb128 0xd
 303 0150 3A000000 		.4byte	.LASF22
 304 0154 03       		.byte	0x3
 305 0155 5A       		.byte	0x5a
 306 0156 00       		.byte	0
 307              		.section	.debug_abbrev,"",%progbits
 308              	.Ldebug_abbrev0:
 309 0000 01       		.uleb128 0x1
 310 0001 11       		.uleb128 0x11
 311 0002 01       		.byte	0x1
 312 0003 25       		.uleb128 0x25
 313 0004 0E       		.uleb128 0xe
 314 0005 13       		.uleb128 0x13
 315 0006 0B       		.uleb128 0xb
 316 0007 03       		.uleb128 0x3
 317 0008 0E       		.uleb128 0xe
 318 0009 1B       		.uleb128 0x1b
 319 000a 0E       		.uleb128 0xe
 320 000b 55       		.uleb128 0x55
 321 000c 17       		.uleb128 0x17
 322 000d 11       		.uleb128 0x11
 323 000e 01       		.uleb128 0x1
 324 000f 10       		.uleb128 0x10
 325 0010 17       		.uleb128 0x17
 326 0011 00       		.byte	0
 327 0012 00       		.byte	0
ARM GAS  C:\Users\Dylan\AppData\Local\Temp\cci3jJNL.s 			page 10


 328 0013 02       		.uleb128 0x2
 329 0014 24       		.uleb128 0x24
 330 0015 00       		.byte	0
 331 0016 0B       		.uleb128 0xb
 332 0017 0B       		.uleb128 0xb
 333 0018 3E       		.uleb128 0x3e
 334 0019 0B       		.uleb128 0xb
 335 001a 03       		.uleb128 0x3
 336 001b 0E       		.uleb128 0xe
 337 001c 00       		.byte	0
 338 001d 00       		.byte	0
 339 001e 03       		.uleb128 0x3
 340 001f 24       		.uleb128 0x24
 341 0020 00       		.byte	0
 342 0021 0B       		.uleb128 0xb
 343 0022 0B       		.uleb128 0xb
 344 0023 3E       		.uleb128 0x3e
 345 0024 0B       		.uleb128 0xb
 346 0025 03       		.uleb128 0x3
 347 0026 08       		.uleb128 0x8
 348 0027 00       		.byte	0
 349 0028 00       		.byte	0
 350 0029 04       		.uleb128 0x4
 351 002a 16       		.uleb128 0x16
 352 002b 00       		.byte	0
 353 002c 03       		.uleb128 0x3
 354 002d 0E       		.uleb128 0xe
 355 002e 3A       		.uleb128 0x3a
 356 002f 0B       		.uleb128 0xb
 357 0030 3B       		.uleb128 0x3b
 358 0031 0B       		.uleb128 0xb
 359 0032 49       		.uleb128 0x49
 360 0033 13       		.uleb128 0x13
 361 0034 00       		.byte	0
 362 0035 00       		.byte	0
 363 0036 05       		.uleb128 0x5
 364 0037 16       		.uleb128 0x16
 365 0038 00       		.byte	0
 366 0039 03       		.uleb128 0x3
 367 003a 0E       		.uleb128 0xe
 368 003b 3A       		.uleb128 0x3a
 369 003c 0B       		.uleb128 0xb
 370 003d 3B       		.uleb128 0x3b
 371 003e 05       		.uleb128 0x5
 372 003f 49       		.uleb128 0x49
 373 0040 13       		.uleb128 0x13
 374 0041 00       		.byte	0
 375 0042 00       		.byte	0
 376 0043 06       		.uleb128 0x6
 377 0044 35       		.uleb128 0x35
 378 0045 00       		.byte	0
 379 0046 49       		.uleb128 0x49
 380 0047 13       		.uleb128 0x13
 381 0048 00       		.byte	0
 382 0049 00       		.byte	0
 383 004a 07       		.uleb128 0x7
 384 004b 13       		.uleb128 0x13
ARM GAS  C:\Users\Dylan\AppData\Local\Temp\cci3jJNL.s 			page 11


 385 004c 01       		.byte	0x1
 386 004d 03       		.uleb128 0x3
 387 004e 0E       		.uleb128 0xe
 388 004f 0B       		.uleb128 0xb
 389 0050 0B       		.uleb128 0xb
 390 0051 3A       		.uleb128 0x3a
 391 0052 0B       		.uleb128 0xb
 392 0053 3B       		.uleb128 0x3b
 393 0054 0B       		.uleb128 0xb
 394 0055 01       		.uleb128 0x1
 395 0056 13       		.uleb128 0x13
 396 0057 00       		.byte	0
 397 0058 00       		.byte	0
 398 0059 08       		.uleb128 0x8
 399 005a 0D       		.uleb128 0xd
 400 005b 00       		.byte	0
 401 005c 03       		.uleb128 0x3
 402 005d 0E       		.uleb128 0xe
 403 005e 3A       		.uleb128 0x3a
 404 005f 0B       		.uleb128 0xb
 405 0060 3B       		.uleb128 0x3b
 406 0061 0B       		.uleb128 0xb
 407 0062 49       		.uleb128 0x49
 408 0063 13       		.uleb128 0x13
 409 0064 38       		.uleb128 0x38
 410 0065 0B       		.uleb128 0xb
 411 0066 00       		.byte	0
 412 0067 00       		.byte	0
 413 0068 09       		.uleb128 0x9
 414 0069 2E       		.uleb128 0x2e
 415 006a 00       		.byte	0
 416 006b 3F       		.uleb128 0x3f
 417 006c 19       		.uleb128 0x19
 418 006d 03       		.uleb128 0x3
 419 006e 0E       		.uleb128 0xe
 420 006f 3A       		.uleb128 0x3a
 421 0070 0B       		.uleb128 0xb
 422 0071 3B       		.uleb128 0x3b
 423 0072 0B       		.uleb128 0xb
 424 0073 27       		.uleb128 0x27
 425 0074 19       		.uleb128 0x19
 426 0075 11       		.uleb128 0x11
 427 0076 01       		.uleb128 0x1
 428 0077 12       		.uleb128 0x12
 429 0078 06       		.uleb128 0x6
 430 0079 40       		.uleb128 0x40
 431 007a 18       		.uleb128 0x18
 432 007b 9742     		.uleb128 0x2117
 433 007d 19       		.uleb128 0x19
 434 007e 00       		.byte	0
 435 007f 00       		.byte	0
 436 0080 0A       		.uleb128 0xa
 437 0081 2E       		.uleb128 0x2e
 438 0082 01       		.byte	0x1
 439 0083 3F       		.uleb128 0x3f
 440 0084 19       		.uleb128 0x19
 441 0085 03       		.uleb128 0x3
ARM GAS  C:\Users\Dylan\AppData\Local\Temp\cci3jJNL.s 			page 12


 442 0086 0E       		.uleb128 0xe
 443 0087 3A       		.uleb128 0x3a
 444 0088 0B       		.uleb128 0xb
 445 0089 3B       		.uleb128 0x3b
 446 008a 0B       		.uleb128 0xb
 447 008b 27       		.uleb128 0x27
 448 008c 19       		.uleb128 0x19
 449 008d 11       		.uleb128 0x11
 450 008e 01       		.uleb128 0x1
 451 008f 12       		.uleb128 0x12
 452 0090 06       		.uleb128 0x6
 453 0091 40       		.uleb128 0x40
 454 0092 18       		.uleb128 0x18
 455 0093 9742     		.uleb128 0x2117
 456 0095 19       		.uleb128 0x19
 457 0096 01       		.uleb128 0x1
 458 0097 13       		.uleb128 0x13
 459 0098 00       		.byte	0
 460 0099 00       		.byte	0
 461 009a 0B       		.uleb128 0xb
 462 009b 898201   		.uleb128 0x4109
 463 009e 00       		.byte	0
 464 009f 11       		.uleb128 0x11
 465 00a0 01       		.uleb128 0x1
 466 00a1 31       		.uleb128 0x31
 467 00a2 13       		.uleb128 0x13
 468 00a3 00       		.byte	0
 469 00a4 00       		.byte	0
 470 00a5 0C       		.uleb128 0xc
 471 00a6 34       		.uleb128 0x34
 472 00a7 00       		.byte	0
 473 00a8 03       		.uleb128 0x3
 474 00a9 0E       		.uleb128 0xe
 475 00aa 3A       		.uleb128 0x3a
 476 00ab 0B       		.uleb128 0xb
 477 00ac 3B       		.uleb128 0x3b
 478 00ad 0B       		.uleb128 0xb
 479 00ae 49       		.uleb128 0x49
 480 00af 13       		.uleb128 0x13
 481 00b0 02       		.uleb128 0x2
 482 00b1 18       		.uleb128 0x18
 483 00b2 00       		.byte	0
 484 00b3 00       		.byte	0
 485 00b4 0D       		.uleb128 0xd
 486 00b5 2E       		.uleb128 0x2e
 487 00b6 00       		.byte	0
 488 00b7 3F       		.uleb128 0x3f
 489 00b8 19       		.uleb128 0x19
 490 00b9 03       		.uleb128 0x3
 491 00ba 0E       		.uleb128 0xe
 492 00bb 3A       		.uleb128 0x3a
 493 00bc 0B       		.uleb128 0xb
 494 00bd 3B       		.uleb128 0x3b
 495 00be 0B       		.uleb128 0xb
 496 00bf 27       		.uleb128 0x27
 497 00c0 19       		.uleb128 0x19
 498 00c1 3C       		.uleb128 0x3c
ARM GAS  C:\Users\Dylan\AppData\Local\Temp\cci3jJNL.s 			page 13


 499 00c2 19       		.uleb128 0x19
 500 00c3 00       		.byte	0
 501 00c4 00       		.byte	0
 502 00c5 00       		.byte	0
 503              		.section	.debug_aranges,"",%progbits
 504 0000 34000000 		.4byte	0x34
 505 0004 0200     		.2byte	0x2
 506 0006 00000000 		.4byte	.Ldebug_info0
 507 000a 04       		.byte	0x4
 508 000b 00       		.byte	0
 509 000c 0000     		.2byte	0
 510 000e 0000     		.2byte	0
 511 0010 00000000 		.4byte	.LFB0
 512 0014 02000000 		.4byte	.LFE0-.LFB0
 513 0018 00000000 		.4byte	.LFB1
 514 001c 02000000 		.4byte	.LFE1-.LFB1
 515 0020 00000000 		.4byte	.LFB2
 516 0024 28000000 		.4byte	.LFE2-.LFB2
 517 0028 00000000 		.4byte	.LFB3
 518 002c 18000000 		.4byte	.LFE3-.LFB3
 519 0030 00000000 		.4byte	0
 520 0034 00000000 		.4byte	0
 521              		.section	.debug_ranges,"",%progbits
 522              	.Ldebug_ranges0:
 523 0000 00000000 		.4byte	.LFB0
 524 0004 02000000 		.4byte	.LFE0
 525 0008 00000000 		.4byte	.LFB1
 526 000c 02000000 		.4byte	.LFE1
 527 0010 00000000 		.4byte	.LFB2
 528 0014 28000000 		.4byte	.LFE2
 529 0018 00000000 		.4byte	.LFB3
 530 001c 18000000 		.4byte	.LFE3
 531 0020 00000000 		.4byte	0
 532 0024 00000000 		.4byte	0
 533              		.section	.debug_line,"",%progbits
 534              	.Ldebug_line0:
 535 0000 A6000000 		.section	.debug_str,"MS",%progbits,1
 535      02005400 
 535      00000201 
 535      FB0E0D00 
 535      01010101 
 536              	.LASF6:
 537 0000 6C6F6E67 		.ascii	"long long int\000"
 537      206C6F6E 
 537      6720696E 
 537      7400
 538              	.LASF3:
 539 000e 73686F72 		.ascii	"short unsigned int\000"
 539      7420756E 
 539      7369676E 
 539      65642069 
 539      6E7400
 540              	.LASF27:
 541 0021 656E6162 		.ascii	"enableState\000"
 541      6C655374 
 541      61746500 
 542              	.LASF8:
ARM GAS  C:\Users\Dylan\AppData\Local\Temp\cci3jJNL.s 			page 14


 543 002d 756E7369 		.ascii	"unsigned int\000"
 543      676E6564 
 543      20696E74 
 543      00
 544              	.LASF22:
 545 003a 7A696762 		.ascii	"zigbee_Enable\000"
 545      65655F45 
 545      6E61626C 
 545      6500
 546              	.LASF12:
 547 0048 75696E74 		.ascii	"uint8\000"
 547      3800
 548              	.LASF5:
 549 004e 6C6F6E67 		.ascii	"long unsigned int\000"
 549      20756E73 
 549      69676E65 
 549      6420696E 
 549      7400
 550              	.LASF7:
 551 0060 6C6F6E67 		.ascii	"long long unsigned int\000"
 551      206C6F6E 
 551      6720756E 
 551      7369676E 
 551      65642069 
 552              	.LASF17:
 553 0077 7A696762 		.ascii	"zigbee_RestoreConfig\000"
 553      65655F52 
 553      6573746F 
 553      7265436F 
 553      6E666967 
 554              	.LASF28:
 555 008c 7A696762 		.ascii	"zigbee_backup\000"
 555      65655F62 
 555      61636B75 
 555      7000
 556              	.LASF18:
 557 009a 7A696762 		.ascii	"zigbee_Sleep\000"
 557      65655F53 
 557      6C656570 
 557      00
 558              	.LASF15:
 559 00a7 7A696762 		.ascii	"zigbee_BACKUP_STRUCT\000"
 559      65655F42 
 559      41434B55 
 559      505F5354 
 559      52554354 
 560              	.LASF21:
 561 00bc 7A696762 		.ascii	"zigbee_ClearTxBuffer\000"
 561      65655F43 
 561      6C656172 
 561      54784275 
 561      66666572 
 562              	.LASF1:
 563 00d1 756E7369 		.ascii	"unsigned char\000"
 563      676E6564 
 563      20636861 
 563      7200
ARM GAS  C:\Users\Dylan\AppData\Local\Temp\cci3jJNL.s 			page 15


 564              	.LASF11:
 565 00df 63686172 		.ascii	"char\000"
 565      00
 566              	.LASF4:
 567 00e4 6C6F6E67 		.ascii	"long int\000"
 567      20696E74 
 567      00
 568              	.LASF2:
 569 00ed 73686F72 		.ascii	"short int\000"
 569      7420696E 
 569      7400
 570              	.LASF20:
 571 00f7 7A696762 		.ascii	"zigbee_Stop\000"
 571      65655F53 
 571      746F7000 
 572              	.LASF10:
 573 0103 646F7562 		.ascii	"double\000"
 573      6C6500
 574              	.LASF19:
 575 010a 7A696762 		.ascii	"zigbee_Wakeup\000"
 575      65655F57 
 575      616B6575 
 575      7000
 576              	.LASF0:
 577 0118 7369676E 		.ascii	"signed char\000"
 577      65642063 
 577      68617200 
 578              	.LASF16:
 579 0124 7A696762 		.ascii	"zigbee_SaveConfig\000"
 579      65655F53 
 579      61766543 
 579      6F6E6669 
 579      6700
 580              	.LASF24:
 581 0136 2E5C4765 		.ascii	".\\Generated_Source\\PSoC4\\zigbee_PM.c\000"
 581      6E657261 
 581      7465645F 
 581      536F7572 
 581      63655C50 
 582              	.LASF23:
 583 015b 474E5520 		.ascii	"GNU C 4.9.3 20150303 (release) [ARM/embedded-4_9-br"
 583      4320342E 
 583      392E3320 
 583      32303135 
 583      30333033 
 584 018e 616E6368 		.ascii	"anch revision 221220] -mcpu=cortex-m0 -mthumb -g -O"
 584      20726576 
 584      6973696F 
 584      6E203232 
 584      31323230 
 585 01c1 67202D66 		.ascii	"g -ffunction-sections -ffat-lto-objects\000"
 585      66756E63 
 585      74696F6E 
 585      2D736563 
 585      74696F6E 
 586              	.LASF25:
 587 01e9 433A5C55 		.ascii	"C:\\Users\\Dylan\\Desktop\\ADXL345_sleep_xbee_wdt_t"
ARM GAS  C:\Users\Dylan\AppData\Local\Temp\cci3jJNL.s 			page 16


 587      73657273 
 587      5C44796C 
 587      616E5C44 
 587      65736B74 
 588 0218 6F706465 		.ascii	"opdesign\\ADXL345_sleep_xbee.cydsn\000"
 588      7369676E 
 588      5C414458 
 588      4C333435 
 588      5F736C65 
 589              	.LASF9:
 590 023a 666C6F61 		.ascii	"float\000"
 590      7400
 591              	.LASF13:
 592 0240 72656738 		.ascii	"reg8\000"
 592      00
 593              	.LASF14:
 594 0245 73697A65 		.ascii	"sizetype\000"
 594      74797065 
 594      00
 595              	.LASF26:
 596 024e 7A696762 		.ascii	"zigbee_backupStruct_\000"
 596      65655F62 
 596      61636B75 
 596      70537472 
 596      7563745F 
 597              		.ident	"GCC: (GNU Tools for ARM Embedded Processors) 4.9.3 20150303 (release) [ARM/embedded-4_9-br
